#
# A fatal error has been detected by the Java Runtime Environment:
#
#  EXCEPTION_ACCESS_VIOLATION (0xc0000005) at pc=0x00007ff977b3ebbf, pid=19852, tid=5472
#
# JRE version: OpenJDK Runtime Environment Microsoft-11933218 (21.0.8+9) (build 21.0.8+9-LTS)
# Java VM: OpenJDK 64-Bit Server VM Microsoft-11933218 (21.0.8+9-LTS, mixed mode, sharing, tiered, compressed oops, compressed class ptrs, g1 gc, windows-amd64)
# Problematic frame:
# C  0x00007ff977b3ebbf
#
# No core dump will be written. Minidumps are not enabled by default on client versions of Windows
#
# If you would like to submit a bug report, please visit:
#   https://github.com/microsoft/openjdk/issues
# The crash happened outside the Java Virtual Machine in native code.
# See problematic frame for where to report the bug.
#

---------------  S U M M A R Y ------------

Command Line: -javaagent:C:\Program Files\JetBrains\IntelliJ IDEA 2024.2.3\lib\idea_rt.jar=58256:C:\Program Files\JetBrains\IntelliJ IDEA 2024.2.3\bin -Dfile.encoding=UTF-8 -Dsun.stdout.encoding=UTF-8 -Dsun.stderr.encoding=UTF-8 --module-path=C:\Users\Makar\.m2\repository\org\controlsfx\controlsfx\11.2.1\controlsfx-11.2.1.jar;C:\Users\Makar\.m2\repository\org\xerial\sqlite-jdbc\3.45.1.0\sqlite-jdbc-3.45.1.0.jar;C:\Users\Makar\.m2\repository\eu\hansolo\tilesfx\21.0.3\tilesfx-21.0.3.jar;C:\Users\Makar\.m2\repository\eu\hansolo\toolbox\21.0.5\toolbox-21.0.5.jar;C:\Users\Makar\.m2\repository\eu\hansolo\fx\heatmap\21.0.3\heatmap-21.0.3.jar;C:\Users\Makar\.m2\repository\org\openjfx\javafx-web\22.0.1\javafx-web-22.0.1-win.jar;C:\Users\Makar\.m2\repository\org\kordamp\ikonli\ikonli-core\12.3.1\ikonli-core-12.3.1.jar;C:\Users\Makar\.m2\repository\eu\hansolo\fx\countries\21.0.3\countries-21.0.3.jar;C:\Users\Makar\.m2\repository\org\openjfx\javafx-base\22.0.1\javafx-base-22.0.1-win.jar;C:\Users\Makar\.m2\repository\net\synedra\validatorfx\0.5.0\validatorfx-0.5.0.jar;C:\Users\Makar\.m2\repository\org\openjfx\javafx-swing\22.0.1\javafx-swing-22.0.1-win.jar;C:\Users\Makar\.m2\repository\org\slf4j\slf4j-api\2.0.17\slf4j-api-2.0.17.jar;C:\Users\Makar\.m2\repository\net\sourceforge\tess4j\tess4j\5.11.0\tess4j-5.11.0.jar;C:\Users\Makar\IdeaProjects\java-project\ScreenObjectsExtractor\target\classes;C:\Users\Makar\.m2\repository\com\dlsc\formsfx\formsfx-core\11.6.0\formsfx-core-11.6.0.jar;C:\Users\Makar\.m2\repository\org\openjfx\javafx-graphics\22.0.1\javafx-graphics-22.0.1-win.jar;C:\Users\Makar\.m2\repository\eu\hansolo\toolboxfx\21.0.3\toolboxfx-21.0.3.jar;C:\Users\Makar\.m2\repository\org\slf4j\slf4j-simple\2.0.7\slf4j-simple-2.0.7.jar;C:\Users\Makar\.m2\repository\org\openjfx\javafx-controls\22.0.1\javafx-controls-22.0.1-win.jar;C:\Users\Makar\.m2\repository\org\openjfx\javafx-media\22.0.1\javafx-media-22.0.1-win.jar;C:\Users\Makar\.m2\repository\org\kordamp\ikonli\ikonli-javafx\12.3.1\ikonli-javafx-12.3.1.jar;C:\Users\Makar\.m2\repository\org\openjfx\javafx-fxml\22.0.1\javafx-fxml-22.0.1-win.jar;C:\Users\Makar\.m2\repository\com\microsoft\onnxruntime\onnxruntime\1.23.2\onnxruntime-1.23.2.jar;C:\Users\-Djdk.module.main=org.makar.ocrapp.screenobjectsextractor org.makar.ocrapp.screenobjectsextractor/org.makar.ocrapp.screenobjectsextractor.MainApplication

Host: 12th Gen Intel(R) Core(TM) i5-12450H, 12 cores, 15G,  Windows 10 , 64 bit Build 19041 (10.0.19041.5915)
Time: Wed Feb 25 23:32:53 2026 elapsed time: 12.773329 seconds (0d 0h 0m 12s)

---------------  T H R E A D  ---------------

Current thread (0x000001d5ff3d8130):  JavaThread "pool-2-thread-2"        [_thread_in_native, id=5472, stack(0x000000428a600000,0x000000428a700000) (1024K)]

Stack: [0x000000428a600000,0x000000428a700000],  sp=0x000000428a6fc5e0,  free space=1009k
Native frames: (J=compiled Java code, j=interpreted, Vv=VM code, C=native code)
C  0x00007ff977b3ebbf

Java frames: (J=compiled Java code, j=interpreted, Vv=VM code)
j  ai.onnxruntime.OrtSession.run(JJJ[Ljava/lang/String;[JJ[Ljava/lang/String;J[Lai/onnxruntime/OnnxValue;[JJ)[Z+0 com.microsoft.onnxruntime@1.23.2
j  ai.onnxruntime.OrtSession.run(Ljava/util/Map;Ljava/util/Set;Ljava/util/Map;Lai/onnxruntime/OrtSession$RunOptions;)Lai/onnxruntime/OrtSession$Result;+722 com.microsoft.onnxruntime@1.23.2
j  ai.onnxruntime.OrtSession.run(Ljava/util/Map;Ljava/util/Set;)Lai/onnxruntime/OrtSession$Result;+7 com.microsoft.onnxruntime@1.23.2
j  ai.onnxruntime.OrtSession.run(Ljava/util/Map;)Lai/onnxruntime/OrtSession$Result;+6 com.microsoft.onnxruntime@1.23.2
j  org.makar.ocrapp.screenobjectsextractor.model.infrastructure.ai.objectdetection.YoloModelRunner.runModel(Ljava/awt/image/BufferedImage;)Lai/onnxruntime/OrtSession$Result;+33 org.makar.ocrapp.screenobjectsextractor
j  org.makar.ocrapp.screenobjectsextractor.model.infrastructure.ai.objectdetection.ObjectDetectionService.detectObjects(Ljava/awt/image/BufferedImage;)Lai/djl/modality/cv/output/DetectedObjects;+54 org.makar.ocrapp.screenobjectsextractor
j  org.makar.ocrapp.screenobjectsextractor.model.infrastructure.ai.cvServicesOrchestrator.detectObjects(Ljava/awt/image/BufferedImage;J)Lai/djl/modality/cv/output/DetectedObjects;+25 org.makar.ocrapp.screenobjectsextractor
j  org.makar.ocrapp.screenobjectsextractor.model.infrastructure.ai.ImageAnalysisManager.lambda$detectObjectsAsync$1(Ljava/awt/image/BufferedImage;J)Lai/djl/modality/cv/output/DetectedObjects;+17 org.makar.ocrapp.screenobjectsextractor
j  org.makar.ocrapp.screenobjectsextractor.model.infrastructure.ai.ImageAnalysisManager$$Lambda+0x000001d5903215c0.get()Ljava/lang/Object;+12 org.makar.ocrapp.screenobjectsextractor
j  java.util.concurrent.CompletableFuture$AsyncSupply.run()V+37 java.base@21.0.8
j  java.util.concurrent.ThreadPoolExecutor.runWorker(Ljava/util/concurrent/ThreadPoolExecutor$Worker;)V+92 java.base@21.0.8
j  java.util.concurrent.ThreadPoolExecutor$Worker.run()V+5 java.base@21.0.8
j  java.lang.Thread.runWith(Ljava/lang/Object;Ljava/lang/Runnable;)V+5 java.base@21.0.8
j  java.lang.Thread.run()V+19 java.base@21.0.8
v  ~StubRoutines::call_stub 0x000001d58753100d

siginfo: EXCEPTION_ACCESS_VIOLATION (0xc0000005), reading address 0x000001d5d6440038


Registers:
RAX=0x000001d5d6440038, RBX=0x0000000000000001, RCX=0x000001d5d6440038, RDX=0x0000000000000000
RSP=0x000000428a6fc5e0, RBP=0x000001d5d5da0100, RSI=0x000001d5d643ff38, RDI=0x000001d5d64320c0
R8 =0x0000000000000002, R9 =0x0000000000001000, R10=0x000000428a6fcfc8, R11=0x000000428a6fc4f0
R12=0x0000000000000000, R13=0x0000000000000001, R14=0x000000428a6fcf50, R15=0x0000000000000317
RIP=0x00007ff977b3ebbf, EFLAGS=0x0000000000010293

XMM[0]=0x3eddea663e4d89ac 0x3da831903da348c0
XMM[1]=0xbdedc847be8e017a 0xbe4afe5abe47b328
XMM[2]=0xbe8e8024be8e5496 0xbe8dbaaebe8d0d41
XMM[3]=0x0000000000000000 0x0000000000000000
XMM[4]=0xc1900000c1900000 0xc1900000c1900000
XMM[5]=0x4190000041900000 0x4190000041900000
XMM[6]=0x0000000000000000 0x0a163ef24847ac12
XMM[7]=0x0000000000000000 0x5d90bb33fe8c88fb
XMM[8]=0x0000000000000000 0xefd3b12f679244fa
XMM[9]=0x0000000000000000 0x03eaec172c85bfef
XMM[10]=0x0000000000000000 0x00000000289ad3d8
XMM[11]=0x0000000000000000 0x201c42f44ca202e3
XMM[12]=0x0000000000000000 0x000000002c85bfef
XMM[13]=0x0000000000000000 0x0000000000000000
XMM[14]=0x0000000000000000 0x0000000000000000
XMM[15]=0x0000000000000000 0x0000000000000000
  MXCSR=0x00001fa0


Register to memory mapping:

RAX=0x000001d5d6440038 is an unknown value
RBX=0x0000000000000001 is an unknown value
RCX=0x000001d5d6440038 is an unknown value
RDX=0x0 is null
RSP=0x000000428a6fc5e0 is pointing into the stack for thread: 0x000001d5ff3d8130
RBP=0x000001d5d5da0100 points into unknown readable memory: 0x000001d5d5da00c8 | c8 00 da d5 d5 01 00 00
RSI=0x000001d5d643ff38 is an unknown value
RDI=0x000001d5d64320c0 points into unknown readable memory: 0x0000000000000002 | 02 00 00 00 00 00 00 00
R8 =0x0000000000000002 is an unknown value
R9 =0x0000000000001000 is an unknown value
R10=0x000000428a6fcfc8 is pointing into the stack for thread: 0x000001d5ff3d8130
R11=0x000000428a6fc4f0 is pointing into the stack for thread: 0x000001d5ff3d8130
R12=0x0 is null
R13=0x0000000000000001 is an unknown value
R14=0x000000428a6fcf50 is pointing into the stack for thread: 0x000001d5ff3d8130
R15=0x0000000000000317 is an unknown value

Top of Stack: (sp=0x000000428a6fc5e0)
0x000000428a6fc5e0:   0000000000000000 0000000000000001
0x000000428a6fc5f0:   000001d5d5da0100 0000000000000008
0x000000428a6fc600:   0000000000000000 00007ff97784c532
0x000000428a6fc610:   0000000000001000 000001d61160f080
0x000000428a6fc620:   00007ff978018fc0 000001d609d54020
0x000000428a6fc630:   000001d5e651df50 000001d609ae8200
0x000000428a6fc640:   0000000000000000 0000000000000020
0x000000428a6fc650:   000000000000012c 000000428a6fd010
0x000000428a6fc660:   0000000000000001 00007ff97784ccac
0x000000428a6fc670:   000000428a6fcf50 0000000000000020
0x000000428a6fc680:   000000000000012b 0000000000000001
0x000000428a6fc690:   000000428a6fcf50 00007ff977b41439
0x000000428a6fc6a0:   00007038e755c2b1 0000000000000020
0x000000428a6fc6b0:   000001d5d5da0120 000001d5d61f9580
0x000000428a6fc6c0:   000000428a6fc908 000001d5d5da0120
0x000000428a6fc6d0:   0000000000000001 00007ff977b3e724
0x000000428a6fc6e0:   0000000000000020 0000000000000008
0x000000428a6fc6f0:   0000000000000007 0000000000000000
0x000000428a6fc700:   0000000000000000 000000000000001f
0x000000428a6fc710:   00007038e755c1b1 0000000000000001
0x000000428a6fc720:   000001d5d61f9580 000000428a6fcf50
0x000000428a6fc730:   000001d5d5da0120 0000000000000008
0x000000428a6fc740:   000000428a6fc850 00007ff977b3d55b
0x000000428a6fc750:   000001d5d64320c0 000000428a6fc608
0x000000428a6fc760:   000000428a6fca58 000000428a6fca58
0x000000428a6fc770:   0000000000000001 000000428a6fc788
0x000000428a6fc780:   000000428a6fca58 00007ff977ec15a0
0x000000428a6fc790:   000000428a6fcc80 000000428a6fcb90
0x000000428a6fc7a0:   000000428a6fcf50 000000428a6fc900
0x000000428a6fc7b0:   0000000000000000 000001d5d6217da0
0x000000428a6fc7c0:   0000000000000000 000000428a6fceb8
0x000000428a6fc7d0:   000001d610cb3080 00007ff977ac424e 

Instructions: (pc=0x00007ff977b3ebbf)
0x00007ff977b3eabf:   b6 41 ff 48 2b c8 48 ff c9 48 83 c4 28 48 ff 25
0x00007ff977b3eacf:   0d 2f 2a 00 48 83 c4 28 c3 cc cc cc cc cc cc cc
0x00007ff977b3eadf:   cc 48 89 5c 24 08 57 48 83 ec 20 48 8b fa 48 8b
0x00007ff977b3eaef:   d9 48 3b ca 74 2f 48 8b 49 38 48 85 c9 74 1b 48
0x00007ff977b3eaff:   8b 01 48 3b cb 0f 95 c2 48 8b 40 20 ff 15 0f 33
0x00007ff977b3eb0f:   2a 00 48 c7 43 38 00 00 00 00 48 8b d7 48 8b cb
0x00007ff977b3eb1f:   e8 fc c3 80 ff 48 8b c3 48 8b 5c 24 30 48 83 c4
0x00007ff977b3eb2f:   20 5f c3 cc cc cc cc cc cc cc cc cc cc cc cc cc
0x00007ff977b3eb3f:   cc 40 53 55 57 41 57 48 81 ec d8 00 00 00 48 8b
0x00007ff977b3eb4f:   05 ac 9d 4d 00 48 33 c4 48 89 84 24 c0 00 00 00
0x00007ff977b3eb5f:   45 8b f8 8b da 48 8b f9 40 32 ed ff 15 a8 2c 2a
0x00007ff977b3eb6f:   00 85 c0 74 0c b9 05 00 00 00 ff 15 b9 2c 2a 00
0x00007ff977b3eb7f:   cc 8b 47 4c 3d ff ff ff 7f 75 11 ff c8 b9 06 00
0x00007ff977b3eb8f:   00 00 89 47 4c ff 15 9e 2c 2a 00 cc 4b 8d 0c ff
0x00007ff977b3eb9f:   48 89 b4 24 08 01 00 00 48 8d 34 cf 4c 89 a4 24
0x00007ff977b3ebaf:   18 01 00 00 48 8d 8e 00 01 00 00 e8 71 69 7d ff
0x00007ff977b3ebbf:   0f b6 08 88 4c 24 20 80 f9 02 0f 85 7d 01 00 00
0x00007ff977b3ebcf:   48 8d 4c 24 20 4c 89 b4 24 d0 00 00 00 c6 84 24
0x00007ff977b3ebdf:   b0 00 00 00 01 e8 57 69 7d ff 48 8d 8e 00 01 00
0x00007ff977b3ebef:   00 0f b6 d0 e8 38 69 7d ff 48 8d 8c 24 b0 00 00
0x00007ff977b3ebff:   00 4c 8b f0 e8 38 69 7d ff 0f b6 c8 0f b6 c2 f0
0x00007ff977b3ec0f:   41 0f b0 0e 0f 85 2b 01 00 00 39 9e 04 01 00 00
0x00007ff977b3ec1f:   0f 85 06 01 00 00 48 8d 8f c0 00 00 00 e8 ff 68
0x00007ff977b3ec2f:   7d ff 45 33 e4 48 8d 8e 08 01 00 00 8b 28 8b c5
0x00007ff977b3ec3f:   25 ff 03 00 00 44 89 a6 04 01 00 00 41 3b c7 74
0x00007ff977b3ec4f:   53 48 8d 54 24 30 4c 89 64 24 68 e8 81 fe ff ff
0x00007ff977b3ec5f:   48 8b 4c 24 68 48 85 c9 74 1d 48 8b 01 48 8d 54
0x00007ff977b3ec6f:   24 30 48 3b ca 0f 95 c2 48 8b 40 20 ff 15 9f 31
0x00007ff977b3ec7f:   2a 00 4c 89 64 24 68 48 8d 8c 24 b0 00 00 00 c6
0x00007ff977b3ec8f:   84 24 b0 00 00 00 03 e8 a5 68 7d ff 40 b5 01 e9
0x00007ff977b3ec9f:   9d 00 00 00 48 8d 54 24 70 4c 89 a4 24 a8 00 00
0x00007ff977b3ecaf:   00 e8 2b fe ff ff 48 8b 8c 24 a8 00 00 00 48 85 


Stack slot to memory mapping:

stack at sp + 0 slots: 0x0 is null
stack at sp + 1 slots: 0x0000000000000001 is an unknown value
stack at sp + 2 slots: 0x000001d5d5da0100 points into unknown readable memory: 0x000001d5d5da00c8 | c8 00 da d5 d5 01 00 00
stack at sp + 3 slots: 0x0000000000000008 is an unknown value
stack at sp + 4 slots: 0x0 is null
stack at sp + 5 slots: 0x00007ff97784c532 points into unknown readable memory: 48 85 db 0f 8e a5
stack at sp + 6 slots: 0x0000000000001000 is an unknown value
stack at sp + 7 slots: 0x000001d61160f080 points into unknown readable memory: 0x3e0c8bbd3e6883ab | ab 83 68 3e bd 8b 0c 3e


---------------  P R O C E S S  ---------------

Threads class SMR info:
_java_thread_list=0x000001d5d935d920, length=25, elements={
0x000001d5e9185650, 0x000001d5f93d0180, 0x000001d5f93d1090, 0x000001d5f93d2cf0,
0x000001d5f93d5ab0, 0x000001d5f93e0520, 0x000001d5f93e3db0, 0x000001d5f93e6df0,
0x000001d5f93e9c90, 0x000001d5f93e3720, 0x000001d5f93e3090, 0x000001d5f93e1650,
0x000001d5f93e0fc0, 0x000001d5f93e4440, 0x000001d5f93e1ce0, 0x000001d5f93e2370,
0x000001d5f93e2a00, 0x000001d5ff3da890, 0x000001d5ff3daf20, 0x000001d5ff3d4620,
0x000001d5ff3d5340, 0x000001d5ff3d8130, 0x000001d5ff3d87c0, 0x000001d60a231490,
0x000001d60a22f280
}

Java Threads: ( => current thread )
  0x000001d5e9185650 JavaThread "main"                              [_thread_blocked, id=11504, stack(0x0000004286300000,0x0000004286400000) (1024K)]
  0x000001d5f93d0180 JavaThread "Reference Handler"          daemon [_thread_blocked, id=5084, stack(0x0000004286b00000,0x0000004286c00000) (1024K)]
  0x000001d5f93d1090 JavaThread "Finalizer"                  daemon [_thread_blocked, id=16160, stack(0x0000004286c00000,0x0000004286d00000) (1024K)]
  0x000001d5f93d2cf0 JavaThread "Signal Dispatcher"          daemon [_thread_blocked, id=8992, stack(0x0000004286d00000,0x0000004286e00000) (1024K)]
  0x000001d5f93d5ab0 JavaThread "Attach Listener"            daemon [_thread_blocked, id=5436, stack(0x0000004286e00000,0x0000004286f00000) (1024K)]
  0x000001d5f93e0520 JavaThread "Service Thread"             daemon [_thread_blocked, id=16756, stack(0x0000004286f00000,0x0000004287000000) (1024K)]
  0x000001d5f93e3db0 JavaThread "Monitor Deflation Thread"   daemon [_thread_blocked, id=12916, stack(0x0000004287000000,0x0000004287100000) (1024K)]
  0x000001d5f93e6df0 JavaThread "C2 CompilerThread0"         daemon [_thread_blocked, id=10480, stack(0x0000004287100000,0x0000004287200000) (1024K)]
  0x000001d5f93e9c90 JavaThread "C1 CompilerThread0"         daemon [_thread_blocked, id=21076, stack(0x0000004287200000,0x0000004287300000) (1024K)]
  0x000001d5f93e3720 JavaThread "Common-Cleaner"             daemon [_thread_blocked, id=9120, stack(0x0000004287300000,0x0000004287400000) (1024K)]
  0x000001d5f93e3090 JavaThread "Monitor Ctrl-Break"         daemon [_thread_in_native, id=18888, stack(0x0000004287600000,0x0000004287700000) (1024K)]
  0x000001d5f93e1650 JavaThread "Notification Thread"        daemon [_thread_blocked, id=10300, stack(0x0000004287700000,0x0000004287800000) (1024K)]
  0x000001d5f93e0fc0 JavaThread "QuantumRenderer-0"          daemon [_thread_blocked, id=9836, stack(0x0000004287400000,0x0000004287500000) (1024K)]
  0x000001d5f93e4440 JavaThread "InvokeLaterDispatcher"      daemon [_thread_blocked, id=13372, stack(0x0000004287c00000,0x0000004287d00000) (1024K)]
  0x000001d5f93e1ce0 JavaThread "JavaFX Application Thread"         [_thread_in_native, id=17696, stack(0x0000004287d00000,0x0000004287e00000) (1024K)]
  0x000001d5f93e2370 JavaThread "Thread-1"                   daemon [_thread_in_native, id=4772, stack(0x0000004288d00000,0x0000004288e00000) (1024K)]
  0x000001d5f93e2a00 JavaThread "JavaFX-Launcher"                   [_thread_blocked, id=10656, stack(0x0000004288e00000,0x0000004288f00000) (1024K)]
  0x000001d5ff3da890 JavaThread "Prism Font Disposer"        daemon [_thread_blocked, id=13236, stack(0x0000004289000000,0x0000004289100000) (1024K)]
  0x000001d5ff3daf20 JavaThread "Cleaner-0"                  daemon [_thread_blocked, id=19956, stack(0x0000004289800000,0x0000004289900000) (1024K)]
  0x000001d5ff3d4620 JavaThread "Java2D Disposer"            daemon [_thread_blocked, id=8012, stack(0x0000004288f00000,0x0000004289000000) (1024K)]
  0x000001d5ff3d5340 JavaThread "AWT-Windows"                daemon [_thread_in_native, id=16080, stack(0x0000004289a00000,0x0000004289b00000) (1024K)]
=>0x000001d5ff3d8130 JavaThread "pool-2-thread-2"                   [_thread_in_native, id=5472, stack(0x000000428a600000,0x000000428a700000) (1024K)]
  0x000001d5ff3d87c0 JavaThread "JNA Cleaner"                daemon [_thread_blocked, id=19652, stack(0x000000428a800000,0x000000428a900000) (1024K)]
  0x000001d60a231490 JavaThread "C2 CompilerThread1"         daemon [_thread_blocked, id=5052, stack(0x0000004289b00000,0x0000004289c00000) (1024K)]
  0x000001d60a22f280 JavaThread "C2 CompilerThread2"         daemon [_thread_blocked, id=18504, stack(0x0000004289e00000,0x0000004289f00000) (1024K)]
Total: 25

Other Threads:
  0x000001d5f93b2f50 VMThread "VM Thread"                           [id=19232, stack(0x0000004286a00000,0x0000004286b00000) (1024K)]
  0x000001d5f93a0c40 WatcherThread "VM Periodic Task Thread"        [id=5896, stack(0x0000004286900000,0x0000004286a00000) (1024K)]
  0x000001d5e91edb40 WorkerThread "GC Thread#0"                     [id=6208, stack(0x0000004286400000,0x0000004286500000) (1024K)]
  0x000001d5febf36a0 WorkerThread "GC Thread#1"                     [id=16492, stack(0x0000004287500000,0x0000004287600000) (1024K)]
  0x000001d5febf3a40 WorkerThread "GC Thread#2"                     [id=780, stack(0x0000004287800000,0x0000004287900000) (1024K)]
  0x000001d5febf3de0 WorkerThread "GC Thread#3"                     [id=12620, stack(0x0000004287900000,0x0000004287a00000) (1024K)]
  0x000001d5febffa00 WorkerThread "GC Thread#4"                     [id=19756, stack(0x0000004287a00000,0x0000004287b00000) (1024K)]
  0x000001d5febfffb0 WorkerThread "GC Thread#5"                     [id=1744, stack(0x0000004287b00000,0x0000004287c00000) (1024K)]
  0x000001d5fef14440 WorkerThread "GC Thread#6"                     [id=15768, stack(0x0000004289100000,0x0000004289200000) (1024K)]
  0x000001d5fef15660 WorkerThread "GC Thread#7"                     [id=860, stack(0x0000004289200000,0x0000004289300000) (1024K)]
  0x000001d5fef147e0 WorkerThread "GC Thread#8"                     [id=12292, stack(0x0000004289300000,0x0000004289400000) (1024K)]
  0x000001d5d572b9c0 WorkerThread "GC Thread#9"                     [id=19648, stack(0x0000004289400000,0x0000004289500000) (1024K)]
  0x000001d5e9200cb0 ConcurrentGCThread "G1 Main Marker"            [id=8852, stack(0x0000004286500000,0x0000004286600000) (1024K)]
  0x000001d5e92017b0 WorkerThread "G1 Conc#0"                       [id=13088, stack(0x0000004286600000,0x0000004286700000) (1024K)]
  0x000001d5d5729920 WorkerThread "G1 Conc#1"                       [id=3060, stack(0x0000004289c00000,0x0000004289d00000) (1024K)]
  0x000001d5d57291e0 WorkerThread "G1 Conc#2"                       [id=15376, stack(0x0000004289d00000,0x0000004289e00000) (1024K)]
  0x000001d5e924e8d0 ConcurrentGCThread "G1 Refine#0"               [id=19996, stack(0x0000004286700000,0x0000004286800000) (1024K)]
  0x000001d5f9272570 ConcurrentGCThread "G1 Service"                [id=20300, stack(0x0000004286800000,0x0000004286900000) (1024K)]
Total: 18

Threads with active compile tasks:
Total: 0

VM state: not at safepoint (normal execution)

VM Mutex/Monitor currently owned by a thread: None

Heap address: 0x0000000704400000, size: 4028 MB, Compressed Oops mode: Zero based, Oop shift amount: 3

CDS archive(s) mapped at: [0x000001d58f000000-0x000001d58fc80000-0x000001d58fc80000), size 13107200, SharedBaseAddress: 0x000001d58f000000, ArchiveRelocationMode: 1.
Compressed class space mapped at: 0x000001d590000000-0x000001d5d0000000, reserved size: 1073741824
Narrow klass base: 0x000001d58f000000, Narrow klass shift: 0, Narrow klass range: 0x100000000

GC Precious Log:
 CardTable entry size: 512
 Card Set container configuration: InlinePtr #cards 4 size 8 Array Of Cards #cards 16 size 48 Howl #buckets 8 coarsen threshold 3686 Howl Bitmap #cards 512 size 80 coarsen threshold 460 Card regions per heap region 1 cards per card region 4096
 CPUs: 12 total, 12 available
 Memory: 16108M
 Large Page Support: Disabled
 NUMA Support: Disabled
 Compressed Oops: Enabled (Zero based)
 Heap Region Size: 2M
 Heap Min Capacity: 8M
 Heap Initial Capacity: 252M
 Heap Max Capacity: 4028M
 Pre-touch: Disabled
 Parallel Workers: 10
 Concurrent Workers: 3
 Concurrent Refinement Workers: 10
 Periodic GC: Disabled

Heap:
 garbage-first heap   total 172032K, used 105088K [0x0000000704400000, 0x0000000800000000)
  region size 2048K, 31 young (63488K), 6 survivors (12288K)
 Metaspace       used 23915K, committed 24320K, reserved 1114112K
  class space    used 3356K, committed 3520K, reserved 1048576K

Heap Regions: E=young(eden), S=young(survivor), O=old, HS=humongous(starts), HC=humongous(continues), CS=collection set, F=free, TAMS=top-at-mark-start, PB=parsable bottom
|   0|0x0000000704400000, 0x00000007045d2f28, 0x0000000704600000| 91%| O|  |TAMS 0x0000000704400000| PB 0x0000000704400000| Untracked 
|   1|0x0000000704600000, 0x0000000704800000, 0x0000000704800000|100%|HS|  |TAMS 0x0000000704600000| PB 0x0000000704600000| Complete 
|   2|0x0000000704800000, 0x0000000704a00000, 0x0000000704a00000|100%|HS|  |TAMS 0x0000000704800000| PB 0x0000000704800000| Complete 
|   3|0x0000000704a00000, 0x0000000704c00000, 0x0000000704c00000|100%|HC|  |TAMS 0x0000000704a00000| PB 0x0000000704a00000| Complete 
|   4|0x0000000704c00000, 0x0000000704e00000, 0x0000000704e00000|100%|HC|  |TAMS 0x0000000704c00000| PB 0x0000000704c00000| Complete 
|   5|0x0000000704e00000, 0x0000000705000000, 0x0000000705000000|100%|HC|  |TAMS 0x0000000704e00000| PB 0x0000000704e00000| Complete 
|   6|0x0000000705000000, 0x0000000705200000, 0x0000000705200000|100%|HC|  |TAMS 0x0000000705000000| PB 0x0000000705000000| Complete 
|   7|0x0000000705200000, 0x0000000705400000, 0x0000000705400000|100%|HS|  |TAMS 0x0000000705200000| PB 0x0000000705200000| Complete 
|   8|0x0000000705400000, 0x0000000705600000, 0x0000000705600000|100%|HC|  |TAMS 0x0000000705400000| PB 0x0000000705400000| Complete 
|   9|0x0000000705600000, 0x0000000705800000, 0x0000000705800000|100%|HC|  |TAMS 0x0000000705600000| PB 0x0000000705600000| Complete 
|  10|0x0000000705800000, 0x0000000705a00000, 0x0000000705a00000|100%|HS|  |TAMS 0x0000000705800000| PB 0x0000000705800000| Complete 
|  11|0x0000000705a00000, 0x0000000705c00000, 0x0000000705c00000|100%|HC|  |TAMS 0x0000000705a00000| PB 0x0000000705a00000| Complete 
|  12|0x0000000705c00000, 0x0000000705e00000, 0x0000000705e00000|100%|HC|  |TAMS 0x0000000705c00000| PB 0x0000000705c00000| Complete 
|  13|0x0000000705e00000, 0x0000000706000000, 0x0000000706000000|100%|HS|  |TAMS 0x0000000705e00000| PB 0x0000000705e00000| Complete 
|  14|0x0000000706000000, 0x0000000706200000, 0x0000000706200000|100%|HC|  |TAMS 0x0000000706000000| PB 0x0000000706000000| Complete 
|  15|0x0000000706200000, 0x0000000706400000, 0x0000000706400000|100%|HC|  |TAMS 0x0000000706200000| PB 0x0000000706200000| Complete 
|  16|0x0000000706400000, 0x0000000706600000, 0x0000000706600000|100%|HS|  |TAMS 0x0000000706400000| PB 0x0000000706400000| Complete 
|  17|0x0000000706600000, 0x0000000706800000, 0x0000000706800000|100%|HC|  |TAMS 0x0000000706600000| PB 0x0000000706600000| Complete 
|  18|0x0000000706800000, 0x0000000706a00000, 0x0000000706a00000|100%|HS|  |TAMS 0x0000000706800000| PB 0x0000000706800000| Complete 
|  19|0x0000000706a00000, 0x0000000706c00000, 0x0000000706c00000|100%|HC|  |TAMS 0x0000000706a00000| PB 0x0000000706a00000| Complete 
|  20|0x0000000706c00000, 0x0000000706e00000, 0x0000000706e00000|100%|HS|  |TAMS 0x0000000706c00000| PB 0x0000000706c00000| Complete 
|  21|0x0000000706e00000, 0x0000000707000000, 0x0000000707000000|100%|HC|  |TAMS 0x0000000706e00000| PB 0x0000000706e00000| Complete 
|  22|0x0000000707000000, 0x0000000707200000, 0x0000000707200000|100%|HC|  |TAMS 0x0000000707000000| PB 0x0000000707000000| Complete 
|  23|0x0000000707200000, 0x0000000707200000, 0x0000000707400000|  0%| F|  |TAMS 0x0000000707200000| PB 0x0000000707200000| Untracked 
|  24|0x0000000707400000, 0x0000000707400000, 0x0000000707600000|  0%| F|  |TAMS 0x0000000707400000| PB 0x0000000707400000| Untracked 
|  25|0x0000000707600000, 0x0000000707600000, 0x0000000707800000|  0%| F|  |TAMS 0x0000000707600000| PB 0x0000000707600000| Untracked 
|  26|0x0000000707800000, 0x0000000707800000, 0x0000000707a00000|  0%| F|  |TAMS 0x0000000707800000| PB 0x0000000707800000| Untracked 
|  27|0x0000000707a00000, 0x0000000707a00000, 0x0000000707c00000|  0%| F|  |TAMS 0x0000000707a00000| PB 0x0000000707a00000| Untracked 
|  28|0x0000000707c00000, 0x0000000707c00000, 0x0000000707e00000|  0%| F|  |TAMS 0x0000000707c00000| PB 0x0000000707c00000| Untracked 
|  29|0x0000000707e00000, 0x0000000707e00000, 0x0000000708000000|  0%| F|  |TAMS 0x0000000707e00000| PB 0x0000000707e00000| Untracked 
|  30|0x0000000708000000, 0x0000000708000000, 0x0000000708200000|  0%| F|  |TAMS 0x0000000708000000| PB 0x0000000708000000| Untracked 
|  31|0x0000000708200000, 0x0000000708200000, 0x0000000708400000|  0%| F|  |TAMS 0x0000000708200000| PB 0x0000000708200000| Untracked 
|  32|0x0000000708400000, 0x0000000708400000, 0x0000000708600000|  0%| F|  |TAMS 0x0000000708400000| PB 0x0000000708400000| Untracked 
|  33|0x0000000708600000, 0x0000000708600000, 0x0000000708800000|  0%| F|  |TAMS 0x0000000708600000| PB 0x0000000708600000| Untracked 
|  34|0x0000000708800000, 0x0000000708800000, 0x0000000708a00000|  0%| F|  |TAMS 0x0000000708800000| PB 0x0000000708800000| Untracked 
|  35|0x0000000708a00000, 0x0000000708a00000, 0x0000000708c00000|  0%| F|  |TAMS 0x0000000708a00000| PB 0x0000000708a00000| Untracked 
|  36|0x0000000708c00000, 0x0000000708c00000, 0x0000000708e00000|  0%| F|  |TAMS 0x0000000708c00000| PB 0x0000000708c00000| Untracked 
|  37|0x0000000708e00000, 0x0000000708e00000, 0x0000000709000000|  0%| F|  |TAMS 0x0000000708e00000| PB 0x0000000708e00000| Untracked 
|  38|0x0000000709000000, 0x0000000709000000, 0x0000000709200000|  0%| F|  |TAMS 0x0000000709000000| PB 0x0000000709000000| Untracked 
|  39|0x0000000709200000, 0x0000000709200000, 0x0000000709400000|  0%| F|  |TAMS 0x0000000709200000| PB 0x0000000709200000| Untracked 
|  40|0x0000000709400000, 0x0000000709400000, 0x0000000709600000|  0%| F|  |TAMS 0x0000000709400000| PB 0x0000000709400000| Untracked 
|  41|0x0000000709600000, 0x0000000709600000, 0x0000000709800000|  0%| F|  |TAMS 0x0000000709600000| PB 0x0000000709600000| Untracked 
|  42|0x0000000709800000, 0x0000000709800000, 0x0000000709a00000|  0%| F|  |TAMS 0x0000000709800000| PB 0x0000000709800000| Untracked 
|  43|0x0000000709a00000, 0x0000000709a00000, 0x0000000709c00000|  0%| F|  |TAMS 0x0000000709a00000| PB 0x0000000709a00000| Untracked 
|  44|0x0000000709c00000, 0x0000000709c00000, 0x0000000709e00000|  0%| F|  |TAMS 0x0000000709c00000| PB 0x0000000709c00000| Untracked 
|  45|0x0000000709e00000, 0x0000000709e00000, 0x000000070a000000|  0%| F|  |TAMS 0x0000000709e00000| PB 0x0000000709e00000| Untracked 
|  46|0x000000070a000000, 0x000000070a000000, 0x000000070a200000|  0%| F|  |TAMS 0x000000070a000000| PB 0x000000070a000000| Untracked 
|  47|0x000000070a200000, 0x000000070a200000, 0x000000070a400000|  0%| F|  |TAMS 0x000000070a200000| PB 0x000000070a200000| Untracked 
|  48|0x000000070a400000, 0x000000070a400000, 0x000000070a600000|  0%| F|  |TAMS 0x000000070a400000| PB 0x000000070a400000| Untracked 
|  49|0x000000070a600000, 0x000000070a600000, 0x000000070a800000|  0%| F|  |TAMS 0x000000070a600000| PB 0x000000070a600000| Untracked 
|  50|0x000000070a800000, 0x000000070a800000, 0x000000070aa00000|  0%| F|  |TAMS 0x000000070a800000| PB 0x000000070a800000| Untracked 
|  51|0x000000070aa00000, 0x000000070aa00000, 0x000000070ac00000|  0%| F|  |TAMS 0x000000070aa00000| PB 0x000000070aa00000| Untracked 
|  52|0x000000070ac00000, 0x000000070ac00000, 0x000000070ae00000|  0%| F|  |TAMS 0x000000070ac00000| PB 0x000000070ac00000| Untracked 
|  53|0x000000070ae00000, 0x000000070b000000, 0x000000070b000000|100%| E|  |TAMS 0x000000070ae00000| PB 0x000000070ae00000| Complete 
|  54|0x000000070b000000, 0x000000070b200000, 0x000000070b200000|100%| E|CS|TAMS 0x000000070b000000| PB 0x000000070b000000| Complete 
|  55|0x000000070b200000, 0x000000070b400000, 0x000000070b400000|100%| E|CS|TAMS 0x000000070b200000| PB 0x000000070b200000| Complete 
|  56|0x000000070b400000, 0x000000070b600000, 0x000000070b600000|100%| E|CS|TAMS 0x000000070b400000| PB 0x000000070b400000| Complete 
|  57|0x000000070b600000, 0x000000070b800000, 0x000000070b800000|100%| E|CS|TAMS 0x000000070b600000| PB 0x000000070b600000| Complete 
|  58|0x000000070b800000, 0x000000070ba00000, 0x000000070ba00000|100%| E|CS|TAMS 0x000000070b800000| PB 0x000000070b800000| Complete 
|  59|0x000000070ba00000, 0x000000070bc00000, 0x000000070bc00000|100%| E|CS|TAMS 0x000000070ba00000| PB 0x000000070ba00000| Complete 
|  60|0x000000070bc00000, 0x000000070be00000, 0x000000070be00000|100%| E|CS|TAMS 0x000000070bc00000| PB 0x000000070bc00000| Complete 
|  61|0x000000070be00000, 0x000000070c000000, 0x000000070c000000|100%| E|CS|TAMS 0x000000070be00000| PB 0x000000070be00000| Complete 
|  62|0x000000070c000000, 0x000000070c200000, 0x000000070c200000|100%| E|CS|TAMS 0x000000070c000000| PB 0x000000070c000000| Complete 
|  63|0x000000070c200000, 0x000000070c400000, 0x000000070c400000|100%| E|CS|TAMS 0x000000070c200000| PB 0x000000070c200000| Complete 
|  64|0x000000070c400000, 0x000000070c600000, 0x000000070c600000|100%| E|CS|TAMS 0x000000070c400000| PB 0x000000070c400000| Complete 
|  65|0x000000070c600000, 0x000000070c800000, 0x000000070c800000|100%| E|CS|TAMS 0x000000070c600000| PB 0x000000070c600000| Complete 
|  66|0x000000070c800000, 0x000000070ca00000, 0x000000070ca00000|100%| E|CS|TAMS 0x000000070c800000| PB 0x000000070c800000| Complete 
|  67|0x000000070ca00000, 0x000000070cc00000, 0x000000070cc00000|100%| E|CS|TAMS 0x000000070ca00000| PB 0x000000070ca00000| Complete 
|  68|0x000000070cc00000, 0x000000070ce00000, 0x000000070ce00000|100%| E|CS|TAMS 0x000000070cc00000| PB 0x000000070cc00000| Complete 
|  69|0x000000070ce00000, 0x000000070d000000, 0x000000070d000000|100%| E|CS|TAMS 0x000000070ce00000| PB 0x000000070ce00000| Complete 
|  70|0x000000070d000000, 0x000000070d200000, 0x000000070d200000|100%| E|CS|TAMS 0x000000070d000000| PB 0x000000070d000000| Complete 
|  71|0x000000070d200000, 0x000000070d400000, 0x000000070d400000|100%| E|CS|TAMS 0x000000070d200000| PB 0x000000070d200000| Complete 
|  72|0x000000070d400000, 0x000000070d600000, 0x000000070d600000|100%| E|CS|TAMS 0x000000070d400000| PB 0x000000070d400000| Complete 
|  73|0x000000070d600000, 0x000000070d800000, 0x000000070d800000|100%| E|  |TAMS 0x000000070d600000| PB 0x000000070d600000| Complete 
|  74|0x000000070d800000, 0x000000070da00000, 0x000000070da00000|100%| E|CS|TAMS 0x000000070d800000| PB 0x000000070d800000| Complete 
|  75|0x000000070da00000, 0x000000070dc00000, 0x000000070dc00000|100%| E|CS|TAMS 0x000000070da00000| PB 0x000000070da00000| Complete 
|  93|0x000000070fe00000, 0x000000070fecd1a0, 0x0000000710000000| 40%| S|CS|TAMS 0x000000070fe00000| PB 0x000000070fe00000| Complete 
|  94|0x0000000710000000, 0x0000000710200000, 0x0000000710200000|100%| S|CS|TAMS 0x0000000710000000| PB 0x0000000710000000| Complete 
|  95|0x0000000710200000, 0x0000000710400000, 0x0000000710400000|100%| S|CS|TAMS 0x0000000710200000| PB 0x0000000710200000| Complete 
|  96|0x0000000710400000, 0x0000000710600000, 0x0000000710600000|100%| S|CS|TAMS 0x0000000710400000| PB 0x0000000710400000| Complete 
|  97|0x0000000710600000, 0x0000000710800000, 0x0000000710800000|100%| S|CS|TAMS 0x0000000710600000| PB 0x0000000710600000| Complete 
|  98|0x0000000710800000, 0x0000000710a00000, 0x0000000710a00000|100%| S|CS|TAMS 0x0000000710800000| PB 0x0000000710800000| Complete 
| 124|0x0000000713c00000, 0x0000000713e00000, 0x0000000713e00000|100%| E|CS|TAMS 0x0000000713c00000| PB 0x0000000713c00000| Complete 
| 125|0x0000000713e00000, 0x0000000714000000, 0x0000000714000000|100%| E|CS|TAMS 0x0000000713e00000| PB 0x0000000713e00000| Complete 

Card table byte_map: [0x000001d5f25c0000,0x000001d5f2da0000] _byte_map_base: 0x000001d5eed9e000

Marking Bits: (CMBitMap*) 0x000001d5e91ee240
 Bits: [0x000001d5f2da0000, 0x000001d5f6c90000)

Polling page: 0x000001d5e7010000

Metaspace:

Usage:
  Non-class:     20.08 MB used.
      Class:      3.28 MB used.
       Both:     23.35 MB used.

Virtual space:
  Non-class space:       64.00 MB reserved,      20.31 MB ( 32%) committed,  1 nodes.
      Class space:        1.00 GB reserved,       3.44 MB ( <1%) committed,  1 nodes.
             Both:        1.06 GB reserved,      23.75 MB (  2%) committed. 

Chunk freelists:
   Non-Class:  11.41 MB
       Class:  12.44 MB
        Both:  23.84 MB

MaxMetaspaceSize: unlimited
CompressedClassSpaceSize: 1.00 GB
Initial GC threshold: 21.00 MB
Current GC threshold: 35.12 MB
CDS: on
 - commit_granule_bytes: 65536.
 - commit_granule_words: 8192.
 - virtual_space_node_default_size: 8388608.
 - enlarge_chunks_in_place: 1.
 - use_allocation_guard: 0.


Internal statistics:

num_allocs_failed_limit: 3.
num_arena_births: 526.
num_arena_deaths: 0.
num_vsnodes_births: 2.
num_vsnodes_deaths: 0.
num_space_committed: 380.
num_space_uncommitted: 0.
num_chunks_returned_to_freelist: 3.
num_chunks_taken_from_freelist: 1249.
num_chunk_merges: 0.
num_chunk_splits: 853.
num_chunks_enlarged: 599.
num_inconsistent_stats: 0.

CodeHeap 'non-profiled nmethods': size=120000Kb used=1858Kb max_used=1858Kb free=118141Kb
 bounds [0x000001d587ad0000, 0x000001d587d40000, 0x000001d58f000000]
CodeHeap 'profiled nmethods': size=120000Kb used=8089Kb max_used=8089Kb free=111910Kb
 bounds [0x000001d580000000, 0x000001d5807f0000, 0x000001d587530000]
CodeHeap 'non-nmethods': size=5760Kb used=2032Kb max_used=2065Kb free=3728Kb
 bounds [0x000001d587530000, 0x000001d5877a0000, 0x000001d587ad0000]
CodeCache: size=245760Kb, used=11979Kb, max_used=12012Kb, free=233779Kb
 total_blobs=5173, nmethods=4172, adapters=905, full_count=0
Compilation: enabled, stopped_count=0, restarted_count=0

Compilation events (20 events):
Event: 12.718 Thread 0x000001d5f93e6df0 nmethod 4065 0x000001d587c8c590 code [0x000001d587c8c720, 0x000001d587c8c7a0]
Event: 12.718 Thread 0x000001d5f93e9c90 nmethod 4064 0x000001d5807b4a10 code [0x000001d5807b4c00, 0x000001d5807b4f98]
Event: 12.718 Thread 0x000001d5f93e9c90 4063       3       java.util.regex.Pattern$GroupTail::match (111 bytes)
Event: 12.719 Thread 0x000001d5f93e9c90 nmethod 4063 0x000001d5807b5110 code [0x000001d5807b52e0, 0x000001d5807b56a0]
Event: 12.719 Thread 0x000001d5f93e9c90 4066       3       java.util.regex.ASCII::isDigit (18 bytes)
Event: 12.719 Thread 0x000001d5f93e9c90 nmethod 4066 0x000001d5807b5890 code [0x000001d5807b5a20, 0x000001d5807b5b70]
Event: 12.719 Thread 0x000001d5f93e9c90 4067       3       java.util.Formatter$Flags::contains (13 bytes)
Event: 12.719 Thread 0x000001d5f93e9c90 nmethod 4067 0x000001d5807b5c10 code [0x000001d5807b5da0, 0x000001d5807b5ee0]
Event: 12.719 Thread 0x000001d5f93e9c90 4069       3       java.lang.CharacterDataLatin1::getPropertiesEx (11 bytes)
Event: 12.719 Thread 0x000001d5f93e9c90 nmethod 4069 0x000001d5807b5f90 code [0x000001d5807b6140, 0x000001d5807b6288]
Event: 12.719 Thread 0x000001d5f93e9c90 4068       3       java.lang.Character::digit (6 bytes)
Event: 12.720 Thread 0x000001d5f93e9c90 nmethod 4068 0x000001d5807b6390 code [0x000001d5807b6560, 0x000001d5807b67c0]
Event: 12.720 Thread 0x000001d5f93e9c90 4070       1       java.util.Formatter$FormatSpecifier::index (5 bytes)
Event: 12.720 Thread 0x000001d5f93e9c90 nmethod 4070 0x000001d587c8c890 code [0x000001d587c8ca20, 0x000001d587c8cae8]
Event: 12.723 Thread 0x000001d5f93e9c90 4071       3       java.lang.invoke.DirectMethodHandle$Holder::invokeStatic (14 bytes)
Event: 12.723 Thread 0x000001d5f93e9c90 nmethod 4071 0x000001d5807b6910 code [0x000001d5807b6ae0, 0x000001d5807b6f30]
Event: 12.723 Thread 0x000001d5f93e9c90 4072       3       sun.invoke.util.ValueConversions::boxBoolean (5 bytes)
Event: 12.723 Thread 0x000001d5f93e9c90 nmethod 4072 0x000001d5807b7090 code [0x000001d5807b7240, 0x000001d5807b7400]
Event: 12.731 Thread 0x000001d5f93e9c90 4073       3       java.nio.CharBuffer::arrayOffset (35 bytes)
Event: 12.732 Thread 0x000001d5f93e9c90 nmethod 4073 0x000001d5807b7490 code [0x000001d5807b7660, 0x000001d5807b7930]

GC Heap History (6 events):
Event: 0.921 GC heap before
{Heap before GC invocations=0 (full 0):
 garbage-first heap   total 258048K, used 22528K [0x0000000704400000, 0x0000000800000000)
  region size 2048K, 11 young (22528K), 0 survivors (0K)
 Metaspace       used 3373K, committed 3584K, reserved 1114112K
  class space    used 354K, committed 448K, reserved 1048576K
}
Event: 0.927 GC heap after
{Heap after GC invocations=1 (full 0):
 garbage-first heap   total 258048K, used 2847K [0x0000000704400000, 0x0000000800000000)
  region size 2048K, 2 young (4096K), 2 survivors (4096K)
 Metaspace       used 3373K, committed 3584K, reserved 1114112K
  class space    used 354K, committed 448K, reserved 1048576K
}
Event: 2.001 GC heap before
{Heap before GC invocations=1 (full 0):
 garbage-first heap   total 258048K, used 39711K [0x0000000704400000, 0x0000000800000000)
  region size 2048K, 21 young (43008K), 2 survivors (4096K)
 Metaspace       used 9959K, committed 10240K, reserved 1114112K
  class space    used 1278K, committed 1408K, reserved 1048576K
}
Event: 2.010 GC heap after
{Heap after GC invocations=2 (full 0):
 garbage-first heap   total 258048K, used 8011K [0x0000000704400000, 0x0000000800000000)
  region size 2048K, 3 young (6144K), 3 survivors (6144K)
 Metaspace       used 9959K, committed 10240K, reserved 1114112K
  class space    used 1278K, committed 1408K, reserved 1048576K
}
Event: 8.876 GC heap before
{Heap before GC invocations=2 (full 0):
 garbage-first heap   total 258048K, used 91979K [0x0000000704400000, 0x0000000800000000)
  region size 2048K, 27 young (55296K), 3 survivors (6144K)
 Metaspace       used 21133K, committed 21504K, reserved 1114112K
  class space    used 3052K, committed 3264K, reserved 1048576K
}
Event: 8.889 GC heap after
{Heap after GC invocations=3 (full 0):
 garbage-first heap   total 258048K, used 49792K [0x0000000704400000, 0x0000000800000000)
  region size 2048K, 6 young (12288K), 6 survivors (12288K)
 Metaspace       used 21133K, committed 21504K, reserved 1114112K
  class space    used 3052K, committed 3264K, reserved 1048576K
}

Dll operation events (20 events):
Event: 0.771 Loaded shared library C:\Users\Makar\.openjfx\cache\22.0.1+7\amd64\msvcp140.dll
Event: 0.774 Loaded shared library C:\Users\Makar\.openjfx\cache\22.0.1+7\amd64\msvcp140_1.dll
Event: 0.781 Loaded shared library C:\Users\Makar\.openjfx\cache\22.0.1+7\amd64\msvcp140_2.dll
Event: 0.833 Loaded shared library C:\Users\Makar\.openjfx\cache\22.0.1+7\amd64\prism_d3d.dll
Event: 0.947 Loaded shared library C:\Users\Makar\.openjfx\cache\22.0.1+7\amd64\glass.dll
Event: 1.180 Loaded shared library C:\Program Files\Java\jdk-21.0.8+9\bin\jimage.dll
Event: 1.797 Loaded shared library C:\Users\Makar\.openjfx\cache\22.0.1+7\amd64\javafx_font.dll
Event: 6.437 Loaded shared library C:\Program Files\Java\jdk-21.0.8+9\bin\awt.dll
Event: 9.360 Loaded shared library C:\Users\Makar\AppData\Local\Temp\onnxruntime-java8184731091112965390\onnxruntime.dll
Event: 9.366 Loaded shared library C:\Users\Makar\AppData\Local\Temp\onnxruntime-java8184731091112965390\onnxruntime4j_jni.dll
Event: 9.970 Loaded shared library C:\Users\Makar\.djl.ai\pytorch\2.7.1-cpu-win-x86_64\asmjit.dll
Event: 9.973 Loaded shared library C:\Users\Makar\.djl.ai\pytorch\2.7.1-cpu-win-x86_64\c10.dll
Event: 9.974 Loaded shared library C:\Users\Makar\.djl.ai\pytorch\2.7.1-cpu-win-x86_64\libiomp5md.dll
Event: 9.975 Loaded shared library C:\Users\Makar\.djl.ai\pytorch\2.7.1-cpu-win-x86_64\libiompstubs5md.dll
Event: 9.977 Loaded shared library C:\Users\Makar\.djl.ai\pytorch\2.7.1-cpu-win-x86_64\uv.dll
Event: 9.980 Loaded shared library C:\Users\Makar\.djl.ai\pytorch\2.7.1-cpu-win-x86_64\fbgemm.dll
Event: 10.533 Loaded shared library C:\Users\Makar\.djl.ai\pytorch\2.7.1-cpu-win-x86_64\torch_cpu.dll
Event: 10.536 Loaded shared library C:\Users\Makar\.djl.ai\pytorch\2.7.1-cpu-win-x86_64\torch.dll
Event: 10.540 Loaded shared library C:\Users\Makar\.djl.ai\pytorch\2.7.1-cpu-win-x86_64\0.35.0-djl_torch.dll
Event: 10.665 Loaded shared library C:\Users\Makar\AppData\Local\Temp\jna-74106792\jna15368355194277413005.dll

Deoptimization events (20 events):
Event: 10.897 Thread 0x000001d5f93e1ce0 Uncommon trap: trap_request=0xffffffde fr.pc=0x000001d587adcde8 relative=0x00000000000000c8
Event: 10.897 Thread 0x000001d5f93e1ce0 Uncommon trap: reason=class_check action=maybe_recompile pc=0x000001d587adcde8 method=java.lang.Character.codePointAt(Ljava/lang/CharSequence;I)I @ 2 c2
Event: 10.897 Thread 0x000001d5f93e1ce0 DEOPT PACKING pc=0x000001d587adcde8 sp=0x0000004287dfc220
Event: 10.897 Thread 0x000001d5f93e1ce0 DEOPT UNPACKING pc=0x000001d5875846a2 sp=0x0000004287dfc1b8 mode 2
Event: 10.898 Thread 0x000001d5f93e1ce0 Uncommon trap: trap_request=0xffffffde fr.pc=0x000001d587adcde8 relative=0x00000000000000c8
Event: 10.898 Thread 0x000001d5f93e1ce0 Uncommon trap: reason=class_check action=maybe_recompile pc=0x000001d587adcde8 method=java.lang.Character.codePointAt(Ljava/lang/CharSequence;I)I @ 2 c2
Event: 10.898 Thread 0x000001d5f93e1ce0 DEOPT PACKING pc=0x000001d587adcde8 sp=0x0000004287dfc220
Event: 10.898 Thread 0x000001d5f93e1ce0 DEOPT UNPACKING pc=0x000001d5875846a2 sp=0x0000004287dfc1b8 mode 2
Event: 10.898 Thread 0x000001d5f93e1ce0 Uncommon trap: trap_request=0xffffffde fr.pc=0x000001d587adcde8 relative=0x00000000000000c8
Event: 10.898 Thread 0x000001d5f93e1ce0 Uncommon trap: reason=class_check action=maybe_recompile pc=0x000001d587adcde8 method=java.lang.Character.codePointAt(Ljava/lang/CharSequence;I)I @ 2 c2
Event: 10.898 Thread 0x000001d5f93e1ce0 DEOPT PACKING pc=0x000001d587adcde8 sp=0x0000004287dfc220
Event: 10.898 Thread 0x000001d5f93e1ce0 DEOPT UNPACKING pc=0x000001d5875846a2 sp=0x0000004287dfc1b8 mode 2
Event: 10.898 Thread 0x000001d5f93e1ce0 Uncommon trap: trap_request=0xffffff45 fr.pc=0x000001d587b3f840 relative=0x00000000000005e0
Event: 10.898 Thread 0x000001d5f93e1ce0 Uncommon trap: reason=unstable_if action=reinterpret pc=0x000001d587b3f840 method=java.lang.String.substring(II)Ljava/lang/String; @ 31 c2
Event: 10.898 Thread 0x000001d5f93e1ce0 DEOPT PACKING pc=0x000001d587b3f840 sp=0x0000004287dfc5d0
Event: 10.898 Thread 0x000001d5f93e1ce0 DEOPT UNPACKING pc=0x000001d5875846a2 sp=0x0000004287dfc5a0 mode 2
Event: 12.731 Thread 0x000001d5ff3d66f0 Uncommon trap: trap_request=0xffffff45 fr.pc=0x000001d587c1a514 relative=0x0000000000000074
Event: 12.731 Thread 0x000001d5ff3d66f0 Uncommon trap: reason=unstable_if action=reinterpret pc=0x000001d587c1a514 method=java.lang.StringConcatHelper.mix(JLjava/lang/String;)J @ 13 c2
Event: 12.731 Thread 0x000001d5ff3d66f0 DEOPT PACKING pc=0x000001d587c1a514 sp=0x000000428a5fe380
Event: 12.731 Thread 0x000001d5ff3d66f0 DEOPT UNPACKING pc=0x000001d5875846a2 sp=0x000000428a5fe318 mode 2

Classes loaded (20 events):
Event: 10.895 Loading class sun/util/locale/provider/BreakIteratorProviderImpl$CharacterIteratorCharSequence
Event: 10.895 Loading class sun/util/locale/provider/BreakIteratorProviderImpl$CharacterIteratorCharSequence done
Event: 10.896 Loading class java/text/BreakIterator$BreakIteratorCache
Event: 10.896 Loading class java/text/BreakIterator$BreakIteratorCache done
Event: 10.896 Loading class jdk/internal/util/regex/Grapheme
Event: 10.896 Loading class jdk/internal/util/regex/Grapheme done
Event: 11.223 Loading class javax/imageio/ImageWriteParam
Event: 11.224 Loading class javax/imageio/IIOParam
Event: 11.224 Loading class javax/imageio/IIOParam done
Event: 11.224 Loading class javax/imageio/ImageWriteParam done
Event: 11.226 Loading class org/w3c/dom/Node
Event: 11.226 Loading class org/w3c/dom/Node done
Event: 11.232 Loading class java/awt/image/LookupTable
Event: 11.232 Loading class java/awt/image/LookupTable done
Event: 11.232 Loading class java/awt/image/ShortLookupTable
Event: 11.232 Loading class java/awt/image/ShortLookupTable done
Event: 11.232 Loading class java/awt/image/BufferedImageOp
Event: 11.232 Loading class java/awt/image/BufferedImageOp done
Event: 12.719 Loading class java/nio/HeapIntBuffer
Event: 12.720 Loading class java/nio/HeapIntBuffer done

Classes unloaded (0 events):
No events

Classes redefined (0 events):
No events

Internal exceptions (20 events):
Event: 9.884 Thread 0x000001d5f93e1ce0 Exception <a 'java/net/SocketException'{0x000000070da16258}: Network is unreachable: getsockopt> (0x000000070da16258) 
thrown [s\src\hotspot\share\prims\jni.cpp, line 539]
Event: 9.895 Thread 0x000001d5f93e1ce0 Exception <a 'java/net/SocketException'{0x000000070da17420}: Network is unreachable: getsockopt> (0x000000070da17420) 
thrown [s\src\hotspot\share\prims\jni.cpp, line 539]
Event: 9.906 Thread 0x000001d5f93e1ce0 Exception <a 'java/net/SocketException'{0x000000070da186b8}: Network is unreachable: getsockopt> (0x000000070da186b8) 
thrown [s\src\hotspot\share\prims\jni.cpp, line 539]
Event: 9.911 Thread 0x000001d5f93e1ce0 Exception <a 'sun/nio/fs/WindowsException'{0x000000070da5cfb8}> (0x000000070da5cfb8) 
thrown [s\src\hotspot\share\prims\jni.cpp, line 520]
Event: 9.941 Thread 0x000001d5f93e1ce0 Exception <a 'sun/nio/fs/WindowsException'{0x000000070d996e40}> (0x000000070d996e40) 
thrown [s\src\hotspot\share\prims\jni.cpp, line 520]
Event: 9.959 Thread 0x000001d5f93e1ce0 Exception <a 'sun/nio/fs/WindowsException'{0x000000070d9bdc78}> (0x000000070d9bdc78) 
thrown [s\src\hotspot\share\prims\jni.cpp, line 520]
Event: 9.963 Thread 0x000001d5f93e1ce0 Exception <a 'java/lang/NoSuchMethodError'{0x000000070d9ca5e8}: 'java.lang.Object java.lang.invoke.DirectMethodHandle$Holder.newInvokeSpecial(java.lang.Object, java.lang.Object, int, java.lang.Object, java.lang.Object)'> (0x000000070d9ca5e8) 
thrown [s\src\hotspot\share\interpreter\linkResolver.cpp, line 773]
Event: 9.964 Thread 0x000001d5f93e1ce0 Exception <a 'java/lang/NoSuchMethodError'{0x000000070d9d8250}: 'int java.lang.invoke.DirectMethodHandle$Holder.invokeStatic(java.lang.Object, java.lang.Object, java.lang.Object, java.lang.Object)'> (0x000000070d9d8250) 
thrown [s\src\hotspot\share\interpreter\linkResolver.cpp, line 773]
Event: 9.968 Thread 0x000001d5f93e1ce0 Exception <a 'java/lang/NoSuchMethodError'{0x000000070d9e5e40}: 'void java.lang.invoke.DirectMethodHandle$Holder.invokeInterface(java.lang.Object, java.lang.Object, java.lang.Object)'> (0x000000070d9e5e40) 
thrown [s\src\hotspot\share\interpreter\linkResolver.cpp, line 773]
Event: 9.978 Thread 0x000001d5f93e1ce0 Exception <a 'sun/nio/fs/WindowsException'{0x000000070d9ec980}> (0x000000070d9ec980) 
thrown [s\src\hotspot\share\prims\jni.cpp, line 520]
Event: 9.978 Thread 0x000001d5f93e1ce0 Exception <a 'sun/nio/fs/WindowsException'{0x000000070d9ed280}> (0x000000070d9ed280) 
thrown [s\src\hotspot\share\prims\jni.cpp, line 520]
Event: 10.572 Thread 0x000001d5f93e1ce0 Exception <a 'java/lang/NoSuchMethodError'{0x000000070d672cd0}: 'java.lang.Object java.lang.invoke.DirectMethodHandle$Holder.invokeStatic(java.lang.Object, java.lang.Object, int, java.lang.Object)'> (0x000000070d672cd0) 
thrown [s\src\hotspot\share\interpreter\linkResolver.cpp, line 773]
Event: 10.573 Thread 0x000001d5f93e1ce0 Exception <a 'java/lang/NoSuchMethodError'{0x000000070d676788}: 'java.lang.Object java.lang.invoke.DirectMethodHandle$Holder.invokeStaticInit(java.lang.Object, java.lang.Object, int, java.lang.Object)'> (0x000000070d676788) 
thrown [s\src\hotspot\share\interpreter\linkResolver.cpp, line 773]
Event: 10.580 Thread 0x000001d5f93e1ce0 Exception <a 'java/io/FileNotFoundException'{0x000000070d6905a0}> (0x000000070d6905a0) 
thrown [s\src\hotspot\share\prims\jni.cpp, line 520]
Event: 10.589 Thread 0x000001d5f93e1ce0 Exception <a 'java/lang/NoSuchMethodError'{0x000000070d6bdb18}: 'java.lang.Object java.lang.invoke.DirectMethodHandle$Holder.newInvokeSpecial(java.lang.Object, java.lang.Object, double)'> (0x000000070d6bdb18) 
thrown [s\src\hotspot\share\interpreter\linkResolver.cpp, line 773]
Event: 10.593 Thread 0x000001d5f93e1ce0 Exception <a 'java/lang/NoSuchMethodError'{0x000000070d6cd448}: 'java.lang.Object java.lang.invoke.DirectMethodHandle$Holder.newInvokeSpecial(java.lang.Object, java.lang.Object, java.lang.Object, long)'> (0x000000070d6cd448) 
thrown [s\src\hotspot\share\interpreter\linkResolver.cpp, line 773]
Event: 10.594 Thread 0x000001d5f93e1ce0 Exception <a 'java/lang/NoSuchMethodError'{0x000000070d6d14e8}: 'java.lang.Object java.lang.invoke.DirectMethodHandle$Holder.invokeSpecial(java.lang.Object, java.lang.Object, java.lang.Object, java.lang.Object, long)'> (0x000000070d6d14e8) 
thrown [s\src\hotspot\share\interpreter\linkResolver.cpp, line 773]
Event: 10.594 Thread 0x000001d5f93e1ce0 Exception <a 'java/lang/NoSuchMethodError'{0x000000070d6d4e48}: 'java.lang.Object java.lang.invoke.Invokers$Holder.linkToTargetMethod(java.lang.Object, java.lang.Object, long, java.lang.Object)'> (0x000000070d6d4e48) 
thrown [s\src\hotspot\share\interpreter\linkResolver.cpp, line 773]
Event: 10.608 Thread 0x000001d5ff3d66f0 Exception <a 'sun/nio/fs/WindowsException'{0x000000070d7addb8}> (0x000000070d7addb8) 
thrown [s\src\hotspot\share\prims\jni.cpp, line 520]
Event: 10.628 Thread 0x000001d5ff3d66f0 Exception <a 'sun/nio/fs/WindowsException'{0x000000070d4befd0}> (0x000000070d4befd0) 
thrown [s\src\hotspot\share\prims\jni.cpp, line 520]

ZGC Phase Switch (0 events):
No events

VM Operations (20 events):
Event: 8.902 Executing VM operation: G1PauseRemark
Event: 8.906 Executing VM operation: G1PauseRemark done
Event: 8.906 Executing VM operation: HandshakeAllThreads (Deoptimize)
Event: 8.907 Executing VM operation: HandshakeAllThreads (Deoptimize) done
Event: 8.907 Executing VM operation: G1PauseCleanup
Event: 8.913 Executing VM operation: G1PauseCleanup done
Event: 8.951 Executing VM operation: HandshakeAllThreads (Deoptimize)
Event: 8.951 Executing VM operation: HandshakeAllThreads (Deoptimize) done
Event: 9.864 Executing VM operation: HandshakeAllThreads (Deoptimize)
Event: 9.864 Executing VM operation: HandshakeAllThreads (Deoptimize) done
Event: 10.705 Executing VM operation: HandshakeAllThreads (Deoptimize)
Event: 10.707 Executing VM operation: HandshakeAllThreads (Deoptimize) done
Event: 10.708 Executing VM operation: Cleanup
Event: 10.709 Executing VM operation: Cleanup done
Event: 11.709 Executing VM operation: Cleanup
Event: 11.709 Executing VM operation: Cleanup done
Event: 12.721 Executing VM operation: HandshakeAllThreads (Deoptimize)
Event: 12.721 Executing VM operation: HandshakeAllThreads (Deoptimize) done
Event: 12.721 Executing VM operation: Cleanup
Event: 12.721 Executing VM operation: Cleanup done

Memory protections (0 events):
No events

Nmethod flushes (0 events):
No events

Events (20 events):
Event: 3.186 Thread 0x000001d5d5e24f90 Thread exited: 0x000001d5d5e24f90
Event: 3.256 Thread 0x000001d5ff32b800 Thread exited: 0x000001d5ff32b800
Event: 3.409 Thread 0x000001d5f93e9c90 Thread added: 0x000001d5d93c58b0
Event: 3.575 Thread 0x000001d5d93c58b0 Thread exited: 0x000001d5d93c58b0
Event: 6.489 Thread 0x000001d5f93e1ce0 Thread added: 0x000001d5ff3d4620
Event: 6.491 Thread 0x000001d5f93e1ce0 Thread added: 0x000001d5ff3d3f90
Event: 6.492 Thread 0x000001d5f93e1ce0 Thread added: 0x000001d5ff3d5340
Event: 7.510 Thread 0x000001d5ff3d3f90 Thread exited: 0x000001d5ff3d3f90
Event: 8.678 Thread 0x000001d5ff3d5340 Thread added: 0x000001d5ff3da200
Event: 8.754 Thread 0x000001d5f93e9c90 Thread added: 0x000001d5d92ff370
Event: 9.108 Thread 0x000001d5d92ff370 Thread exited: 0x000001d5d92ff370
Event: 9.681 Thread 0x000001d5ff3da200 Thread exited: 0x000001d5ff3da200
Event: 9.930 Thread 0x000001d5f93e6df0 Thread added: 0x000001d5d92fb620
Event: 10.598 Thread 0x000001d5f93e1ce0 Thread added: 0x000001d5ff3d66f0
Event: 10.600 Thread 0x000001d5f93e1ce0 Thread added: 0x000001d5ff3d8130
Event: 10.645 Thread 0x000001d5f93e9c90 Thread added: 0x000001d608e5a210
Event: 10.745 Thread 0x000001d5ff3d66f0 Thread added: 0x000001d5ff3d87c0
Event: 11.178 Thread 0x000001d608e5a210 Thread exited: 0x000001d608e5a210
Event: 11.224 Thread 0x000001d5d92fb620 Thread exited: 0x000001d5d92fb620
Event: 12.732 Thread 0x000001d5ff3d66f0 Thread exited: 0x000001d5ff3d66f0


Dynamic libraries:
0x00007ff6b5bf0000 - 0x00007ff6b5bfe000 	C:\Program Files\Java\jdk-21.0.8+9\bin\java.exe
0x00007ff9dcbf0000 - 0x00007ff9dcde8000 	C:\Windows\SYSTEM32\ntdll.dll
0x00007ff9dca80000 - 0x00007ff9dcb42000 	C:\Windows\System32\KERNEL32.DLL
0x00007ff9da910000 - 0x00007ff9dac06000 	C:\Windows\System32\KERNELBASE.dll
0x00007ff9da530000 - 0x00007ff9da630000 	C:\Windows\System32\ucrtbase.dll
0x00007ff9d13e0000 - 0x00007ff9d13fe000 	C:\Program Files\Java\jdk-21.0.8+9\bin\VCRUNTIME140.dll
0x00007ff9cbfd0000 - 0x00007ff9cbfe8000 	C:\Program Files\Java\jdk-21.0.8+9\bin\jli.dll
0x00007ff9dc620000 - 0x00007ff9dc7c1000 	C:\Windows\System32\USER32.dll
0x00007ff9da740000 - 0x00007ff9da762000 	C:\Windows\System32\win32u.dll
0x00007ff9cd290000 - 0x00007ff9cd52b000 	C:\Windows\WinSxS\amd64_microsoft.windows.common-controls_6595b64144ccf1df_6.0.19041.6456_none_60b8a6cb71f64256\COMCTL32.dll
0x00007ff9dade0000 - 0x00007ff9dae0b000 	C:\Windows\System32\GDI32.dll
0x00007ff9dae90000 - 0x00007ff9daf2e000 	C:\Windows\System32\msvcrt.dll
0x00007ff9da410000 - 0x00007ff9da529000 	C:\Windows\System32\gdi32full.dll
0x00007ff9da870000 - 0x00007ff9da90d000 	C:\Windows\System32\msvcp_win.dll
0x00007ff9dac20000 - 0x00007ff9dac4f000 	C:\Windows\System32\IMM32.DLL
0x00007ff9d26e0000 - 0x00007ff9d26ec000 	C:\Program Files\Java\jdk-21.0.8+9\bin\vcruntime140_1.dll
0x00007ff998d70000 - 0x00007ff998df9000 	C:\Program Files\Java\jdk-21.0.8+9\bin\msvcp140.dll
0x00007ff979420000 - 0x00007ff97a1cc000 	C:\Program Files\Java\jdk-21.0.8+9\bin\server\jvm.dll
0x00007ff9dc7d0000 - 0x00007ff9dc881000 	C:\Windows\System32\ADVAPI32.dll
0x00007ff9dc900000 - 0x00007ff9dc99f000 	C:\Windows\System32\sechost.dll
0x00007ff9db170000 - 0x00007ff9db290000 	C:\Windows\System32\RPCRT4.dll
0x00007ff9da3e0000 - 0x00007ff9da407000 	C:\Windows\System32\bcrypt.dll
0x00007ff9dc890000 - 0x00007ff9dc8fb000 	C:\Windows\System32\WS2_32.dll
0x00007ff9d9770000 - 0x00007ff9d97bb000 	C:\Windows\SYSTEM32\POWRPROF.dll
0x00007ff9ce6b0000 - 0x00007ff9ce6ba000 	C:\Windows\SYSTEM32\VERSION.dll
0x00007ff9d7950000 - 0x00007ff9d7977000 	C:\Windows\SYSTEM32\WINMM.dll
0x00007ff9d9640000 - 0x00007ff9d9652000 	C:\Windows\SYSTEM32\UMPDC.dll
0x00007ff9d8a50000 - 0x00007ff9d8a62000 	C:\Windows\SYSTEM32\kernel.appcore.dll
0x00007ff9d13d0000 - 0x00007ff9d13da000 	C:\Program Files\Java\jdk-21.0.8+9\bin\jimage.dll
0x00007ff9d8820000 - 0x00007ff9d8a21000 	C:\Windows\SYSTEM32\DBGHELP.DLL
0x00007ff9ce5b0000 - 0x00007ff9ce5e4000 	C:\Windows\SYSTEM32\dbgcore.DLL
0x00007ff9da6b0000 - 0x00007ff9da732000 	C:\Windows\System32\bcryptPrimitives.dll
0x00007ff9cc030000 - 0x00007ff9cc040000 	C:\Program Files\Java\jdk-21.0.8+9\bin\instrument.dll
0x00007ff9cbfa0000 - 0x00007ff9cbfc1000 	C:\Program Files\Java\jdk-21.0.8+9\bin\java.dll
0x00007ff9db7c0000 - 0x00007ff9dbf30000 	C:\Windows\System32\SHELL32.dll
0x00007ff9d7fa0000 - 0x00007ff9d8745000 	C:\Windows\SYSTEM32\windows.storage.dll
0x00007ff9db2b0000 - 0x00007ff9db604000 	C:\Windows\System32\combase.dll
0x00007ff9d9bd0000 - 0x00007ff9d9bfb000 	C:\Windows\SYSTEM32\Wldp.dll
0x00007ff9dacb0000 - 0x00007ff9dad7d000 	C:\Windows\System32\OLEAUT32.dll
0x00007ff9dbf30000 - 0x00007ff9dbfdd000 	C:\Windows\System32\SHCORE.dll
0x00007ff9dad80000 - 0x00007ff9daddb000 	C:\Windows\System32\shlwapi.dll
0x00007ff9da1b0000 - 0x00007ff9da1d4000 	C:\Windows\SYSTEM32\profapi.dll
0x00007ff9983c0000 - 0x00007ff998496000 	C:\Program Files\Java\jdk-21.0.8+9\bin\jsvml.dll
0x00007ff9aaf50000 - 0x00007ff9aaf61000 	C:\Program Files\Java\jdk-21.0.8+9\bin\net.dll
0x00007ff9d31d0000 - 0x00007ff9d32da000 	C:\Windows\SYSTEM32\WINHTTP.dll
0x00007ff9d99b0000 - 0x00007ff9d9a1a000 	C:\Windows\system32\mswsock.dll
0x00007ff9aaf30000 - 0x00007ff9aaf46000 	C:\Program Files\Java\jdk-21.0.8+9\bin\nio.dll
0x00007ff9aaf10000 - 0x00007ff9aaf28000 	C:\Program Files\Java\jdk-21.0.8+9\bin\zip.dll
0x00007ff99d3b0000 - 0x00007ff99d3ca000 	C:\Program Files\JetBrains\IntelliJ IDEA 2024.2.3\bin\breakgen64.dll
0x000001d5f9d70000 - 0x000001d5f9d73000 	C:\Users\Makar\.openjfx\cache\22.0.1+7\amd64\api-ms-win-core-console-l1-1-0.dll
0x000001d5f9d80000 - 0x000001d5f9d83000 	C:\Users\Makar\.openjfx\cache\22.0.1+7\amd64\api-ms-win-core-console-l1-2-0.dll
0x000001d5f9d90000 - 0x000001d5f9d93000 	C:\Users\Makar\.openjfx\cache\22.0.1+7\amd64\api-ms-win-core-datetime-l1-1-0.dll
0x000001d5f9da0000 - 0x000001d5f9da3000 	C:\Users\Makar\.openjfx\cache\22.0.1+7\amd64\api-ms-win-core-debug-l1-1-0.dll
0x000001d5f9db0000 - 0x000001d5f9db3000 	C:\Users\Makar\.openjfx\cache\22.0.1+7\amd64\api-ms-win-core-errorhandling-l1-1-0.dll
0x000001d5f9dc0000 - 0x000001d5f9dc4000 	C:\Users\Makar\.openjfx\cache\22.0.1+7\amd64\api-ms-win-core-file-l1-1-0.dll
0x000001d5f9dd0000 - 0x000001d5f9dd3000 	C:\Users\Makar\.openjfx\cache\22.0.1+7\amd64\api-ms-win-core-file-l1-2-0.dll
0x000001d5f9de0000 - 0x000001d5f9de3000 	C:\Users\Makar\.openjfx\cache\22.0.1+7\amd64\api-ms-win-core-file-l2-1-0.dll
0x000001d5f9df0000 - 0x000001d5f9df3000 	C:\Users\Makar\.openjfx\cache\22.0.1+7\amd64\api-ms-win-core-handle-l1-1-0.dll
0x000001d5f9e00000 - 0x000001d5f9e03000 	C:\Users\Makar\.openjfx\cache\22.0.1+7\amd64\api-ms-win-core-heap-l1-1-0.dll
0x000001d5f9e10000 - 0x000001d5f9e13000 	C:\Users\Makar\.openjfx\cache\22.0.1+7\amd64\api-ms-win-core-interlocked-l1-1-0.dll
0x000001d5f9e20000 - 0x000001d5f9e23000 	C:\Users\Makar\.openjfx\cache\22.0.1+7\amd64\api-ms-win-core-libraryloader-l1-1-0.dll
0x000001d5f9e30000 - 0x000001d5f9e33000 	C:\Users\Makar\.openjfx\cache\22.0.1+7\amd64\api-ms-win-core-localization-l1-2-0.dll
0x000001d5f9e40000 - 0x000001d5f9e43000 	C:\Users\Makar\.openjfx\cache\22.0.1+7\amd64\api-ms-win-core-memory-l1-1-0.dll
0x000001d5f9e50000 - 0x000001d5f9e53000 	C:\Users\Makar\.openjfx\cache\22.0.1+7\amd64\api-ms-win-core-namedpipe-l1-1-0.dll
0x000001d5f9e60000 - 0x000001d5f9e63000 	C:\Users\Makar\.openjfx\cache\22.0.1+7\amd64\api-ms-win-core-processenvironment-l1-1-0.dll
0x000001d5f9e70000 - 0x000001d5f9e73000 	C:\Users\Makar\.openjfx\cache\22.0.1+7\amd64\api-ms-win-core-processthreads-l1-1-0.dll
0x000001d5f9e80000 - 0x000001d5f9e83000 	C:\Users\Makar\.openjfx\cache\22.0.1+7\amd64\api-ms-win-core-processthreads-l1-1-1.dll
0x000001d5f9e90000 - 0x000001d5f9e93000 	C:\Users\Makar\.openjfx\cache\22.0.1+7\amd64\api-ms-win-core-profile-l1-1-0.dll
0x000001d5f9ea0000 - 0x000001d5f9ea3000 	C:\Users\Makar\.openjfx\cache\22.0.1+7\amd64\api-ms-win-core-rtlsupport-l1-1-0.dll
0x000001d5f9eb0000 - 0x000001d5f9eb3000 	C:\Users\Makar\.openjfx\cache\22.0.1+7\amd64\api-ms-win-core-string-l1-1-0.dll
0x000001d5f9ec0000 - 0x000001d5f9ec3000 	C:\Users\Makar\.openjfx\cache\22.0.1+7\amd64\api-ms-win-core-synch-l1-1-0.dll
0x000001d5f9ed0000 - 0x000001d5f9ed3000 	C:\Users\Makar\.openjfx\cache\22.0.1+7\amd64\api-ms-win-core-synch-l1-2-0.dll
0x000001d5f9ee0000 - 0x000001d5f9ee3000 	C:\Users\Makar\.openjfx\cache\22.0.1+7\amd64\api-ms-win-core-sysinfo-l1-1-0.dll
0x000001d5f9ef0000 - 0x000001d5f9ef3000 	C:\Users\Makar\.openjfx\cache\22.0.1+7\amd64\api-ms-win-core-timezone-l1-1-0.dll
0x000001d5f9f00000 - 0x000001d5f9f03000 	C:\Users\Makar\.openjfx\cache\22.0.1+7\amd64\api-ms-win-core-util-l1-1-0.dll
0x000001d5f9f10000 - 0x000001d5f9f13000 	C:\Users\Makar\.openjfx\cache\22.0.1+7\amd64\api-ms-win-crt-conio-l1-1-0.dll
0x000001d5f9f20000 - 0x000001d5f9f24000 	C:\Users\Makar\.openjfx\cache\22.0.1+7\amd64\api-ms-win-crt-convert-l1-1-0.dll
0x000001d5f9f30000 - 0x000001d5f9f33000 	C:\Users\Makar\.openjfx\cache\22.0.1+7\amd64\api-ms-win-crt-environment-l1-1-0.dll
0x000001d5f9f40000 - 0x000001d5f9f43000 	C:\Users\Makar\.openjfx\cache\22.0.1+7\amd64\api-ms-win-crt-filesystem-l1-1-0.dll
0x000001d5f9f50000 - 0x000001d5f9f53000 	C:\Users\Makar\.openjfx\cache\22.0.1+7\amd64\api-ms-win-crt-heap-l1-1-0.dll
0x000001d5f9f60000 - 0x000001d5f9f63000 	C:\Users\Makar\.openjfx\cache\22.0.1+7\amd64\api-ms-win-crt-locale-l1-1-0.dll
0x000001d5f9f70000 - 0x000001d5f9f75000 	C:\Users\Makar\.openjfx\cache\22.0.1+7\amd64\api-ms-win-crt-math-l1-1-0.dll
0x000001d5f9f80000 - 0x000001d5f9f85000 	C:\Users\Makar\.openjfx\cache\22.0.1+7\amd64\api-ms-win-crt-multibyte-l1-1-0.dll
0x000001d5f9f90000 - 0x000001d5f9fa0000 	C:\Users\Makar\.openjfx\cache\22.0.1+7\amd64\api-ms-win-crt-private-l1-1-0.dll
0x000001d5f9fa0000 - 0x000001d5f9fa3000 	C:\Users\Makar\.openjfx\cache\22.0.1+7\amd64\api-ms-win-crt-process-l1-1-0.dll
0x000001d5f9fb0000 - 0x000001d5f9fb4000 	C:\Users\Makar\.openjfx\cache\22.0.1+7\amd64\api-ms-win-crt-runtime-l1-1-0.dll
0x000001d5f9fc0000 - 0x000001d5f9fc4000 	C:\Users\Makar\.openjfx\cache\22.0.1+7\amd64\api-ms-win-crt-stdio-l1-1-0.dll
0x000001d5f9fd0000 - 0x000001d5f9fd4000 	C:\Users\Makar\.openjfx\cache\22.0.1+7\amd64\api-ms-win-crt-string-l1-1-0.dll
0x000001d5f9fe0000 - 0x000001d5f9fe3000 	C:\Users\Makar\.openjfx\cache\22.0.1+7\amd64\api-ms-win-crt-time-l1-1-0.dll
0x000001d5f9ff0000 - 0x000001d5f9ff3000 	C:\Users\Makar\.openjfx\cache\22.0.1+7\amd64\api-ms-win-crt-utility-l1-1-0.dll
0x00007ff993b30000 - 0x00007ff993c2c000 	C:\Users\Makar\.openjfx\cache\22.0.1+7\amd64\ucrtbase.dll
0x00007ff99c0a0000 - 0x00007ff99c0bb000 	C:\Users\Makar\.openjfx\cache\22.0.1+7\amd64\vcruntime140.dll
0x00007ff9c12c0000 - 0x00007ff9c12cc000 	C:\Users\Makar\.openjfx\cache\22.0.1+7\amd64\vcruntime140_1.dll
0x00007ff998040000 - 0x00007ff9980ce000 	C:\Users\Makar\.openjfx\cache\22.0.1+7\amd64\msvcp140.dll
0x00007ff9bf550000 - 0x00007ff9bf559000 	C:\Users\Makar\.openjfx\cache\22.0.1+7\amd64\msvcp140_1.dll
0x00007ff9981c0000 - 0x00007ff998201000 	C:\Users\Makar\.openjfx\cache\22.0.1+7\amd64\msvcp140_2.dll
0x00007ff997d50000 - 0x00007ff997d80000 	C:\Users\Makar\.openjfx\cache\22.0.1+7\amd64\prism_d3d.dll
0x00007ff99f700000 - 0x00007ff99f8d1000 	C:\Windows\system32\d3d9.dll
0x00007ff9d79c0000 - 0x00007ff9d79ee000 	C:\Windows\SYSTEM32\dwmapi.dll
0x00007ff9d4400000 - 0x00007ff9d449e000 	C:\Windows\system32\uxtheme.dll
0x00007ff9717b0000 - 0x00007ff971a4f000 	C:\Windows\System32\DriverStore\FileRepository\iigd_dch.inf_amd64_68fe65fbc646d3a4\igdumdim64.dll
0x00007ff9daf30000 - 0x00007ff9db05b000 	C:\Windows\System32\ole32.dll
0x00007ff92c0b0000 - 0x00007ff92dd4e000 	C:\Windows\System32\DriverStore\FileRepository\iigd_dch.inf_amd64_68fe65fbc646d3a4\igd9trinity64.dll
0x00007ff9d8be0000 - 0x00007ff9d8cd6000 	C:\Windows\system32\dxgi.dll
0x00007ff9c98f0000 - 0x00007ff9c9e9b000 	C:\Windows\System32\DriverStore\FileRepository\iigd_dch.inf_amd64_68fe65fbc646d3a4\igdgmm64.dll
0x00007ff9c4540000 - 0x00007ff9c97f4000 	C:\Windows\System32\DriverStore\FileRepository\iigd_dch.inf_amd64_68fe65fbc646d3a4\igc64.dll
0x00007ff975230000 - 0x00007ff97527e000 	C:\Windows\SYSTEM32\ControlLib.dll
0x00007ff9da820000 - 0x00007ff9da86e000 	C:\Windows\System32\CFGMGR32.dll
0x00007ff9a1840000 - 0x00007ff9a18f1000 	C:\Windows\System32\DriverStore\FileRepository\iigd_dch.inf_amd64_68fe65fbc646d3a4\IntelControlLib.dll
0x00007ff9d76d0000 - 0x00007ff9d7934000 	C:\Windows\SYSTEM32\d3d11.dll
0x00007ff92a940000 - 0x00007ff92c0ab000 	C:\Windows\System32\DriverStore\FileRepository\iigd_dch.inf_amd64_68fe65fbc646d3a4\igd9dxva64.dll
0x00007ff9dc100000 - 0x00007ff9dc570000 	C:\Windows\System32\SETUPAPI.dll
0x00007ff973150000 - 0x00007ff975223000 	C:\Windows\System32\DriverStore\FileRepository\iigd_dch.inf_amd64_68fe65fbc646d3a4\media_bin_64.dll
0x00007ff997b40000 - 0x00007ff997b85000 	C:\Users\Makar\.openjfx\cache\22.0.1+7\amd64\glass.dll
0x00007ff9dc9a0000 - 0x00007ff9dca7a000 	C:\Windows\System32\COMDLG32.dll
0x00007ff9dbfe0000 - 0x00007ff9dc0f5000 	C:\Windows\System32\MSCTF.dll
0x00007ff98a250000 - 0x00007ff98a3f1000 	C:\Windows\System32\DriverStore\FileRepository\iigd_dch.inf_amd64_68fe65fbc646d3a4\igdml64.dll
0x00007ff9b0de0000 - 0x00007ff9b0e08000 	C:\Windows\System32\DriverStore\FileRepository\iigd_dch.inf_amd64_68fe65fbc646d3a4\igdinfo64.dll
0x00007ff9d22e0000 - 0x00007ff9d231b000 	C:\Windows\SYSTEM32\dxcore.dll
0x00007ff9dc570000 - 0x00007ff9dc619000 	C:\Windows\System32\clbcatq.dll
0x00007ff9c1340000 - 0x00007ff9c147f000 	C:\Windows\System32\Windows.UI.dll
0x00007ff9c0600000 - 0x00007ff9c06f9000 	C:\Windows\System32\TextInputFramework.dll
0x00007ff9ad930000 - 0x00007ff9ada82000 	C:\Windows\System32\InputHost.dll
0x00007ff9cf8c0000 - 0x00007ff9cfc1b000 	C:\Windows\System32\CoreUIComponents.dll
0x00007ff9cb790000 - 0x00007ff9cb831000 	C:\Windows\System32\WindowManagementAPI.dll
0x00007ff9d1700000 - 0x00007ff9d17f2000 	C:\Windows\System32\CoreMessaging.dll
0x00007ff9d3b70000 - 0x00007ff9d3c64000 	C:\Windows\System32\PROPSYS.dll
0x00007ff9d34a0000 - 0x00007ff9d35f7000 	C:\Windows\SYSTEM32\wintypes.dll

JVMTI agents:
C:\Program Files\JetBrains\IntelliJ IDEA 2024.2.3\lib\idea_rt.jar path:C:\Program Files\Java\jdk-21.0.8+9\bin\instrument.dll, loaded, initialized, instrumentlib options:58256:C:\Program Files\JetBrains\IntelliJ IDEA 2024.2.3\bin

dbghelp: loaded successfully - version: 4.0.5 - missing functions: none
symbol engine: initialized successfully - sym options: 0x614 - pdb path: .;C:\Program Files\Java\jdk-21.0.8+9\bin;C:\Windows\SYSTEM32;C:\Windows\WinSxS\amd64_microsoft.windows.common-controls_6595b64144ccf1df_6.0.19041.6456_none_60b8a6cb71f64256;C:\Program Files\Java\jdk-21.0.8+9\bin\server;C:\Program Files\JetBrains\IntelliJ IDEA 2024.2.3\bin;C:\Users\Makar\.openjfx\cache\22.0.1+7\amd64;C:\Windows\System32\DriverStore\FileRepository\iigd_dch.inf_amd64_68fe65fbc646d3a4;C:\Program Files\Common Files\Microsoft Shared\Ink;C:\Users\Makar\AppData\Local\Temp\onnxruntime-java8184731091112965390;C:\Users\Makar\.djl.ai\pytorch\2.7.1-cpu-win-x86_64;C:\Users\Makar\AppData\Local\Temp\jna-74106792;C:\Users\Makar\AppData\Local\Temp\tess4j\win32-x86-64

VM Arguments:
jvm_args: -javaagent:C:\Program Files\JetBrains\IntelliJ IDEA 2024.2.3\lib\idea_rt.jar=58256:C:\Program Files\JetBrains\IntelliJ IDEA 2024.2.3\bin -Dfile.encoding=UTF-8 -Dsun.stdout.encoding=UTF-8 -Dsun.stderr.encoding=UTF-8 --module-path=C:\Users\Makar\.m2\repository\org\controlsfx\controlsfx\11.2.1\controlsfx-11.2.1.jar;C:\Users\Makar\.m2\repository\org\xerial\sqlite-jdbc\3.45.1.0\sqlite-jdbc-3.45.1.0.jar;C:\Users\Makar\.m2\repository\eu\hansolo\tilesfx\21.0.3\tilesfx-21.0.3.jar;C:\Users\Makar\.m2\repository\eu\hansolo\toolbox\21.0.5\toolbox-21.0.5.jar;C:\Users\Makar\.m2\repository\eu\hansolo\fx\heatmap\21.0.3\heatmap-21.0.3.jar;C:\Users\Makar\.m2\repository\org\openjfx\javafx-web\22.0.1\javafx-web-22.0.1-win.jar;C:\Users\Makar\.m2\repository\org\kordamp\ikonli\ikonli-core\12.3.1\ikonli-core-12.3.1.jar;C:\Users\Makar\.m2\repository\eu\hansolo\fx\countries\21.0.3\countries-21.0.3.jar;C:\Users\Makar\.m2\repository\org\openjfx\javafx-base\22.0.1\javafx-base-22.0.1-win.jar;C:\Users\Makar\.m2\repository\net\synedra\validatorfx\0.5.0\validatorfx-0.5.0.jar;C:\Users\Makar\.m2\repository\org\openjfx\javafx-swing\22.0.1\javafx-swing-22.0.1-win.jar;C:\Users\Makar\.m2\repository\org\slf4j\slf4j-api\2.0.17\slf4j-api-2.0.17.jar;C:\Users\Makar\.m2\repository\net\sourceforge\tess4j\tess4j\5.11.0\tess4j-5.11.0.jar;C:\Users\Makar\IdeaProjects\java-project\ScreenObjectsExtractor\target\classes;C:\Users\Makar\.m2\repository\com\dlsc\formsfx\formsfx-core\11.6.0\formsfx-core-11.6.0.jar;C:\Users\Makar\.m2\repository\org\openjfx\javafx-graphics\22.0.1\javafx-graphics-22.0.1-win.jar;C:\Users\Makar\.m2\repository\eu\hansolo\toolboxfx\21.0.3\toolboxfx-21.0.3.jar;C:\Users\Makar\.m2\repository\org\slf4j\slf4j-simple\2.0.7\slf4j-simple-2.0.7.jar;C:\Users\Makar\.m2\repository\org\openjfx\javafx-controls\22.0.1\javafx-controls-22.0.1-win.jar;C:\Users\Makar\.m2\repository\org\openjfx\javafx-media\22.0.1\javafx-media-22.0.1-win.jar;C:\Users\Makar\.m2\repository\org\kordamp\ikonli\ikonli-javafx\12.3.1\ikonli-javafx-12.3.1.jar;C:\Users\Makar\.m2\repository\org\openjfx\javafx-fxml\22.0.1\javafx-fxml-22.0.1-win.jar;C:\Users\Makar\.m2\repository\com\microsoft\onnxruntime\onnxruntime\1.23.2\onnxruntime-1.23.2.jar;C:\Users\-Djdk.module.main=org.makar.ocrapp.screenobjectsextractor 
java_command: org.makar.ocrapp.screenobjectsextractor/org.makar.ocrapp.screenobjectsextractor.MainApplication
java_class_path (initial): C:\Users\Makar\.m2\repository\org\openjfx\javafx-controls\22.0.1\javafx-controls-22.0.1.jar;C:\Users\Makar\.m2\repository\org\openjfx\javafx-graphics\22.0.1\javafx-graphics-22.0.1.jar;C:\Users\Makar\.m2\repository\org\openjfx\javafx-base\22.0.1\javafx-base-22.0.1.jar;C:\Users\Makar\.m2\repository\org\openjfx\javafx-fxml\22.0.1\javafx-fxml-22.0.1.jar;C:\Users\Makar\.m2\repository\org\openjfx\javafx-web\22.0.1\javafx-web-22.0.1.jar;C:\Users\Makar\.m2\repository\org\openjfx\javafx-media\22.0.1\javafx-media-22.0.1.jar;C:\Users\Makar\.m2\repository\org\openjfx\javafx-swing\22.0.1\javafx-swing-22.0.1.jar;C:\Users\Makar\.m2\repository\com\google\code\gson\gson\2.13.1\gson-2.13.1.jar;C:\Users\Makar\.m2\repository\com\google\errorprone\error_prone_annotations\2.38.0\error_prone_annotations-2.38.0.jar;C:\Users\Makar\.m2\repository\net\java\dev\jna\jna\5.17.0\jna-5.17.0.jar;C:\Users\Makar\.m2\repository\org\apache\commons\commons-compress\1.27.1\commons-compress-1.27.1.jar;C:\Users\Makar\.m2\repository\commons-codec\commons-codec\1.17.1\commons-codec-1.17.1.jar;C:\Users\Makar\.m2\repository\ai\djl\pytorch\pytorch-engine\0.35.0\pytorch-engine-0.35.0.jar;C:\Users\Makar\.m2\repository\ai\djl\pytorch\pytorch-native-cpu\2.7.1\pytorch-native-cpu-2.7.1.jar;C:\Users\Makar\.m2\repository\ai\djl\pytorch\pytorch-jni\2.7.1-0.35.0\pytorch-jni-2.7.1-0.35.0.jar;C:\Users\Makar\.m2\repository\org\apiguardian\apiguardian-api\1.1.2\apiguardian-api-1.1.2.jar;C:\Users\Makar\.m2\repository\com\github\jai-imageio\jai-imageio-core\1.4.0\jai-imageio-core-1.4.0.jar;C:\Users\Makar\.m2\repository\org\apache\pdfbox\pdfbox\3.0.1\pdfbox-3.0.1.jar;C:\Users\Makar\.m2\repository\org\apache\pdfbox\pdfbox-io\3.0.1\pdfbox-io-3.0.1.jar;C:\Users\Makar\.m2\repository\org\apache\pdfbox\fontbox\3.0.1\fontbox-3.0.1.jar;C:\Users\Makar\.m2\repository\commons-logging\commons-logging\1.2\commons-logging-1.2.jar;C:\Users\Makar\.m2\repository\org\junit\jupiter\junit-jupiter\5.10.1\junit-jupiter-5.10.1.jar;C:\Users\Makar\.m2\repository\org\junit\jupiter\junit-jupiter-params\5.10.1\junit-jupiter-params-5.10.1.jar;C:\Users\Makar\.m2\repository\org\apache\pdfbox\pdfbox-tools\3.0.1\pdfbox-tools-3.0.1.jar;C:\Users\Makar\.m2\repository\org\apache\pdfbox\pdfbox-debugger\3.0.1\pdfbox-debugger-3.0.1.jar;C:\Users\Makar\.m2\repository\info\picocli\picocli\4.7.5\picocli-4.7.5.jar;C:\Users\Makar\.m2\repository\org\apache\pdfbox\jbig2-imageio\3.0.4\jbig2-imageio-3.0.4.jar;C:\Users\Makar\.m2\repository\commons-io\commons-io\2.15.1\commons-io-2.15.1.jar;C:\Users\Makar\.m2\repository\net\sourceforge\lept4j\lept4j\1.19.1\lept4j-1.19.1.jar;C:\Users\Makar\.m2\repository\org\jboss\jboss-vfs\3.2.17.Final\jboss-vfs-3.2.17.Final.jar;C:\Users\Makar\.m2\repository\org\jboss\logging\jboss-logging\3.1.4.GA\jboss-logging-3.1.4.GA.jar
Launcher Type: SUN_STANDARD

[Global flags]
     intx CICompilerCount                          = 4                                         {product} {ergonomic}
     uint ConcGCThreads                            = 3                                         {product} {ergonomic}
     uint G1ConcRefinementThreads                  = 10                                        {product} {ergonomic}
   size_t G1HeapRegionSize                         = 2097152                                   {product} {ergonomic}
    uintx GCDrainStackTargetSize                   = 64                                        {product} {ergonomic}
   size_t InitialHeapSize                          = 264241152                                 {product} {ergonomic}
   size_t MarkStackSize                            = 4194304                                   {product} {ergonomic}
   size_t MaxHeapSize                              = 4223664128                                {product} {ergonomic}
   size_t MaxNewSize                               = 2533359616                                {product} {ergonomic}
   size_t MinHeapDeltaBytes                        = 2097152                                   {product} {ergonomic}
   size_t MinHeapSize                              = 8388608                                   {product} {ergonomic}
    uintx NonNMethodCodeHeapSize                   = 5839372                                {pd product} {ergonomic}
    uintx NonProfiledCodeHeapSize                  = 122909434                              {pd product} {ergonomic}
    uintx ProfiledCodeHeapSize                     = 122909434                              {pd product} {ergonomic}
    uintx ReservedCodeCacheSize                    = 251658240                              {pd product} {ergonomic}
     bool SegmentedCodeCache                       = true                                      {product} {ergonomic}
   size_t SoftMaxHeapSize                          = 4223664128                             {manageable} {ergonomic}
     bool UseCompressedOops                        = true                           {product lp64_product} {ergonomic}
     bool UseG1GC                                  = true                                      {product} {ergonomic}
     bool UseLargePagesIndividualAllocation        = false                                  {pd product} {ergonomic}

Logging:
Log output configuration:
 #0: stdout all=warning uptime,level,tags foldmultilines=false
 #1: stderr all=off uptime,level,tags foldmultilines=false

Environment Variables:
JAVA_HOME=C:\Java\jdk-22.0.2
PATH=C:\Program Files (x86)\VMware\VMware Workstation\bin\;C:\Program Files\Python310\Scripts\;C:\Program Files\Python310\;C:\Program Files\Common Files\Oracle\Java\javapath;C:\Program Files (x86)\Common Files\Oracle\Java\javapath;C:\Windows\system32;C:\Windows;C:\Windows\System32\Wbem;C:\Windows\System32\WindowsPowerShell\v1.0\;C:\Windows\System32\OpenSSH\;C:\Python;C:\Program Files\swipl\bin;C:\Program Files\Apache\Maven\apache-maven-3.9.9\bin;C:\Program Files\Ampps\php;C:\Program Files\PostgreSQL\17\bin;C:\msys64\mingw64\bin;C:\Program Files\Git\cmd;C:\Program Files\nodejs\;C:\Program Files\MATLAB\R2023a\runtime\win64;C:\Program Files\MATLAB\R2023a\bin;C:\Program Files\dotnet\;C:\Program Files\Microsoft SQL Server\110\Tools\Binn\;C:\Program Files\AmneziaWG\;C:\Program Files\Pieces for Developers;C:\Program Files\PostgreSQL\18\bin;C:\Users\Makar\AppData\Roaming\local\bin;C:\Program Files\MySQL\MySQL Shell 8.0\bin\;C:\Python\Scripts\;C:\Python\;C:\Users\Makar\AppData\Local\Programs\Python\Launcher\;C:\Users\Makar\AppData\Local\Microsoft\WindowsApps;C:\Program Files\JetBrains\PyCharm Community Edition 2024.1.3\bin;;C:\Program Files\JetBrains\IntelliJ IDEA Community Edition 2024.2.3\bin;;C:\ghcup\bin;C:\Program Files\JetBrains\IntelliJ IDEA 2024.2.3\bin;;C:\Users\Makar\AppData\Roaming\npm;C:\Users\Makar\AppData\Local\Programs\Microsoft VS Code\bin
USERNAME=Makar
OS=Windows_NT
PROCESSOR_IDENTIFIER=Intel64 Family 6 Model 154 Stepping 3, GenuineIntel
TMP=C:\Users\Makar\AppData\Local\Temp
TEMP=C:\Users\Makar\AppData\Local\Temp




Periodic native trim disabled

---------------  S Y S T E M  ---------------

OS:
 Windows 10 , 64 bit Build 19041 (10.0.19041.5915)
OS uptime: 2 days 2:24 hours
Hyper-V role detected

CPU: total 12 (initial active 12) (6 cores per cpu, 2 threads per core) family 6 model 154 stepping 3 microcode 0x42c, cx8, cmov, fxsr, ht, mmx, 3dnowpref, sse, sse2, sse3, ssse3, sse4.1, sse4.2, popcnt, lzcnt, tsc, tscinvbit, avx, avx2, aes, erms, clmul, bmi1, bmi2, adx, sha, fma, vzeroupper, clflush, clflushopt, clwb, hv, rdtscp, rdpid, fsrm, f16c, cet_ibt, cet_ss
Processor Information for processor 0
  Max Mhz: 2000, Current Mhz: 2000, Mhz Limit: 1500
Processor Information for processor 1
  Max Mhz: 2000, Current Mhz: 2000, Mhz Limit: 1500
Processor Information for processor 2
  Max Mhz: 2000, Current Mhz: 2000, Mhz Limit: 2000
Processor Information for processor 3
  Max Mhz: 2000, Current Mhz: 2000, Mhz Limit: 2000
Processor Information for processor 4
  Max Mhz: 2000, Current Mhz: 2000, Mhz Limit: 2000
Processor Information for processor 5
  Max Mhz: 2000, Current Mhz: 2000, Mhz Limit: 2000
Processor Information for processor 6
  Max Mhz: 2000, Current Mhz: 2000, Mhz Limit: 2000
Processor Information for processor 7
  Max Mhz: 2000, Current Mhz: 2000, Mhz Limit: 2000
Processor Information for processor 8
  Max Mhz: 2000, Current Mhz: 1500, Mhz Limit: 1500
Processor Information for processor 9
  Max Mhz: 2000, Current Mhz: 1500, Mhz Limit: 1500
Processor Information for processor 10
  Max Mhz: 2000, Current Mhz: 1500, Mhz Limit: 1500
Processor Information for processor 11
  Max Mhz: 2000, Current Mhz: 1500, Mhz Limit: 1500

Memory: 4k page, system-wide physical 16108M (2771M free)
TotalPageFile size 30281M (AvailPageFile size 4979M)
current process WorkingSet (physical memory assigned to process): 868M, peak: 872M
current process commit charge ("private bytes"): 1093M, peak: 1099M

vm_info: OpenJDK 64-Bit Server VM (21.0.8+9-LTS) for windows-amd64 JRE (21.0.8+9-LTS), built on 2025-07-10T20:22:44Z by "MicrosoftCorporation" with unknown MS VC++:1944

END.
