#
# A fatal error has been detected by the Java Runtime Environment:
#
#  EXCEPTION_ACCESS_VIOLATION (0xc0000005) at pc=0x00007ffe32e799ff, pid=9856, tid=1052
#
# JRE version: OpenJDK Runtime Environment Microsoft-11933218 (21.0.8+9) (build 21.0.8+9-LTS)
# Java VM: OpenJDK 64-Bit Server VM Microsoft-11933218 (21.0.8+9-LTS, mixed mode, sharing, tiered, compressed oops, compressed class ptrs, g1 gc, windows-amd64)
# Problematic frame:
# C  0x00007ffe32e799ff
#
# No core dump will be written. Minidumps are not enabled by default on client versions of Windows
#
# If you would like to submit a bug report, please visit:
#   https://github.com/microsoft/openjdk/issues
# The crash happened outside the Java Virtual Machine in native code.
# See problematic frame for where to report the bug.
#

---------------  S U M M A R Y ------------

Command Line: -javaagent:C:\Program Files\JetBrains\IntelliJ IDEA 2024.2.3\lib\idea_rt.jar=54732:C:\Program Files\JetBrains\IntelliJ IDEA 2024.2.3\bin -Dfile.encoding=UTF-8 -Dsun.stdout.encoding=UTF-8 -Dsun.stderr.encoding=UTF-8 --module-path=C:\Users\Makar\.m2\repository\org\openjfx\javafx-base\22.0.1\javafx-base-22.0.1-win.jar;C:\Users\Makar\.m2\repository\org\openjfx\javafx-graphics\22.0.1\javafx-graphics-22.0.1-win.jar;C:\Users\Makar\.m2\repository\org\kordamp\ikonli\ikonli-javafx\12.3.1\ikonli-javafx-12.3.1.jar;C:\Users\Makar\.m2\repository\eu\hansolo\fx\countries\21.0.3\countries-21.0.3.jar;C:\Users\Makar\.m2\repository\com\microsoft\onnxruntime\onnxruntime\1.23.2\onnxruntime-1.23.2.jar;C:\Users\Makar\.m2\repository\org\kordamp\ikonli\ikonli-core\12.3.1\ikonli-core-12.3.1.jar;C:\Users\Makar\.m2\repository\eu\hansolo\toolbox\21.0.5\toolbox-21.0.5.jar;C:\Users\Makar\.m2\repository\eu\hansolo\fx\heatmap\21.0.3\heatmap-21.0.3.jar;C:\Users\Makar\.m2\repository\org\openjfx\javafx-web\22.0.1\javafx-web-22.0.1-win.jar;C:\Users\Makar\.m2\repository\eu\hansolo\tilesfx\21.0.3\tilesfx-21.0.3.jar;C:\Users\Makar\.m2\repository\eu\hansolo\toolboxfx\21.0.3\toolboxfx-21.0.3.jar;C:\Users\Makar\.m2\repository\org\openjfx\javafx-fxml\22.0.1\javafx-fxml-22.0.1-win.jar;C:\Users\Makar\.m2\repository\org\controlsfx\controlsfx\11.2.1\controlsfx-11.2.1.jar;C:\Users\Makar\.m2\repository\org\openjfx\javafx-controls\22.0.1\javafx-controls-22.0.1-win.jar;C:\Users\Makar\.m2\repository\org\xerial\sqlite-jdbc\3.45.1.0\sqlite-jdbc-3.45.1.0.jar;C:\Users\Makar\.m2\repository\net\sourceforge\tess4j\tess4j\5.11.0\tess4j-5.11.0.jar;C:\Users\Makar\IdeaProjects\java-project\ScreenObjectsExtractor\target\classes;C:\Users\Makar\.m2\repository\org\openjfx\javafx-swing\22.0.1\javafx-swing-22.0.1-win.jar;C:\Users\Makar\.m2\repository\org\slf4j\slf4j-simple\2.0.7\slf4j-simple-2.0.7.jar;C:\Users\Makar\.m2\repository\ai\djl\api\0.35.0\api-0.35.0.jar;C:\Users\Makar\.m2\repository\org\slf4j\slf4j-api\2.0.17\slf4j-api-2.0.17.jar;C:\Users\Makar\.m2\repository\com\dlsc\formsfx\formsfx-core\11.6.0\formsfx-core-11.6.0.jar;C:\Users\Makar\.m2\repository\net\synedra\validatorfx\0.5.0\validatorfx-0.5.0.jar;C:\Users\Makar\.m2\repository\org\op-Djdk.module.main=org.makar.ocrapp.screenobjectsextractor org.makar.ocrapp.screenobjectsextractor/org.makar.ocrapp.screenobjectsextractor.MainApplication

Host: 12th Gen Intel(R) Core(TM) i5-12450H, 12 cores, 15G,  Windows 10 , 64 bit Build 19041 (10.0.19041.5915)
Time: Sat Feb 28 14:06:49 2026 elapsed time: 46.185960 seconds (0d 0h 0m 46s)

---------------  T H R E A D  ---------------

Current thread (0x000001fa1f00be20):  JavaThread "pool-2-thread-2"        [_thread_in_native, id=1052, stack(0x0000005d1e800000,0x0000005d1e900000) (1024K)]

Stack: [0x0000005d1e800000,0x0000005d1e900000],  sp=0x0000005d1e8fce30,  free space=1011k
Native frames: (J=compiled Java code, j=interpreted, Vv=VM code, C=native code)
C  0x00007ffe32e799ff

Java frames: (J=compiled Java code, j=interpreted, Vv=VM code)
j  ai.onnxruntime.OrtSession.run(JJJ[Ljava/lang/String;[JJ[Ljava/lang/String;J[Lai/onnxruntime/OnnxValue;[JJ)[Z+0 com.microsoft.onnxruntime@1.23.2
j  ai.onnxruntime.OrtSession.run(Ljava/util/Map;Ljava/util/Set;Ljava/util/Map;Lai/onnxruntime/OrtSession$RunOptions;)Lai/onnxruntime/OrtSession$Result;+722 com.microsoft.onnxruntime@1.23.2
j  ai.onnxruntime.OrtSession.run(Ljava/util/Map;Ljava/util/Set;)Lai/onnxruntime/OrtSession$Result;+7 com.microsoft.onnxruntime@1.23.2
j  ai.onnxruntime.OrtSession.run(Ljava/util/Map;)Lai/onnxruntime/OrtSession$Result;+6 com.microsoft.onnxruntime@1.23.2
j  org.makar.ocrapp.screenobjectsextractor.model.infrastructure.ai.objectdetection.YoloModelRunner.runModel(Ljava/awt/image/BufferedImage;)Lai/onnxruntime/OrtSession$Result;+33 org.makar.ocrapp.screenobjectsextractor
j  org.makar.ocrapp.screenobjectsextractor.model.infrastructure.ai.objectdetection.ObjectDetectionService.detectObjects(Ljava/awt/image/BufferedImage;)Lai/djl/modality/cv/output/DetectedObjects;+54 org.makar.ocrapp.screenobjectsextractor
j  org.makar.ocrapp.screenobjectsextractor.model.infrastructure.ai.cvServicesOrchestrator.detectObjects(Ljava/awt/image/BufferedImage;J)Lai/djl/modality/cv/output/DetectedObjects;+25 org.makar.ocrapp.screenobjectsextractor
j  org.makar.ocrapp.screenobjectsextractor.model.infrastructure.ai.ImageAnalysisManager.lambda$detectObjectsAsync$1(Ljava/awt/image/BufferedImage;J)Lai/djl/modality/cv/output/DetectedObjects;+17 org.makar.ocrapp.screenobjectsextractor
j  org.makar.ocrapp.screenobjectsextractor.model.infrastructure.ai.ImageAnalysisManager$$Lambda+0x000001f9d133e868.get()Ljava/lang/Object;+12 org.makar.ocrapp.screenobjectsextractor
j  java.util.concurrent.CompletableFuture$AsyncSupply.run()V+37 java.base@21.0.8
j  java.util.concurrent.ThreadPoolExecutor.runWorker(Ljava/util/concurrent/ThreadPoolExecutor$Worker;)V+92 java.base@21.0.8
j  java.util.concurrent.ThreadPoolExecutor$Worker.run()V+5 java.base@21.0.8
j  java.lang.Thread.runWith(Ljava/lang/Object;Ljava/lang/Runnable;)V+5 java.base@21.0.8
j  java.lang.Thread.run()V+19 java.base@21.0.8
v  ~StubRoutines::call_stub 0x000001f9c001100d

siginfo: EXCEPTION_ACCESS_VIOLATION (0xc0000005), reading address 0x0000000000000b10


Registers:
RAX=0x000001fa15cf89e0, RBX=0x0000000000000076, RCX=0x000001fa15cf8660, RDX=0x0000000000000000
RSP=0x0000005d1e8fce30, RBP=0x0000005d1e8fd9c0, RSI=0x000001fa1f76e2b0, RDI=0x0000005d1e8fd638
R8 =0x0000000000000162, R9 =0x0000000000000001, R10=0x000001fa24d57080, R11=0x0000005d1e8fcfc0
R12=0x0000000000000000, R13=0x0000005d1e8fda70, R14=0x0000005d1e8fda68, R15=0x000001fa15cf89e0
RIP=0x00007ffe32e799ff, EFLAGS=0x0000000000010206

XMM[0]=0xc02a8958bff264ec 0xbfed3246bfcc469e
XMM[1]=0xbf68ba93bf68ba93 0xbf68ba93bf68ba93
XMM[2]=0x0000000000000000 0x0000000000000000
XMM[3]=0x0000000000000000 0x0000000000000000
XMM[4]=0x0000000000000000 0x0000000000000000
XMM[5]=0x0000000000000000 0x0000000000000000
XMM[6]=0x0000000000000000 0x0a163ef24847ac12
XMM[7]=0x0000000000000000 0x5d90bb33fe8c88fb
XMM[8]=0x0000000000000000 0xefd3b12f679244fa
XMM[9]=0x0000000000000000 0x03eaec172c85bfef
XMM[10]=0x0000000000000000 0x00000000289ad3d8
XMM[11]=0x0000000000000000 0x201c42f44ca202e3
XMM[12]=0x0000000000000000 0x000000002c85bfef
XMM[13]=0x0000000000000000 0x0000000000000000
XMM[14]=0x0000000000000000 0x0000000000000000
XMM[15]=0x0000000000000000 0x0000000000000000
  MXCSR=0x00001fa0


Register to memory mapping:

RAX=0x000001fa15cf89e0 points into unknown readable memory: 0x00007ffe3334deb0 | b0 de 34 33 fe 7f 00 00
RBX=0x0000000000000076 is an unknown value
RCX=0x000001fa15cf8660 points into unknown readable memory: 0x000000003f800000 | 00 00 80 3f 00 00 00 00
RDX=0x0 is null
RSP=0x0000005d1e8fce30 is pointing into the stack for thread: 0x000001fa1f00be20
RBP=0x0000005d1e8fd9c0 is pointing into the stack for thread: 0x000001fa1f00be20
RSI=0x000001fa1f76e2b0 points into unknown readable memory: 0x00007ffe3333e970 | 70 e9 33 33 fe 7f 00 00
RDI=0x0000005d1e8fd638 is pointing into the stack for thread: 0x000001fa1f00be20
R8 =0x0000000000000162 is an unknown value
R9 =0x0000000000000001 is an unknown value
R10=0x000001fa24d57080 points into unknown readable memory: 0xbd497a6f3ca0a2f7 | f7 a2 a0 3c 6f 7a 49 bd
R11=0x0000005d1e8fcfc0 is pointing into the stack for thread: 0x000001fa1f00be20
R12=0x0 is null
R13=0x0000005d1e8fda70 is pointing into the stack for thread: 0x000001fa1f00be20
R14=0x0000005d1e8fda68 is pointing into the stack for thread: 0x000001fa1f00be20
R15=0x000001fa15cf89e0 points into unknown readable memory: 0x00007ffe3334deb0 | b0 de 34 33 fe 7f 00 00

Top of Stack: (sp=0x0000005d1e8fce30)
0x0000005d1e8fce30:   0000000000000050 0000000000000050
0x0000005d1e8fce40:   0000000000000000 0000000000000000
0x0000005d1e8fce50:   0000000000000000 0000000000000000
0x0000005d1e8fce60:   000001fa1f76e2c0 0000000000000002
0x0000005d1e8fce70:   0000000000000001 0000000000000001
0x0000005d1e8fce80:   0000000000000300 0000000000000050
0x0000005d1e8fce90:   0000000000000050 0000005d1e8fcf80
0x0000005d1e8fcea0:   0000000000000001 0000000000000001
0x0000005d1e8fceb0:   000001fa3a2e6220 0000000000000001
0x0000005d1e8fcec0:   0000000000000001 0000000000000008
0x0000005d1e8fced0:   0000000000000000 0000000000000000
0x0000005d1e8fcee0:   0000000000000000 0000000000000000
0x0000005d1e8fcef0:   000001fa3a2e6e80 0000000000000008
0x0000005d1e8fcf00:   0000000000000001 0000000000000001
0x0000005d1e8fcf10:   000000000012c000 0000000000000300
0x0000005d1e8fcf20:   0000000000000050 0000000000000050
0x0000005d1e8fcf30:   000001fa3a2e6c70 0000000000001900
0x0000005d1e8fcf40:   0000000000001900 0000000000000300
0x0000005d1e8fcf50:   0000000000000000 000000000012c000
0x0000005d1e8fcf60:   0000005d0000006f 0000000000001900
0x0000005d1e8fcf70:   0000ce56916e1091 000001fa30085620
0x0000005d1e8fcf80:   efd3b12f679244fa 0000000000000000
0x0000005d1e8fcf90:   5d90bb33fe8c88fb 0000000000000000
0x0000005d1e8fcfa0:   0a163ef24847ac12 0000000000000000
0x0000005d1e8fcfb0:   0000ce56916e16c1 0000000000000000
0x0000005d1e8fcfc0:   0000000000000076 0000000000000000
0x0000005d1e8fcfd0:   0000005d1e8fd638 000001fa1f76e2b0
0x0000005d1e8fcfe0:   0000005d1e8fd9c0 00007ffe32e73ff0
0x0000005d1e8fcff0:   0000000000000000 0000005d1e8fda68
0x0000005d1e8fd000:   0000005d1e8fda68 0000005d1e8fd638
0x0000005d1e8fd010:   000001fa1d0abe90 0000005d1e8febf0
0x0000005d1e8fd020:   0000000000000000 0000000000000000 

Instructions: (pc=0x00007ffe32e799ff)
0x00007ffe32e798ff:   bc 92 ff 48 8b d8 8b 08 85 c9 74 10 0f 1f 44 00
0x00007ffe32e7990f:   00 e8 3b 1a 16 00 8b 0b 85 c9 75 f5 48 83 c4 20
0x00007ffe32e7991f:   5b c3 cc cc cc cc cc cc cc cc cc cc cc cc cc cc
0x00007ffe32e7992f:   cc 48 81 c1 d0 01 00 00 48 83 39 00 75 0a 48 83
0x00007ffe32e7993f:   3a 00 0f 85 79 dc 99 ff c3 cc cc cc cc cc cc cc
0x00007ffe32e7994f:   cc 48 89 5c 24 08 57 48 83 ec 20 48 8b d9 48 81
0x00007ffe32e7995f:   c1 20 02 00 00 e8 e7 d9 93 ff 48 8d 8b e0 01 00
0x00007ffe32e7996f:   00 48 83 39 00 74 05 e8 e5 02 98 ff 48 8b bb d0
0x00007ffe32e7997f:   01 00 00 48 85 ff 74 16 48 8d 4f 08 e8 b0 d4 92
0x00007ffe32e7998f:   ff ba 28 00 00 00 48 8b cf e8 d3 e6 f9 ff 48 8b
0x00007ffe32e7999f:   8b c0 01 00 00 48 85 c9 74 05 e8 c2 e6 f9 ff 48
0x00007ffe32e799af:   8d 4b 08 48 8b 5c 24 30 48 83 c4 20 5f e9 6f bc
0x00007ffe32e799bf:   fc ff cc cc cc cc cc cc cc cc cc cc cc cc cc cc
0x00007ffe32e799cf:   cc 48 89 5c 24 18 55 56 57 41 56 41 57 48 81 ec
0x00007ffe32e799df:   90 01 00 00 48 8b da 4c 8b f1 48 8b 09 e8 2f 31
0x00007ffe32e799ef:   fa ff 4c 8b f8 4c 8d 04 5b 48 8b 90 c0 00 00 00
0x00007ffe32e799ff:   4a 8b 1c c2 4a 8b 6c c2 08 48 3b dd 74 77 0f 1f
0x00007ffe32e79a0f:   00 48 8b 3b 49 8b 86 c0 01 00 00 48 8d 0c b8 e8
0x00007ffe32e79a1f:   0d bb 92 ff b9 ff ff ff ff f0 0f c1 08 83 f9 01
0x00007ffe32e79a2f:   75 4a 49 8d 4e 08 48 03 ff 4d 8b 87 a8 00 00 00
0x00007ffe32e79a3f:   45 8b 04 f8 48 8d 94 24 c8 01 00 00 e8 60 4b ad
0x00007ffe32e79a4f:   ff 48 8b 30 48 8b bc 24 c8 01 00 00 48 85 ff 74
0x00007ffe32e79a5f:   16 48 8d 4f 08 e8 d7 d3 92 ff ba 28 00 00 00 48
0x00007ffe32e79a6f:   8b cf e8 fa e5 f9 ff 48 85 f6 75 20 48 83 c3 08
0x00007ffe32e79a7f:   48 3b dd 75 8c 48 8b 9c 24 d0 01 00 00 48 81 c4
0x00007ffe32e79a8f:   90 01 00 00 41 5f 41 5e 5f 5e 5d c3 48 8d 4c 24
0x00007ffe32e79a9f:   48 e8 eb ef 93 ff 48 8b d8 48 8d 4c 24 30 e8 ee
0x00007ffe32e79aaf:   51 14 00 90 48 89 44 24 20 4c 8d 0d 49 d1 52 00
0x00007ffe32e79abf:   41 b8 ae 00 00 00 48 8d 15 84 d0 52 00 48 8d 4c
0x00007ffe32e79acf:   24 70 e8 0a dc 92 ff 90 4c 8b cb 4c 8d 05 bf d0
0x00007ffe32e79adf:   52 00 48 8b d0 48 8d 8c 24 d0 00 00 00 e8 3f dd
0x00007ffe32e79aef:   92 ff 48 8d 15 38 6b 62 00 48 8d 8c 24 d0 00 00 


Stack slot to memory mapping:

stack at sp + 0 slots: 0x0000000000000050 is an unknown value
stack at sp + 1 slots: 0x0000000000000050 is an unknown value
stack at sp + 2 slots: 0x0 is null
stack at sp + 3 slots: 0x0 is null
stack at sp + 4 slots: 0x0 is null
stack at sp + 5 slots: 0x0 is null
stack at sp + 6 slots: 0x000001fa1f76e2c0 points into unknown readable memory: 0x0000000000000000 | 00 00 00 00 00 00 00 00
stack at sp + 7 slots: 0x0000000000000002 is an unknown value


---------------  P R O C E S S  ---------------

Threads class SMR info:
_java_thread_list=0x000001fa1c4d7ea0, length=24, elements={
0x000001f9b03d7990, 0x000001f9cfb48a90, 0x000001f9cfb4a6f0, 0x000001f9cfb4c280,
0x000001f9cfb4ef60, 0x000001f9cfb4f9b0, 0x000001f9cfb50400, 0x000001f9cfb51580,
0x000001f9cfb7ac30, 0x000001f9cfc27650, 0x000001fa153fb910, 0x000001fa151b6290,
0x000001fa1568aa60, 0x000001fa15c5b0a0, 0x000001fa15c04de0, 0x000001fa162f56c0,
0x000001fa162f2160, 0x000001fa167cce40, 0x000001fa167cb400, 0x000001fa167cad70,
0x000001fa167cba90, 0x000001fa1f00b790, 0x000001fa1f00be20, 0x000001fa1f00ffc0
}

Java Threads: ( => current thread )
  0x000001f9b03d7990 JavaThread "main"                              [_thread_blocked, id=19332, stack(0x0000005d1a500000,0x0000005d1a600000) (1024K)]
  0x000001f9cfb48a90 JavaThread "Reference Handler"          daemon [_thread_blocked, id=14560, stack(0x0000005d1ad00000,0x0000005d1ae00000) (1024K)]
  0x000001f9cfb4a6f0 JavaThread "Finalizer"                  daemon [_thread_blocked, id=14100, stack(0x0000005d1ae00000,0x0000005d1af00000) (1024K)]
  0x000001f9cfb4c280 JavaThread "Signal Dispatcher"          daemon [_thread_blocked, id=3208, stack(0x0000005d1af00000,0x0000005d1b000000) (1024K)]
  0x000001f9cfb4ef60 JavaThread "Attach Listener"            daemon [_thread_blocked, id=16408, stack(0x0000005d1b000000,0x0000005d1b100000) (1024K)]
  0x000001f9cfb4f9b0 JavaThread "Service Thread"             daemon [_thread_blocked, id=3040, stack(0x0000005d1b100000,0x0000005d1b200000) (1024K)]
  0x000001f9cfb50400 JavaThread "Monitor Deflation Thread"   daemon [_thread_blocked, id=14192, stack(0x0000005d1b200000,0x0000005d1b300000) (1024K)]
  0x000001f9cfb51580 JavaThread "C2 CompilerThread0"         daemon [_thread_blocked, id=11728, stack(0x0000005d1b300000,0x0000005d1b400000) (1024K)]
  0x000001f9cfb7ac30 JavaThread "C1 CompilerThread0"         daemon [_thread_blocked, id=15276, stack(0x0000005d1b400000,0x0000005d1b500000) (1024K)]
  0x000001f9cfc27650 JavaThread "Common-Cleaner"             daemon [_thread_blocked, id=20292, stack(0x0000005d1b500000,0x0000005d1b600000) (1024K)]
  0x000001fa153fb910 JavaThread "Monitor Ctrl-Break"         daemon [_thread_in_native, id=5188, stack(0x0000005d1b800000,0x0000005d1b900000) (1024K)]
  0x000001fa151b6290 JavaThread "Notification Thread"        daemon [_thread_blocked, id=16944, stack(0x0000005d1b900000,0x0000005d1ba00000) (1024K)]
  0x000001fa1568aa60 JavaThread "QuantumRenderer-0"          daemon [_thread_blocked, id=10892, stack(0x0000005d1ba00000,0x0000005d1bb00000) (1024K)]
  0x000001fa15c5b0a0 JavaThread "InvokeLaterDispatcher"      daemon [_thread_blocked, id=2856, stack(0x0000005d1be00000,0x0000005d1bf00000) (1024K)]
  0x000001fa15c04de0 JavaThread "JavaFX Application Thread"         [_thread_in_native, id=1496, stack(0x0000005d1bf00000,0x0000005d1c000000) (1024K)]
  0x000001fa162f56c0 JavaThread "Thread-1"                   daemon [_thread_in_native, id=3308, stack(0x0000005d1cf00000,0x0000005d1d000000) (1024K)]
  0x000001fa162f2160 JavaThread "JavaFX-Launcher"                   [_thread_blocked, id=10676, stack(0x0000005d1d000000,0x0000005d1d100000) (1024K)]
  0x000001fa167cce40 JavaThread "Prism Font Disposer"        daemon [_thread_blocked, id=15180, stack(0x0000005d1d100000,0x0000005d1d200000) (1024K)]
  0x000001fa167cb400 JavaThread "Cleaner-0"                  daemon [_thread_blocked, id=12108, stack(0x0000005d1da00000,0x0000005d1db00000) (1024K)]
  0x000001fa167cad70 JavaThread "Java2D Disposer"            daemon [_thread_blocked, id=4252, stack(0x0000005d1dc00000,0x0000005d1dd00000) (1024K)]
  0x000001fa167cba90 JavaThread "AWT-Windows"                daemon [_thread_in_native, id=3444, stack(0x0000005d1de00000,0x0000005d1df00000) (1024K)]
  0x000001fa1f00b790 JavaThread "pool-2-thread-1"                   [_thread_in_native, id=19900, stack(0x0000005d1e700000,0x0000005d1e800000) (1024K)]
=>0x000001fa1f00be20 JavaThread "pool-2-thread-2"                   [_thread_in_native, id=1052, stack(0x0000005d1e800000,0x0000005d1e900000) (1024K)]
  0x000001fa1f00ffc0 JavaThread "JNA Cleaner"                daemon [_thread_blocked, id=9124, stack(0x0000005d1ea00000,0x0000005d1eb00000) (1024K)]
Total: 24

Other Threads:
  0x000001f9cfb2a0b0 VMThread "VM Thread"                           [id=18172, stack(0x0000005d1ac00000,0x0000005d1ad00000) (1024K)]
  0x000001f9cfb16620 WatcherThread "VM Periodic Task Thread"        [id=9196, stack(0x0000005d1ab00000,0x0000005d1ac00000) (1024K)]
  0x000001f9b043fd60 WorkerThread "GC Thread#0"                     [id=3188, stack(0x0000005d1a600000,0x0000005d1a700000) (1024K)]
  0x000001f9cfdabc30 WorkerThread "GC Thread#1"                     [id=14664, stack(0x0000005d1b600000,0x0000005d1b700000) (1024K)]
  0x000001f9cfdde490 WorkerThread "GC Thread#2"                     [id=15892, stack(0x0000005d1b700000,0x0000005d1b800000) (1024K)]
  0x000001fa15ccbfa0 WorkerThread "GC Thread#3"                     [id=15092, stack(0x0000005d1bb00000,0x0000005d1bc00000) (1024K)]
  0x000001fa15ccc340 WorkerThread "GC Thread#4"                     [id=16528, stack(0x0000005d1bc00000,0x0000005d1bd00000) (1024K)]
  0x000001fa15ccc6e0 WorkerThread "GC Thread#5"                     [id=1068, stack(0x0000005d1bd00000,0x0000005d1be00000) (1024K)]
  0x000001fa15f5fe30 WorkerThread "GC Thread#6"                     [id=15436, stack(0x0000005d1d300000,0x0000005d1d400000) (1024K)]
  0x000001fa15f5f350 WorkerThread "GC Thread#7"                     [id=18576, stack(0x0000005d1d400000,0x0000005d1d500000) (1024K)]
  0x000001fa15f5f6f0 WorkerThread "GC Thread#8"                     [id=19628, stack(0x0000005d1d500000,0x0000005d1d600000) (1024K)]
  0x000001fa15f5fa90 WorkerThread "GC Thread#9"                     [id=19948, stack(0x0000005d1d600000,0x0000005d1d700000) (1024K)]
  0x000001f9b0450900 ConcurrentGCThread "G1 Main Marker"            [id=12600, stack(0x0000005d1a700000,0x0000005d1a800000) (1024K)]
  0x000001f9b0451400 WorkerThread "G1 Conc#0"                       [id=18016, stack(0x0000005d1a800000,0x0000005d1a900000) (1024K)]
  0x000001f9cfbc5ab0 WorkerThread "G1 Conc#1"                       [id=11732, stack(0x0000005d1d200000,0x0000005d1d300000) (1024K)]
  0x000001f9cfbc4c30 WorkerThread "G1 Conc#2"                       [id=13724, stack(0x0000005d1db00000,0x0000005d1dc00000) (1024K)]
  0x000001f9cf9e61b0 ConcurrentGCThread "G1 Refine#0"               [id=14116, stack(0x0000005d1a900000,0x0000005d1aa00000) (1024K)]
  0x000001f9cf9e69d0 ConcurrentGCThread "G1 Service"                [id=8352, stack(0x0000005d1aa00000,0x0000005d1ab00000) (1024K)]
Total: 18

Threads with active compile tasks:
Total: 0

VM state: not at safepoint (normal execution)

VM Mutex/Monitor currently owned by a thread: None

Heap address: 0x0000000704400000, size: 4028 MB, Compressed Oops mode: Zero based, Oop shift amount: 3

CDS archive(s) mapped at: [0x000001f9d0000000-0x000001f9d0c80000-0x000001f9d0c80000), size 13107200, SharedBaseAddress: 0x000001f9d0000000, ArchiveRelocationMode: 1.
Compressed class space mapped at: 0x000001f9d1000000-0x000001fa11000000, reserved size: 1073741824
Narrow klass base: 0x000001f9d0000000, Narrow klass shift: 0, Narrow klass range: 0x100000000

GC Precious Log:
 CardTable entry size: 512
 Card Set container configuration: InlinePtr #cards 4 size 8 Array Of Cards #cards 16 size 48 Howl #buckets 8 coarsen threshold 3686 Howl Bitmap #cards 512 size 80 coarsen threshold 460 Card regions per heap region 1 cards per card region 4096
 CPUs: 12 total, 12 available
 Memory: 16108M
 Large Page Support: Disabled
 NUMA Support: Disabled
 Compressed Oops: Enabled (Zero based)
 Heap Region Size: 2M
 Heap Min Capacity: 8M
 Heap Initial Capacity: 252M
 Heap Max Capacity: 4028M
 Pre-touch: Disabled
 Parallel Workers: 10
 Concurrent Workers: 3
 Concurrent Refinement Workers: 10
 Periodic GC: Disabled

Heap:
 garbage-first heap   total 94208K, used 34288K [0x0000000704400000, 0x0000000800000000)
  region size 2048K, 3 young (6144K), 1 survivors (2048K)
 Metaspace       used 25785K, committed 26240K, reserved 1114112K
  class space    used 3584K, committed 3776K, reserved 1048576K

Heap Regions: E=young(eden), S=young(survivor), O=old, HS=humongous(starts), HC=humongous(continues), CS=collection set, F=free, TAMS=top-at-mark-start, PB=parsable bottom
|   0|0x0000000704400000, 0x0000000704600000, 0x0000000704600000|100%|HS|  |TAMS 0x0000000704400000| PB 0x0000000704400000| Complete 
|   1|0x0000000704600000, 0x0000000704800000, 0x0000000704800000|100%| O|  |TAMS 0x0000000704600000| PB 0x0000000704600000| Untracked 
|   2|0x0000000704800000, 0x0000000704a00000, 0x0000000704a00000|100%|HS|  |TAMS 0x0000000704800000| PB 0x0000000704800000| Complete 
|   3|0x0000000704a00000, 0x0000000704c00000, 0x0000000704c00000|100%|HS|  |TAMS 0x0000000704a00000| PB 0x0000000704a00000| Complete 
|   4|0x0000000704c00000, 0x0000000704e00000, 0x0000000704e00000|100%|HS|  |TAMS 0x0000000704c00000| PB 0x0000000704c00000| Complete 
|   5|0x0000000704e00000, 0x0000000704e00000, 0x0000000705000000|  0%| F|  |TAMS 0x0000000704e00000| PB 0x0000000704e00000| Untracked 
|   6|0x0000000705000000, 0x0000000705000000, 0x0000000705200000|  0%| F|  |TAMS 0x0000000705000000| PB 0x0000000705000000| Untracked 
|   7|0x0000000705200000, 0x0000000705200000, 0x0000000705400000|  0%| F|  |TAMS 0x0000000705200000| PB 0x0000000705200000| Untracked 
|   8|0x0000000705400000, 0x0000000705400000, 0x0000000705600000|  0%| F|  |TAMS 0x0000000705400000| PB 0x0000000705400000| Untracked 
|   9|0x0000000705600000, 0x0000000705600000, 0x0000000705800000|  0%| F|  |TAMS 0x0000000705600000| PB 0x0000000705600000| Untracked 
|  10|0x0000000705800000, 0x0000000705800000, 0x0000000705a00000|  0%| F|  |TAMS 0x0000000705800000| PB 0x0000000705800000| Untracked 
|  11|0x0000000705a00000, 0x0000000705a00000, 0x0000000705c00000|  0%| F|  |TAMS 0x0000000705a00000| PB 0x0000000705a00000| Untracked 
|  12|0x0000000705c00000, 0x0000000705c00000, 0x0000000705e00000|  0%| F|  |TAMS 0x0000000705c00000| PB 0x0000000705c00000| Untracked 
|  13|0x0000000705e00000, 0x0000000705e00000, 0x0000000706000000|  0%| F|  |TAMS 0x0000000705e00000| PB 0x0000000705e00000| Untracked 
|  14|0x0000000706000000, 0x0000000706000000, 0x0000000706200000|  0%| F|  |TAMS 0x0000000706000000| PB 0x0000000706000000| Untracked 
|  15|0x0000000706200000, 0x0000000706200000, 0x0000000706400000|  0%| F|  |TAMS 0x0000000706200000| PB 0x0000000706200000| Untracked 
|  16|0x0000000706400000, 0x0000000706600000, 0x0000000706600000|100%|HS|  |TAMS 0x0000000706400000| PB 0x0000000706400000| Complete 
|  17|0x0000000706600000, 0x0000000706800000, 0x0000000706800000|100%|HC|  |TAMS 0x0000000706600000| PB 0x0000000706600000| Complete 
|  18|0x0000000706800000, 0x00000007069953c0, 0x0000000706a00000| 79%| O|  |TAMS 0x0000000706800000| PB 0x0000000706800000| Untracked 
|  19|0x0000000706a00000, 0x0000000706a00000, 0x0000000706c00000|  0%| F|  |TAMS 0x0000000706a00000| PB 0x0000000706a00000| Untracked 
|  20|0x0000000706c00000, 0x0000000706e00000, 0x0000000706e00000|100%|HS|  |TAMS 0x0000000706c00000| PB 0x0000000706c00000| Complete 
|  21|0x0000000706e00000, 0x0000000707000000, 0x0000000707000000|100%|HC|  |TAMS 0x0000000706e00000| PB 0x0000000706e00000| Complete 
|  22|0x0000000707000000, 0x0000000707000000, 0x0000000707200000|  0%| F|  |TAMS 0x0000000707000000| PB 0x0000000707000000| Untracked 
|  23|0x0000000707200000, 0x0000000707400000, 0x0000000707400000|100%|HS|  |TAMS 0x0000000707200000| PB 0x0000000707200000| Complete 
|  24|0x0000000707400000, 0x0000000707400000, 0x0000000707600000|  0%| F|  |TAMS 0x0000000707400000| PB 0x0000000707400000| Untracked 
|  25|0x0000000707600000, 0x0000000707600000, 0x0000000707800000|  0%| F|  |TAMS 0x0000000707600000| PB 0x0000000707600000| Untracked 
|  26|0x0000000707800000, 0x0000000707800000, 0x0000000707a00000|  0%| F|  |TAMS 0x0000000707800000| PB 0x0000000707800000| Untracked 
|  27|0x0000000707a00000, 0x0000000707a00000, 0x0000000707c00000|  0%| F|  |TAMS 0x0000000707a00000| PB 0x0000000707a00000| Untracked 
|  28|0x0000000707c00000, 0x0000000707c00000, 0x0000000707e00000|  0%| F|  |TAMS 0x0000000707c00000| PB 0x0000000707c00000| Untracked 
|  29|0x0000000707e00000, 0x0000000707e00000, 0x0000000708000000|  0%| F|  |TAMS 0x0000000707e00000| PB 0x0000000707e00000| Untracked 
|  30|0x0000000708000000, 0x0000000708000000, 0x0000000708200000|  0%| F|  |TAMS 0x0000000708000000| PB 0x0000000708000000| Untracked 
|  31|0x0000000708200000, 0x0000000708200000, 0x0000000708400000|  0%| F|  |TAMS 0x0000000708200000| PB 0x0000000708200000| Untracked 
|  32|0x0000000708400000, 0x0000000708400000, 0x0000000708600000|  0%| F|  |TAMS 0x0000000708400000| PB 0x0000000708400000| Untracked 
|  33|0x0000000708600000, 0x0000000708600000, 0x0000000708800000|  0%| F|  |TAMS 0x0000000708600000| PB 0x0000000708600000| Untracked 
|  34|0x0000000708800000, 0x0000000708800000, 0x0000000708a00000|  0%| F|  |TAMS 0x0000000708800000| PB 0x0000000708800000| Untracked 
|  88|0x000000070f400000, 0x000000070f400000, 0x000000070f600000|  0%| F|  |TAMS 0x000000070f400000| PB 0x000000070f400000| Untracked 
|  89|0x000000070f600000, 0x000000070f600000, 0x000000070f800000|  0%| F|  |TAMS 0x000000070f600000| PB 0x000000070f600000| Untracked 
|  90|0x000000070f800000, 0x000000070f800000, 0x000000070fa00000|  0%| F|  |TAMS 0x000000070f800000| PB 0x000000070f800000| Untracked 
|  91|0x000000070fa00000, 0x000000070fbe7000, 0x000000070fc00000| 95%| S|CS|TAMS 0x000000070fa00000| PB 0x000000070fa00000| Complete 
|  92|0x000000070fc00000, 0x000000070fc00000, 0x000000070fe00000|  0%| F|  |TAMS 0x000000070fc00000| PB 0x000000070fc00000| Untracked 
|  93|0x000000070fe00000, 0x000000070fe72b38, 0x0000000710000000| 22%| E|  |TAMS 0x000000070fe00000| PB 0x000000070fe00000| Complete 
| 125|0x0000000713e00000, 0x0000000714000000, 0x0000000714000000|100%| E|CS|TAMS 0x0000000713e00000| PB 0x0000000713e00000| Complete 
|2010|0x00000007ff800000, 0x00000007ffa00000, 0x00000007ffa00000|100%| O|  |TAMS 0x00000007ff800000| PB 0x00000007ff800000| Untracked 
|2011|0x00000007ffa00000, 0x00000007ffc00000, 0x00000007ffc00000|100%| O|  |TAMS 0x00000007ffa00000| PB 0x00000007ffa00000| Untracked 
|2012|0x00000007ffc00000, 0x00000007ffe00000, 0x00000007ffe00000|100%| O|  |TAMS 0x00000007ffc00000| PB 0x00000007ffc00000| Untracked 
|2013|0x00000007ffe00000, 0x0000000800000000, 0x0000000800000000|100%| O|  |TAMS 0x00000007ffe00000| PB 0x00000007ffe00000| Untracked 

Card table byte_map: [0x000001f9c8810000,0x000001f9c8ff0000] _byte_map_base: 0x000001f9c4fee000

Marking Bits: (CMBitMap*) 0x000001f9b0440460
 Bits: [0x000001f9c8ff0000, 0x000001f9ccee0000)

Polling page: 0x000001f9ae3d0000

Metaspace:

Usage:
  Non-class:     21.68 MB used.
      Class:      3.50 MB used.
       Both:     25.18 MB used.

Virtual space:
  Non-class space:       64.00 MB reserved,      21.94 MB ( 34%) committed,  1 nodes.
      Class space:        1.00 GB reserved,       3.69 MB ( <1%) committed,  1 nodes.
             Both:        1.06 GB reserved,      25.62 MB (  2%) committed. 

Chunk freelists:
   Non-Class:  9.59 MB
       Class:  12.36 MB
        Both:  21.95 MB

MaxMetaspaceSize: unlimited
CompressedClassSpaceSize: 1.00 GB
Initial GC threshold: 21.00 MB
Current GC threshold: 35.12 MB
CDS: on
 - commit_granule_bytes: 65536.
 - commit_granule_words: 8192.
 - virtual_space_node_default_size: 8388608.
 - enlarge_chunks_in_place: 1.
 - use_allocation_guard: 0.


Internal statistics:

num_allocs_failed_limit: 3.
num_arena_births: 502.
num_arena_deaths: 0.
num_vsnodes_births: 2.
num_vsnodes_deaths: 0.
num_space_committed: 410.
num_space_uncommitted: 0.
num_chunks_returned_to_freelist: 3.
num_chunks_taken_from_freelist: 1266.
num_chunk_merges: 0.
num_chunk_splits: 882.
num_chunks_enlarged: 662.
num_inconsistent_stats: 0.

CodeHeap 'non-profiled nmethods': size=120000Kb used=2860Kb max_used=2860Kb free=117140Kb
 bounds [0x000001f9c05b0000, 0x000001f9c0880000, 0x000001f9c7ae0000]
CodeHeap 'profiled nmethods': size=120000Kb used=11342Kb max_used=11342Kb free=108657Kb
 bounds [0x000001f9b8ae0000, 0x000001f9b9600000, 0x000001f9c0010000]
CodeHeap 'non-nmethods': size=5760Kb used=2036Kb max_used=2065Kb free=3723Kb
 bounds [0x000001f9c0010000, 0x000001f9c0280000, 0x000001f9c05b0000]
CodeCache: size=245760Kb, used=16238Kb, max_used=16267Kb, free=229520Kb
 total_blobs=6535, nmethods=5533, adapters=906, full_count=0
Compilation: enabled, stopped_count=0, restarted_count=0

Compilation events (20 events):
Event: 45.172 Thread 0x000001f9cfb7ac30 5472       3       sun.awt.image.IntegerInterleavedRaster::setDataElements (134 bytes)
Event: 45.172 Thread 0x000001f9cfb7ac30 nmethod 5472 0x000001f9b95c0190 code [0x000001f9b95c03a0, 0x000001f9b95c0a68]
Event: 45.173 Thread 0x000001f9cfb7ac30 5473       3       sun.awt.image.SunWritableRaster::markDirty (8 bytes)
Event: 45.173 Thread 0x000001f9cfb7ac30 nmethod 5473 0x000001f9b95c0c90 code [0x000001f9b95c0e40, 0x000001f9b95c0fe0]
Event: 45.184 Thread 0x000001f9cfb7ac30 5474   !   3       javafx.scene.Node::pickNode (130 bytes)
Event: 45.186 Thread 0x000001f9cfb7ac30 nmethod 5474 0x000001f9b95c1090 code [0x000001f9b95c1340, 0x000001f9b95c21b0]
Event: 45.201 Thread 0x000001f9cfb7ac30 5475       3       java.util.Hashtable::addEntry (87 bytes)
Event: 45.201 Thread 0x000001f9cfb7ac30 nmethod 5475 0x000001f9b95c2890 code [0x000001f9b95c2a80, 0x000001f9b95c31f8]
Event: 45.204 Thread 0x000001f9cfb7ac30 5477       3       java.lang.ClassLoader::findNative (21 bytes)
Event: 45.204 Thread 0x000001f9cfb7ac30 nmethod 5477 0x000001f9b95c3490 code [0x000001f9b95c3660, 0x000001f9b95c3870]
Event: 45.364 Thread 0x000001f9cfb7ac30 5478       3       javafx.scene.Node::intersects (47 bytes)
Event: 45.365 Thread 0x000001f9cfb7ac30 nmethod 5478 0x000001f9b95c3990 code [0x000001f9b95c3be0, 0x000001f9b95c4510]
Event: 46.073 Thread 0x000001f9cfb7ac30 5479       3       java.util.regex.Pattern$BranchConn::match (11 bytes)
Event: 46.073 Thread 0x000001f9cfb7ac30 nmethod 5479 0x000001f9b95c4890 code [0x000001f9b95c4a40, 0x000001f9b95c4c20]
Event: 46.073 Thread 0x000001f9cfb7ac30 5480       3       java.util.Formatter$Flags::contains (13 bytes)
Event: 46.073 Thread 0x000001f9cfb7ac30 nmethod 5480 0x000001f9b95c4d10 code [0x000001f9b95c4ea0, 0x000001f9b95c4fe0]
Event: 46.075 Thread 0x000001f9cfb7ac30 5481       1       java.util.Formatter$FormatSpecifier::index (5 bytes)
Event: 46.075 Thread 0x000001f9cfb7ac30 nmethod 5481 0x000001f9c0872c10 code [0x000001f9c0872da0, 0x000001f9c0872e68]
Event: 46.075 Thread 0x000001f9cfb51580 5482       4       java.util.concurrent.ConcurrentHashMap$ValueIterator::next (34 bytes)
Event: 46.087 Thread 0x000001f9cfb51580 nmethod 5482 0x000001f9c0872f10 code [0x000001f9c08730c0, 0x000001f9c0873540]

GC Heap History (16 events):
Event: 1.052 GC heap before
{Heap before GC invocations=0 (full 0):
 garbage-first heap   total 258048K, used 22528K [0x0000000704400000, 0x0000000800000000)
  region size 2048K, 11 young (22528K), 0 survivors (0K)
 Metaspace       used 3370K, committed 3520K, reserved 1114112K
  class space    used 354K, committed 448K, reserved 1048576K
}
Event: 1.058 GC heap after
{Heap after GC invocations=1 (full 0):
 garbage-first heap   total 258048K, used 2973K [0x0000000704400000, 0x0000000800000000)
  region size 2048K, 2 young (4096K), 2 survivors (4096K)
 Metaspace       used 3370K, committed 3520K, reserved 1114112K
  class space    used 354K, committed 448K, reserved 1048576K
}
Event: 2.121 GC heap before
{Heap before GC invocations=1 (full 0):
 garbage-first heap   total 258048K, used 37789K [0x0000000704400000, 0x0000000800000000)
  region size 2048K, 20 young (40960K), 2 survivors (4096K)
 Metaspace       used 9542K, committed 9792K, reserved 1114112K
  class space    used 1208K, committed 1344K, reserved 1048576K
}
Event: 2.133 GC heap after
{Heap after GC invocations=2 (full 0):
 garbage-first heap   total 258048K, used 7487K [0x0000000704400000, 0x0000000800000000)
  region size 2048K, 3 young (6144K), 3 survivors (6144K)
 Metaspace       used 9542K, committed 9792K, reserved 1114112K
  class space    used 1208K, committed 1344K, reserved 1048576K
}
Event: 40.306 GC heap before
{Heap before GC invocations=2 (full 0):
 garbage-first heap   total 258048K, used 64831K [0x0000000704400000, 0x0000000800000000)
  region size 2048K, 32 young (65536K), 3 survivors (6144K)
 Metaspace       used 21147K, committed 21504K, reserved 1114112K
  class space    used 3082K, committed 3264K, reserved 1048576K
}
Event: 40.323 GC heap after
{Heap after GC invocations=3 (full 0):
 garbage-first heap   total 258048K, used 14152K [0x0000000704400000, 0x0000000800000000)
  region size 2048K, 6 young (12288K), 6 survivors (12288K)
 Metaspace       used 21147K, committed 21504K, reserved 1114112K
  class space    used 3082K, committed 3264K, reserved 1048576K
}
Event: 41.665 GC heap before
{Heap before GC invocations=4 (full 0):
 garbage-first heap   total 63488K, used 61256K [0x0000000704400000, 0x0000000800000000)
  region size 2048K, 9 young (18432K), 6 survivors (12288K)
 Metaspace       used 22594K, committed 22976K, reserved 1114112K
  class space    used 3239K, committed 3392K, reserved 1048576K
}
Event: 41.681 GC heap after
{Heap after GC invocations=5 (full 0):
 garbage-first heap   total 77824K, used 53377K [0x0000000704400000, 0x0000000800000000)
  region size 2048K, 3 young (6144K), 3 survivors (6144K)
 Metaspace       used 22594K, committed 22976K, reserved 1114112K
  class space    used 3239K, committed 3392K, reserved 1048576K
}
Event: 43.461 GC heap before
{Heap before GC invocations=5 (full 0):
 garbage-first heap   total 77824K, used 61569K [0x0000000704400000, 0x0000000800000000)
  region size 2048K, 7 young (14336K), 3 survivors (6144K)
 Metaspace       used 23968K, committed 24384K, reserved 1114112K
  class space    used 3371K, committed 3584K, reserved 1048576K
}
Event: 43.470 GC heap after
{Heap after GC invocations=6 (full 0):
 garbage-first heap   total 77824K, used 30117K [0x0000000704400000, 0x0000000800000000)
  region size 2048K, 1 young (2048K), 1 survivors (2048K)
 Metaspace       used 23968K, committed 24384K, reserved 1114112K
  class space    used 3371K, committed 3584K, reserved 1048576K
}
Event: 44.594 GC heap before
{Heap before GC invocations=6 (full 0):
 garbage-first heap   total 77824K, used 36261K [0x0000000704400000, 0x0000000800000000)
  region size 2048K, 3 young (6144K), 1 survivors (2048K)
 Metaspace       used 24917K, committed 25280K, reserved 1114112K
  class space    used 3459K, committed 3648K, reserved 1048576K
}
Event: 44.599 GC heap after
{Heap after GC invocations=7 (full 0):
 garbage-first heap   total 77824K, used 35811K [0x0000000704400000, 0x0000000800000000)
  region size 2048K, 1 young (2048K), 1 survivors (2048K)
 Metaspace       used 24917K, committed 25280K, reserved 1114112K
  class space    used 3459K, committed 3648K, reserved 1048576K
}
Event: 44.764 GC heap before
{Heap before GC invocations=7 (full 0):
 garbage-first heap   total 77824K, used 72675K [0x0000000704400000, 0x0000000800000000)
  region size 2048K, 16 young (32768K), 1 survivors (2048K)
 Metaspace       used 25534K, committed 25920K, reserved 1114112K
  class space    used 3558K, committed 3712K, reserved 1048576K
}
Event: 44.769 GC heap after
{Heap after GC invocations=8 (full 0):
 garbage-first heap   total 77824K, used 40162K [0x0000000704400000, 0x0000000800000000)
  region size 2048K, 1 young (2048K), 1 survivors (2048K)
 Metaspace       used 25534K, committed 25920K, reserved 1114112K
  class space    used 3558K, committed 3712K, reserved 1048576K
}
Event: 45.158 GC heap before
{Heap before GC invocations=8 (full 0):
 garbage-first heap   total 77824K, used 44258K [0x0000000704400000, 0x0000000800000000)
  region size 2048K, 4 young (8192K), 1 survivors (2048K)
 Metaspace       used 25735K, committed 26112K, reserved 1114112K
  class space    used 3581K, committed 3776K, reserved 1048576K
}
Event: 45.169 GC heap after
{Heap after GC invocations=9 (full 0):
 garbage-first heap   total 94208K, used 28144K [0x0000000704400000, 0x0000000800000000)
  region size 2048K, 1 young (2048K), 1 survivors (2048K)
 Metaspace       used 25735K, committed 26112K, reserved 1114112K
  class space    used 3581K, committed 3776K, reserved 1048576K
}

Dll operation events (20 events):
Event: 0.926 Loaded shared library C:\Users\Makar\.openjfx\cache\22.0.1+7\amd64\msvcp140.dll
Event: 0.928 Loaded shared library C:\Users\Makar\.openjfx\cache\22.0.1+7\amd64\msvcp140_1.dll
Event: 0.935 Loaded shared library C:\Users\Makar\.openjfx\cache\22.0.1+7\amd64\msvcp140_2.dll
Event: 0.980 Loaded shared library C:\Users\Makar\.openjfx\cache\22.0.1+7\amd64\prism_d3d.dll
Event: 1.076 Loaded shared library C:\Users\Makar\.openjfx\cache\22.0.1+7\amd64\glass.dll
Event: 1.306 Loaded shared library C:\Program Files\Java\jdk-21.0.8+9\bin\jimage.dll
Event: 1.985 Loaded shared library C:\Users\Makar\.openjfx\cache\22.0.1+7\amd64\javafx_font.dll
Event: 40.233 Loaded shared library C:\Program Files\Java\jdk-21.0.8+9\bin\awt.dll
Event: 42.715 Loaded shared library C:\Users\Makar\AppData\Local\Temp\onnxruntime-java17748847390384094268\onnxruntime.dll
Event: 42.724 Loaded shared library C:\Users\Makar\AppData\Local\Temp\onnxruntime-java17748847390384094268\onnxruntime4j_jni.dll
Event: 43.524 Loaded shared library C:\Users\Makar\.djl.ai\pytorch\2.7.1-cpu-win-x86_64\asmjit.dll
Event: 43.530 Loaded shared library C:\Users\Makar\.djl.ai\pytorch\2.7.1-cpu-win-x86_64\c10.dll
Event: 43.535 Loaded shared library C:\Users\Makar\.djl.ai\pytorch\2.7.1-cpu-win-x86_64\libiomp5md.dll
Event: 43.537 Loaded shared library C:\Users\Makar\.djl.ai\pytorch\2.7.1-cpu-win-x86_64\libiompstubs5md.dll
Event: 43.541 Loaded shared library C:\Users\Makar\.djl.ai\pytorch\2.7.1-cpu-win-x86_64\uv.dll
Event: 43.547 Loaded shared library C:\Users\Makar\.djl.ai\pytorch\2.7.1-cpu-win-x86_64\fbgemm.dll
Event: 44.473 Loaded shared library C:\Users\Makar\.djl.ai\pytorch\2.7.1-cpu-win-x86_64\torch_cpu.dll
Event: 44.479 Loaded shared library C:\Users\Makar\.djl.ai\pytorch\2.7.1-cpu-win-x86_64\torch.dll
Event: 44.502 Loaded shared library C:\Users\Makar\.djl.ai\pytorch\2.7.1-cpu-win-x86_64\0.35.0-djl_torch.dll
Event: 44.621 Loaded shared library C:\Users\Makar\AppData\Local\Temp\jna-74106792\jna16673692292253064180.dll

Deoptimization events (20 events):
Event: 45.118 Thread 0x000001fa1568aa60 Uncommon trap: trap_request=0xffffff45 fr.pc=0x000001f9c07cf0d8 relative=0x0000000000000178
Event: 45.118 Thread 0x000001fa1568aa60 Uncommon trap: reason=unstable_if action=reinterpret pc=0x000001f9c07cf0d8 method=com.sun.javafx.geom.transform.Affine3D.concatenate(Lcom/sun/javafx/geom/transform/BaseTransform;)V @ 11 c2
Event: 45.118 Thread 0x000001fa1568aa60 DEOPT PACKING pc=0x000001f9c07cf0d8 sp=0x0000005d1bafcc50
Event: 45.119 Thread 0x000001fa1568aa60 DEOPT UNPACKING pc=0x000001f9c00646a2 sp=0x0000005d1bafca70 mode 2
Event: 45.123 Thread 0x000001fa1568aa60 Uncommon trap: trap_request=0xffffff45 fr.pc=0x000001f9c07e6fac relative=0x000000000000008c
Event: 45.123 Thread 0x000001fa1568aa60 Uncommon trap: reason=unstable_if action=reinterpret pc=0x000001f9c07e6fac method=com.sun.javafx.font.CompositeStrike.getStrikeSlot(I)Lcom/sun/javafx/font/FontStrike; @ 8 c2
Event: 45.123 Thread 0x000001fa1568aa60 DEOPT PACKING pc=0x000001f9c07e6fac sp=0x0000005d1bafb2f0
Event: 45.123 Thread 0x000001fa1568aa60 DEOPT UNPACKING pc=0x000001f9c00646a2 sp=0x0000005d1bafb278 mode 2
Event: 45.124 Thread 0x000001fa1568aa60 Uncommon trap: trap_request=0xfffffff4 fr.pc=0x000001f9c086f860 relative=0x0000000000000a00
Event: 45.124 Thread 0x000001fa1568aa60 Uncommon trap: reason=null_check action=make_not_entrant pc=0x000001f9c086f860 method=com.sun.prism.impl.GlyphCache.getCachedGlyph(II)Lcom/sun/prism/impl/GlyphCache$GlyphData; @ 28 c2
Event: 45.124 Thread 0x000001fa1568aa60 DEOPT PACKING pc=0x000001f9c086f860 sp=0x0000005d1bafaeb0
Event: 45.124 Thread 0x000001fa1568aa60 DEOPT UNPACKING pc=0x000001f9c00646a2 sp=0x0000005d1bafadf0 mode 2
Event: 45.125 Thread 0x000001fa1568aa60 Uncommon trap: trap_request=0xffffff45 fr.pc=0x000001f9c086e52c relative=0x000000000000066c
Event: 45.125 Thread 0x000001fa1568aa60 Uncommon trap: reason=unstable_if action=reinterpret pc=0x000001f9c086e52c method=com.sun.javafx.geom.transform.AffineBase.updateState2D()V @ 95 c2
Event: 45.125 Thread 0x000001fa1568aa60 DEOPT PACKING pc=0x000001f9c086e52c sp=0x0000005d1bafb950
Event: 45.125 Thread 0x000001fa1568aa60 DEOPT UNPACKING pc=0x000001f9c00646a2 sp=0x0000005d1bafb618 mode 2
Event: 45.134 Thread 0x000001fa1568aa60 Uncommon trap: trap_request=0xffffff45 fr.pc=0x000001f9c0810a14 relative=0x0000000000000874
Event: 45.134 Thread 0x000001fa1568aa60 Uncommon trap: reason=unstable_if action=reinterpret pc=0x000001f9c0810a14 method=com.sun.javafx.geom.transform.AffineBase.updateState2D()V @ 51 c2
Event: 45.134 Thread 0x000001fa1568aa60 DEOPT PACKING pc=0x000001f9c0810a14 sp=0x0000005d1bafe300
Event: 45.134 Thread 0x000001fa1568aa60 DEOPT UNPACKING pc=0x000001f9c00646a2 sp=0x0000005d1bafe180 mode 2

Classes loaded (20 events):
Event: 44.682 Loading class java/io/PrintWriter
Event: 44.682 Loading class java/io/PrintWriter done
Event: 44.756 Loading class java/lang/foreign/ValueLayout
Event: 44.758 Loading class java/lang/foreign/MemoryLayout
Event: 44.763 Loading class java/lang/foreign/MemoryLayout done
Event: 44.763 Loading class java/lang/foreign/ValueLayout done
Event: 44.770 Loading class java/lang/TypeNotPresentException
Event: 44.770 Loading class java/lang/TypeNotPresentException done
Event: 45.153 Loading class org/w3c/dom/Node
Event: 45.155 Loading class org/w3c/dom/Node done
Event: 45.155 Loading class javax/imageio/ImageWriteParam
Event: 45.156 Loading class javax/imageio/IIOParam
Event: 45.156 Loading class javax/imageio/IIOParam done
Event: 45.156 Loading class javax/imageio/ImageWriteParam done
Event: 45.174 Loading class java/awt/image/LookupTable
Event: 45.199 Loading class java/awt/image/LookupTable done
Event: 45.199 Loading class java/awt/image/ShortLookupTable
Event: 45.200 Loading class java/awt/image/ShortLookupTable done
Event: 45.200 Loading class java/awt/image/BufferedImageOp
Event: 45.200 Loading class java/awt/image/BufferedImageOp done

Classes unloaded (0 events):
No events

Classes redefined (0 events):
No events

Internal exceptions (20 events):
Event: 43.427 Thread 0x000001fa15c04de0 Exception <a 'sun/nio/fs/WindowsException'{0x000000070fdf0088}> (0x000000070fdf0088) 
thrown [s\src\hotspot\share\prims\jni.cpp, line 520]
Event: 43.499 Thread 0x000001fa15c04de0 Exception <a 'sun/nio/fs/WindowsException'{0x0000000713f37b50}> (0x0000000713f37b50) 
thrown [s\src\hotspot\share\prims\jni.cpp, line 520]
Event: 43.511 Thread 0x000001fa15c04de0 Exception <a 'sun/nio/fs/WindowsException'{0x0000000713f5eba8}> (0x0000000713f5eba8) 
thrown [s\src\hotspot\share\prims\jni.cpp, line 520]
Event: 43.513 Thread 0x000001fa15c04de0 Exception <a 'java/lang/NoSuchMethodError'{0x0000000713f6b580}: 'java.lang.Object java.lang.invoke.DirectMethodHandle$Holder.newInvokeSpecial(java.lang.Object, java.lang.Object, int, java.lang.Object, java.lang.Object)'> (0x0000000713f6b580) 
thrown [s\src\hotspot\share\interpreter\linkResolver.cpp, line 773]
Event: 43.516 Thread 0x000001fa15c04de0 Exception <a 'java/lang/NoSuchMethodError'{0x0000000713f790d8}: 'int java.lang.invoke.DirectMethodHandle$Holder.invokeStatic(java.lang.Object, java.lang.Object, java.lang.Object, java.lang.Object)'> (0x0000000713f790d8) 
thrown [s\src\hotspot\share\interpreter\linkResolver.cpp, line 773]
Event: 43.520 Thread 0x000001fa15c04de0 Exception <a 'java/lang/NoSuchMethodError'{0x0000000713f86cc8}: 'void java.lang.invoke.DirectMethodHandle$Holder.invokeInterface(java.lang.Object, java.lang.Object, java.lang.Object)'> (0x0000000713f86cc8) 
thrown [s\src\hotspot\share\interpreter\linkResolver.cpp, line 773]
Event: 43.541 Thread 0x000001fa15c04de0 Exception <a 'sun/nio/fs/WindowsException'{0x0000000713f8da70}> (0x0000000713f8da70) 
thrown [s\src\hotspot\share\prims\jni.cpp, line 520]
Event: 43.541 Thread 0x000001fa15c04de0 Exception <a 'sun/nio/fs/WindowsException'{0x0000000713f8e370}> (0x0000000713f8e370) 
thrown [s\src\hotspot\share\prims\jni.cpp, line 520]
Event: 44.525 Thread 0x000001fa15c04de0 Exception <a 'java/lang/NoSuchMethodError'{0x000000070fe15528}: 'java.lang.Object java.lang.invoke.DirectMethodHandle$Holder.invokeStatic(java.lang.Object, java.lang.Object, int, java.lang.Object)'> (0x000000070fe15528) 
thrown [s\src\hotspot\share\interpreter\linkResolver.cpp, line 773]
Event: 44.525 Thread 0x000001fa15c04de0 Exception <a 'java/lang/NoSuchMethodError'{0x000000070fe18fe0}: 'java.lang.Object java.lang.invoke.DirectMethodHandle$Holder.invokeStaticInit(java.lang.Object, java.lang.Object, int, java.lang.Object)'> (0x000000070fe18fe0) 
thrown [s\src\hotspot\share\interpreter\linkResolver.cpp, line 773]
Event: 44.530 Thread 0x000001fa15c04de0 Exception <a 'java/io/FileNotFoundException'{0x000000070fe327e0}> (0x000000070fe327e0) 
thrown [s\src\hotspot\share\prims\jni.cpp, line 520]
Event: 44.538 Thread 0x000001fa15c04de0 Exception <a 'java/lang/NoSuchMethodError'{0x000000070fe5ffa8}: 'java.lang.Object java.lang.invoke.DirectMethodHandle$Holder.newInvokeSpecial(java.lang.Object, java.lang.Object, double)'> (0x000000070fe5ffa8) 
thrown [s\src\hotspot\share\interpreter\linkResolver.cpp, line 773]
Event: 44.539 Thread 0x000001fa15c04de0 Exception <a 'java/lang/NoSuchMethodError'{0x000000070fe6f8f8}: 'java.lang.Object java.lang.invoke.DirectMethodHandle$Holder.newInvokeSpecial(java.lang.Object, java.lang.Object, java.lang.Object, long)'> (0x000000070fe6f8f8) 
thrown [s\src\hotspot\share\interpreter\linkResolver.cpp, line 773]
Event: 44.540 Thread 0x000001fa15c04de0 Exception <a 'java/lang/NoSuchMethodError'{0x000000070fe73998}: 'java.lang.Object java.lang.invoke.DirectMethodHandle$Holder.invokeSpecial(java.lang.Object, java.lang.Object, java.lang.Object, java.lang.Object, long)'> (0x000000070fe73998) 
thrown [s\src\hotspot\share\interpreter\linkResolver.cpp, line 773]
Event: 44.541 Thread 0x000001fa15c04de0 Exception <a 'java/lang/NoSuchMethodError'{0x000000070fe772f8}: 'java.lang.Object java.lang.invoke.Invokers$Holder.linkToTargetMethod(java.lang.Object, java.lang.Object, long, java.lang.Object)'> (0x000000070fe772f8) 
thrown [s\src\hotspot\share\interpreter\linkResolver.cpp, line 773]
Event: 44.560 Thread 0x000001fa1f00b790 Exception <a 'sun/nio/fs/WindowsException'{0x000000070feebaa8}> (0x000000070feebaa8) 
thrown [s\src\hotspot\share\prims\jni.cpp, line 520]
Event: 44.590 Thread 0x000001fa1f00b790 Exception <a 'sun/nio/fs/WindowsException'{0x000000070ff5e0d0}> (0x000000070ff5e0d0) 
thrown [s\src\hotspot\share\prims\jni.cpp, line 520]
Event: 44.687 Thread 0x000001fa15c04de0 Implicit null exception at 0x000001f9c07d8157 to 0x000001f9c07d83cc
Event: 44.722 Thread 0x000001fa15c04de0 Implicit null exception at 0x000001f9c078d85a to 0x000001f9c078d9ac
Event: 45.124 Thread 0x000001fa1568aa60 Implicit null exception at 0x000001f9c086ef11 to 0x000001f9c086f83d

ZGC Phase Switch (0 events):
No events

VM Operations (20 events):
Event: 42.888 Executing VM operation: Cleanup
Event: 42.888 Executing VM operation: Cleanup done
Event: 43.396 Executing VM operation: HandshakeAllThreads (Deoptimize)
Event: 43.396 Executing VM operation: HandshakeAllThreads (Deoptimize) done
Event: 43.461 Executing VM operation: G1CollectForAllocation (G1 Evacuation Pause)
Event: 43.470 Executing VM operation: G1CollectForAllocation (G1 Evacuation Pause) done
Event: 44.593 Executing VM operation: HandshakeAllThreads (Deoptimize)
Event: 44.593 Executing VM operation: HandshakeAllThreads (Deoptimize) done
Event: 44.593 Executing VM operation: Cleanup
Event: 44.593 Executing VM operation: Cleanup done
Event: 44.594 Executing VM operation: HandshakeAllThreads (Deoptimize)
Event: 44.594 Executing VM operation: HandshakeAllThreads (Deoptimize) done
Event: 44.594 Executing VM operation: G1TryInitiateConcMark (G1 Humongous Allocation)
Event: 44.599 Executing VM operation: G1TryInitiateConcMark (G1 Humongous Allocation) done
Event: 44.685 Executing VM operation: HandshakeAllThreads (Deoptimize)
Event: 44.685 Executing VM operation: HandshakeAllThreads (Deoptimize) done
Event: 44.762 Executing VM operation: G1CollectForAllocation (G1 Evacuation Pause)
Event: 44.769 Executing VM operation: G1CollectForAllocation (G1 Evacuation Pause) done
Event: 45.158 Executing VM operation: G1TryInitiateConcMark (G1 Humongous Allocation)
Event: 45.169 Executing VM operation: G1TryInitiateConcMark (G1 Humongous Allocation) done

Memory protections (0 events):
No events

Nmethod flushes (0 events):
No events

Events (20 events):
Event: 8.224 Thread 0x000001fa1cb249f0 Thread exited: 0x000001fa1cb249f0
Event: 9.417 Thread 0x000001f9cfb7ac30 Thread added: 0x000001fa1cb227e0
Event: 9.729 Thread 0x000001fa1cb227e0 Thread exited: 0x000001fa1cb227e0
Event: 9.829 Thread 0x000001f9cfb7ac30 Thread added: 0x000001fa1cb227e0
Event: 10.159 Thread 0x000001fa1cb227e0 Thread exited: 0x000001fa1cb227e0
Event: 40.370 Thread 0x000001fa15c04de0 Thread added: 0x000001fa167cad70
Event: 40.372 Thread 0x000001fa15c04de0 Thread added: 0x000001fa167cdb60
Event: 40.374 Thread 0x000001fa15c04de0 Thread added: 0x000001fa167cba90
Event: 41.411 Thread 0x000001fa167cdb60 Thread exited: 0x000001fa167cdb60
Event: 41.572 Thread 0x000001fa167cba90 Thread added: 0x000001fa167cc120
Event: 42.574 Thread 0x000001fa167cc120 Thread exited: 0x000001fa167cc120
Event: 43.459 Thread 0x000001f9cfb51580 Thread added: 0x000001fa1cb0e630
Event: 44.479 Thread 0x000001fa1cb0e630 Thread exited: 0x000001fa1cb0e630
Event: 44.540 Thread 0x000001f9cfb7ac30 Thread added: 0x000001fa385ecb70
Event: 44.545 Thread 0x000001fa15c04de0 Thread added: 0x000001fa1f00b790
Event: 44.555 Thread 0x000001fa15c04de0 Thread added: 0x000001fa1f00be20
Event: 44.570 Thread 0x000001f9cfb7ac30 Thread added: 0x000001fa385ed910
Event: 44.705 Thread 0x000001fa1f00b790 Thread added: 0x000001fa1f00ffc0
Event: 44.914 Thread 0x000001fa385ed910 Thread exited: 0x000001fa385ed910
Event: 45.364 Thread 0x000001fa385ecb70 Thread exited: 0x000001fa385ecb70


Dynamic libraries:
0x00007ff6e9160000 - 0x00007ff6e916e000 	C:\Program Files\Java\jdk-21.0.8+9\bin\java.exe
0x00007ffe875f0000 - 0x00007ffe877e8000 	C:\Windows\SYSTEM32\ntdll.dll
0x00007ffe856b0000 - 0x00007ffe85772000 	C:\Windows\System32\KERNEL32.DLL
0x00007ffe84ea0000 - 0x00007ffe85196000 	C:\Windows\System32\KERNELBASE.dll
0x00007ffe84da0000 - 0x00007ffe84ea0000 	C:\Windows\System32\ucrtbase.dll
0x00007ffe7c7f0000 - 0x00007ffe7c80e000 	C:\Program Files\Java\jdk-21.0.8+9\bin\VCRUNTIME140.dll
0x00007ffe7ca40000 - 0x00007ffe7ca58000 	C:\Program Files\Java\jdk-21.0.8+9\bin\jli.dll
0x00007ffe85860000 - 0x00007ffe85a01000 	C:\Windows\System32\USER32.dll
0x00007ffe85420000 - 0x00007ffe85442000 	C:\Windows\System32\win32u.dll
0x00007ffe86130000 - 0x00007ffe8615b000 	C:\Windows\System32\GDI32.dll
0x00007ffe77c90000 - 0x00007ffe77f2b000 	C:\Windows\WinSxS\amd64_microsoft.windows.common-controls_6595b64144ccf1df_6.0.19041.6456_none_60b8a6cb71f64256\COMCTL32.dll
0x00007ffe85300000 - 0x00007ffe85419000 	C:\Windows\System32\gdi32full.dll
0x00007ffe84c80000 - 0x00007ffe84d1d000 	C:\Windows\System32\msvcp_win.dll
0x00007ffe85610000 - 0x00007ffe856ae000 	C:\Windows\System32\msvcrt.dll
0x00007ffe866e0000 - 0x00007ffe8670f000 	C:\Windows\System32\IMM32.DLL
0x00007ffe7cbc0000 - 0x00007ffe7cbcc000 	C:\Program Files\Java\jdk-21.0.8+9\bin\vcruntime140_1.dll
0x00007ffe54600000 - 0x00007ffe54689000 	C:\Program Files\Java\jdk-21.0.8+9\bin\msvcp140.dll
0x00007ffe33a70000 - 0x00007ffe3481c000 	C:\Program Files\Java\jdk-21.0.8+9\bin\server\jvm.dll
0x00007ffe85f40000 - 0x00007ffe85ff1000 	C:\Windows\System32\ADVAPI32.dll
0x00007ffe86090000 - 0x00007ffe8612f000 	C:\Windows\System32\sechost.dll
0x00007ffe85a10000 - 0x00007ffe85b30000 	C:\Windows\System32\RPCRT4.dll
0x00007ffe84d20000 - 0x00007ffe84d47000 	C:\Windows\System32\bcrypt.dll
0x00007ffe86770000 - 0x00007ffe867db000 	C:\Windows\System32\WS2_32.dll
0x00007ffe82320000 - 0x00007ffe82347000 	C:\Windows\SYSTEM32\WINMM.dll
0x00007ffe77890000 - 0x00007ffe7789a000 	C:\Windows\SYSTEM32\VERSION.dll
0x00007ffe841d0000 - 0x00007ffe8421b000 	C:\Windows\SYSTEM32\POWRPROF.dll
0x00007ffe84040000 - 0x00007ffe84052000 	C:\Windows\SYSTEM32\UMPDC.dll
0x00007ffe83450000 - 0x00007ffe83462000 	C:\Windows\SYSTEM32\kernel.appcore.dll
0x00007ffe7cb50000 - 0x00007ffe7cb5a000 	C:\Program Files\Java\jdk-21.0.8+9\bin\jimage.dll
0x00007ffe828f0000 - 0x00007ffe82af1000 	C:\Windows\SYSTEM32\DBGHELP.DLL
0x00007ffe77660000 - 0x00007ffe77694000 	C:\Windows\SYSTEM32\dbgcore.DLL
0x00007ffe854d0000 - 0x00007ffe85552000 	C:\Windows\System32\bcryptPrimitives.dll
0x00007ffe7beb0000 - 0x00007ffe7bec0000 	C:\Program Files\Java\jdk-21.0.8+9\bin\instrument.dll
0x00007ffe7b870000 - 0x00007ffe7b891000 	C:\Program Files\Java\jdk-21.0.8+9\bin\java.dll
0x00007ffe867e0000 - 0x00007ffe86f50000 	C:\Windows\System32\SHELL32.dll
0x00007ffe82c90000 - 0x00007ffe83435000 	C:\Windows\SYSTEM32\windows.storage.dll
0x00007ffe86fe0000 - 0x00007ffe87334000 	C:\Windows\System32\combase.dll
0x00007ffe845d0000 - 0x00007ffe845fb000 	C:\Windows\SYSTEM32\Wldp.dll
0x00007ffe85790000 - 0x00007ffe8585d000 	C:\Windows\System32\OLEAUT32.dll
0x00007ffe865d0000 - 0x00007ffe8667d000 	C:\Windows\System32\SHCORE.dll
0x00007ffe86680000 - 0x00007ffe866db000 	C:\Windows\System32\shlwapi.dll
0x00007ffe84bb0000 - 0x00007ffe84bd4000 	C:\Windows\SYSTEM32\profapi.dll
0x00007ffe54520000 - 0x00007ffe545f6000 	C:\Program Files\Java\jdk-21.0.8+9\bin\jsvml.dll
0x00007ffe7b850000 - 0x00007ffe7b861000 	C:\Program Files\Java\jdk-21.0.8+9\bin\net.dll
0x00007ffe7e7b0000 - 0x00007ffe7e8ba000 	C:\Windows\SYSTEM32\WINHTTP.dll
0x00007ffe843b0000 - 0x00007ffe8441a000 	C:\Windows\system32\mswsock.dll
0x00007ffe7b7e0000 - 0x00007ffe7b7f6000 	C:\Program Files\Java\jdk-21.0.8+9\bin\nio.dll
0x00007ffe7b0d0000 - 0x00007ffe7b0e8000 	C:\Program Files\Java\jdk-21.0.8+9\bin\zip.dll
0x00007ffe7b0b0000 - 0x00007ffe7b0ca000 	C:\Program Files\JetBrains\IntelliJ IDEA 2024.2.3\bin\breakgen64.dll
0x000001f9b0390000 - 0x000001f9b0393000 	C:\Users\Makar\.openjfx\cache\22.0.1+7\amd64\api-ms-win-core-console-l1-1-0.dll
0x000001f9cff90000 - 0x000001f9cff93000 	C:\Users\Makar\.openjfx\cache\22.0.1+7\amd64\api-ms-win-core-console-l1-2-0.dll
0x000001f9cffa0000 - 0x000001f9cffa3000 	C:\Users\Makar\.openjfx\cache\22.0.1+7\amd64\api-ms-win-core-datetime-l1-1-0.dll
0x000001f9cffb0000 - 0x000001f9cffb3000 	C:\Users\Makar\.openjfx\cache\22.0.1+7\amd64\api-ms-win-core-debug-l1-1-0.dll
0x000001f9cffc0000 - 0x000001f9cffc3000 	C:\Users\Makar\.openjfx\cache\22.0.1+7\amd64\api-ms-win-core-errorhandling-l1-1-0.dll
0x000001f9cffd0000 - 0x000001f9cffd4000 	C:\Users\Makar\.openjfx\cache\22.0.1+7\amd64\api-ms-win-core-file-l1-1-0.dll
0x000001f9cffe0000 - 0x000001f9cffe3000 	C:\Users\Makar\.openjfx\cache\22.0.1+7\amd64\api-ms-win-core-file-l1-2-0.dll
0x000001f9cfff0000 - 0x000001f9cfff3000 	C:\Users\Makar\.openjfx\cache\22.0.1+7\amd64\api-ms-win-core-file-l2-1-0.dll
0x000001fa167d0000 - 0x000001fa167d3000 	C:\Users\Makar\.openjfx\cache\22.0.1+7\amd64\api-ms-win-core-handle-l1-1-0.dll
0x000001fa167e0000 - 0x000001fa167e3000 	C:\Users\Makar\.openjfx\cache\22.0.1+7\amd64\api-ms-win-core-heap-l1-1-0.dll
0x000001fa167f0000 - 0x000001fa167f3000 	C:\Users\Makar\.openjfx\cache\22.0.1+7\amd64\api-ms-win-core-interlocked-l1-1-0.dll
0x000001fa16800000 - 0x000001fa16803000 	C:\Users\Makar\.openjfx\cache\22.0.1+7\amd64\api-ms-win-core-libraryloader-l1-1-0.dll
0x000001fa16810000 - 0x000001fa16813000 	C:\Users\Makar\.openjfx\cache\22.0.1+7\amd64\api-ms-win-core-localization-l1-2-0.dll
0x000001fa16820000 - 0x000001fa16823000 	C:\Users\Makar\.openjfx\cache\22.0.1+7\amd64\api-ms-win-core-memory-l1-1-0.dll
0x000001fa16830000 - 0x000001fa16833000 	C:\Users\Makar\.openjfx\cache\22.0.1+7\amd64\api-ms-win-core-namedpipe-l1-1-0.dll
0x000001fa16840000 - 0x000001fa16843000 	C:\Users\Makar\.openjfx\cache\22.0.1+7\amd64\api-ms-win-core-processenvironment-l1-1-0.dll
0x000001fa16850000 - 0x000001fa16853000 	C:\Users\Makar\.openjfx\cache\22.0.1+7\amd64\api-ms-win-core-processthreads-l1-1-0.dll
0x000001fa16860000 - 0x000001fa16863000 	C:\Users\Makar\.openjfx\cache\22.0.1+7\amd64\api-ms-win-core-processthreads-l1-1-1.dll
0x000001fa16870000 - 0x000001fa16873000 	C:\Users\Makar\.openjfx\cache\22.0.1+7\amd64\api-ms-win-core-profile-l1-1-0.dll
0x000001fa16880000 - 0x000001fa16883000 	C:\Users\Makar\.openjfx\cache\22.0.1+7\amd64\api-ms-win-core-rtlsupport-l1-1-0.dll
0x000001fa16890000 - 0x000001fa16893000 	C:\Users\Makar\.openjfx\cache\22.0.1+7\amd64\api-ms-win-core-string-l1-1-0.dll
0x000001fa168a0000 - 0x000001fa168a3000 	C:\Users\Makar\.openjfx\cache\22.0.1+7\amd64\api-ms-win-core-synch-l1-1-0.dll
0x000001fa168b0000 - 0x000001fa168b3000 	C:\Users\Makar\.openjfx\cache\22.0.1+7\amd64\api-ms-win-core-synch-l1-2-0.dll
0x000001fa168c0000 - 0x000001fa168c3000 	C:\Users\Makar\.openjfx\cache\22.0.1+7\amd64\api-ms-win-core-sysinfo-l1-1-0.dll
0x000001fa168d0000 - 0x000001fa168d3000 	C:\Users\Makar\.openjfx\cache\22.0.1+7\amd64\api-ms-win-core-timezone-l1-1-0.dll
0x000001fa168e0000 - 0x000001fa168e3000 	C:\Users\Makar\.openjfx\cache\22.0.1+7\amd64\api-ms-win-core-util-l1-1-0.dll
0x000001fa168f0000 - 0x000001fa168f3000 	C:\Users\Makar\.openjfx\cache\22.0.1+7\amd64\api-ms-win-crt-conio-l1-1-0.dll
0x000001fa16900000 - 0x000001fa16904000 	C:\Users\Makar\.openjfx\cache\22.0.1+7\amd64\api-ms-win-crt-convert-l1-1-0.dll
0x000001fa16910000 - 0x000001fa16913000 	C:\Users\Makar\.openjfx\cache\22.0.1+7\amd64\api-ms-win-crt-environment-l1-1-0.dll
0x000001fa16920000 - 0x000001fa16923000 	C:\Users\Makar\.openjfx\cache\22.0.1+7\amd64\api-ms-win-crt-filesystem-l1-1-0.dll
0x000001fa16930000 - 0x000001fa16933000 	C:\Users\Makar\.openjfx\cache\22.0.1+7\amd64\api-ms-win-crt-heap-l1-1-0.dll
0x000001fa16940000 - 0x000001fa16943000 	C:\Users\Makar\.openjfx\cache\22.0.1+7\amd64\api-ms-win-crt-locale-l1-1-0.dll
0x000001fa16950000 - 0x000001fa16955000 	C:\Users\Makar\.openjfx\cache\22.0.1+7\amd64\api-ms-win-crt-math-l1-1-0.dll
0x000001fa16960000 - 0x000001fa16965000 	C:\Users\Makar\.openjfx\cache\22.0.1+7\amd64\api-ms-win-crt-multibyte-l1-1-0.dll
0x000001fa16970000 - 0x000001fa16980000 	C:\Users\Makar\.openjfx\cache\22.0.1+7\amd64\api-ms-win-crt-private-l1-1-0.dll
0x000001fa16980000 - 0x000001fa16983000 	C:\Users\Makar\.openjfx\cache\22.0.1+7\amd64\api-ms-win-crt-process-l1-1-0.dll
0x000001fa16990000 - 0x000001fa16994000 	C:\Users\Makar\.openjfx\cache\22.0.1+7\amd64\api-ms-win-crt-runtime-l1-1-0.dll
0x000001fa169a0000 - 0x000001fa169a4000 	C:\Users\Makar\.openjfx\cache\22.0.1+7\amd64\api-ms-win-crt-stdio-l1-1-0.dll
0x000001fa169b0000 - 0x000001fa169b4000 	C:\Users\Makar\.openjfx\cache\22.0.1+7\amd64\api-ms-win-crt-string-l1-1-0.dll
0x000001fa169c0000 - 0x000001fa169c3000 	C:\Users\Makar\.openjfx\cache\22.0.1+7\amd64\api-ms-win-crt-time-l1-1-0.dll
0x000001fa169d0000 - 0x000001fa169d3000 	C:\Users\Makar\.openjfx\cache\22.0.1+7\amd64\api-ms-win-crt-utility-l1-1-0.dll
0x00007ffe49350000 - 0x00007ffe4944c000 	C:\Users\Makar\.openjfx\cache\22.0.1+7\amd64\ucrtbase.dll
0x00007ffe7b070000 - 0x00007ffe7b08b000 	C:\Users\Makar\.openjfx\cache\22.0.1+7\amd64\vcruntime140.dll
0x00007ffe7bd70000 - 0x00007ffe7bd7c000 	C:\Users\Makar\.openjfx\cache\22.0.1+7\amd64\vcruntime140_1.dll
0x00007ffe40970000 - 0x00007ffe409fe000 	C:\Users\Makar\.openjfx\cache\22.0.1+7\amd64\msvcp140.dll
0x00007ffe7b7c0000 - 0x00007ffe7b7c9000 	C:\Users\Makar\.openjfx\cache\22.0.1+7\amd64\msvcp140_1.dll
0x00007ffe54730000 - 0x00007ffe54771000 	C:\Users\Makar\.openjfx\cache\22.0.1+7\amd64\msvcp140_2.dll
0x00007ffe7b030000 - 0x00007ffe7b060000 	C:\Users\Makar\.openjfx\cache\22.0.1+7\amd64\prism_d3d.dll
0x00007ffe56230000 - 0x00007ffe56401000 	C:\Windows\system32\d3d9.dll
0x00007ffe824a0000 - 0x00007ffe824ce000 	C:\Windows\SYSTEM32\dwmapi.dll
0x00007ffe7ee00000 - 0x00007ffe7ee9e000 	C:\Windows\system32\uxtheme.dll
0x00007ffe1b9a0000 - 0x00007ffe1bc3f000 	C:\Windows\System32\DriverStore\FileRepository\iigd_dch.inf_amd64_68fe65fbc646d3a4\igdumdim64.dll
0x00007ffe87480000 - 0x00007ffe875ab000 	C:\Windows\System32\ole32.dll
0x00007ffe152a0000 - 0x00007ffe16f3e000 	C:\Windows\System32\DriverStore\FileRepository\iigd_dch.inf_amd64_68fe65fbc646d3a4\igd9trinity64.dll
0x00007ffe834c0000 - 0x00007ffe835b6000 	C:\Windows\system32\dxgi.dll
0x00007ffe753e0000 - 0x00007ffe7598b000 	C:\Windows\System32\DriverStore\FileRepository\iigd_dch.inf_amd64_68fe65fbc646d3a4\igdgmm64.dll
0x00007ffe6f890000 - 0x00007ffe74b44000 	C:\Windows\System32\DriverStore\FileRepository\iigd_dch.inf_amd64_68fe65fbc646d3a4\igc64.dll
0x00007ffe43220000 - 0x00007ffe4326e000 	C:\Windows\SYSTEM32\ControlLib.dll
0x00007ffe84d50000 - 0x00007ffe84d9e000 	C:\Windows\System32\CFGMGR32.dll
0x00007ffe47d00000 - 0x00007ffe47db1000 	C:\Windows\System32\DriverStore\FileRepository\iigd_dch.inf_amd64_68fe65fbc646d3a4\IntelControlLib.dll
0x00007ffe820a0000 - 0x00007ffe82304000 	C:\Windows\SYSTEM32\d3d11.dll
0x00007ffe17390000 - 0x00007ffe18afb000 	C:\Windows\System32\DriverStore\FileRepository\iigd_dch.inf_amd64_68fe65fbc646d3a4\igd9dxva64.dll
0x00007ffe86160000 - 0x00007ffe865d0000 	C:\Windows\System32\SETUPAPI.dll
0x00007ffe23670000 - 0x00007ffe25743000 	C:\Windows\System32\DriverStore\FileRepository\iigd_dch.inf_amd64_68fe65fbc646d3a4\media_bin_64.dll
0x00007ffe50e70000 - 0x00007ffe50eb5000 	C:\Users\Makar\.openjfx\cache\22.0.1+7\amd64\glass.dll
0x00007ffe85cb0000 - 0x00007ffe85d8a000 	C:\Windows\System32\COMDLG32.dll
0x00007ffe85b90000 - 0x00007ffe85ca5000 	C:\Windows\System32\MSCTF.dll
0x00007ffe407c0000 - 0x00007ffe40961000 	C:\Windows\System32\DriverStore\FileRepository\iigd_dch.inf_amd64_68fe65fbc646d3a4\igdml64.dll
0x00007ffe55920000 - 0x00007ffe55948000 	C:\Windows\System32\DriverStore\FileRepository\iigd_dch.inf_amd64_68fe65fbc646d3a4\igdinfo64.dll
0x00007ffe7db60000 - 0x00007ffe7db9b000 	C:\Windows\SYSTEM32\dxcore.dll
0x00007ffe873d0000 - 0x00007ffe87479000 	C:\Windows\System32\clbcatq.dll
0x00007ffe5f640000 - 0x00007ffe5f77f000 	C:\Windows\System32\Windows.UI.dll
0x00007ffe6f450000 - 0x00007ffe6f549000 	C:\Windows\System32\TextInputFramework.dll
0x00007ffe7a390000 - 0x00007ffe7a431000 	C:\Windows\System32\WindowManagementAPI.dll
0x00007ffe7dc30000 - 0x00007ffe7dd22000 	C:\Windows\System32\CoreMessaging.dll
0x00007ffe56910000 - 0x00007ffe56a62000 	C:\Windows\System32\InputHost.dll
0x00007ffe7cc50000 - 0x00007ffe7cfab000 	C:\Windows\System32\CoreUIComponents.dll
0x00007ffe7c8a0000 - 0x00007ffe7c9f7000 	C:\Windows\SYSTEM32\wintypes.dll
0x00007ffe7a510000 - 0x00007ffe7a713000 	C:\Windows\SYSTEM32\twinapi.appcore.dll

JVMTI agents:
C:\Program Files\JetBrains\IntelliJ IDEA 2024.2.3\lib\idea_rt.jar path:C:\Program Files\Java\jdk-21.0.8+9\bin\instrument.dll, loaded, initialized, instrumentlib options:54732:C:\Program Files\JetBrains\IntelliJ IDEA 2024.2.3\bin

dbghelp: loaded successfully - version: 4.0.5 - missing functions: none
symbol engine: initialized successfully - sym options: 0x614 - pdb path: .;C:\Program Files\Java\jdk-21.0.8+9\bin;C:\Windows\SYSTEM32;C:\Windows\WinSxS\amd64_microsoft.windows.common-controls_6595b64144ccf1df_6.0.19041.6456_none_60b8a6cb71f64256;C:\Program Files\Java\jdk-21.0.8+9\bin\server;C:\Program Files\JetBrains\IntelliJ IDEA 2024.2.3\bin;C:\Users\Makar\.openjfx\cache\22.0.1+7\amd64;C:\Windows\System32\DriverStore\FileRepository\iigd_dch.inf_amd64_68fe65fbc646d3a4;C:\Program Files\Common Files\Microsoft Shared\Ink;C:\Users\Makar\AppData\Local\Temp\onnxruntime-java17748847390384094268;C:\Users\Makar\.djl.ai\pytorch\2.7.1-cpu-win-x86_64;C:\Users\Makar\AppData\Local\Temp\jna-74106792;C:\Users\Makar\AppData\Local\Temp\tess4j\win32-x86-64

VM Arguments:
jvm_args: -javaagent:C:\Program Files\JetBrains\IntelliJ IDEA 2024.2.3\lib\idea_rt.jar=54732:C:\Program Files\JetBrains\IntelliJ IDEA 2024.2.3\bin -Dfile.encoding=UTF-8 -Dsun.stdout.encoding=UTF-8 -Dsun.stderr.encoding=UTF-8 --module-path=C:\Users\Makar\.m2\repository\org\openjfx\javafx-base\22.0.1\javafx-base-22.0.1-win.jar;C:\Users\Makar\.m2\repository\org\openjfx\javafx-graphics\22.0.1\javafx-graphics-22.0.1-win.jar;C:\Users\Makar\.m2\repository\org\kordamp\ikonli\ikonli-javafx\12.3.1\ikonli-javafx-12.3.1.jar;C:\Users\Makar\.m2\repository\eu\hansolo\fx\countries\21.0.3\countries-21.0.3.jar;C:\Users\Makar\.m2\repository\com\microsoft\onnxruntime\onnxruntime\1.23.2\onnxruntime-1.23.2.jar;C:\Users\Makar\.m2\repository\org\kordamp\ikonli\ikonli-core\12.3.1\ikonli-core-12.3.1.jar;C:\Users\Makar\.m2\repository\eu\hansolo\toolbox\21.0.5\toolbox-21.0.5.jar;C:\Users\Makar\.m2\repository\eu\hansolo\fx\heatmap\21.0.3\heatmap-21.0.3.jar;C:\Users\Makar\.m2\repository\org\openjfx\javafx-web\22.0.1\javafx-web-22.0.1-win.jar;C:\Users\Makar\.m2\repository\eu\hansolo\tilesfx\21.0.3\tilesfx-21.0.3.jar;C:\Users\Makar\.m2\repository\eu\hansolo\toolboxfx\21.0.3\toolboxfx-21.0.3.jar;C:\Users\Makar\.m2\repository\org\openjfx\javafx-fxml\22.0.1\javafx-fxml-22.0.1-win.jar;C:\Users\Makar\.m2\repository\org\controlsfx\controlsfx\11.2.1\controlsfx-11.2.1.jar;C:\Users\Makar\.m2\repository\org\openjfx\javafx-controls\22.0.1\javafx-controls-22.0.1-win.jar;C:\Users\Makar\.m2\repository\org\xerial\sqlite-jdbc\3.45.1.0\sqlite-jdbc-3.45.1.0.jar;C:\Users\Makar\.m2\repository\net\sourceforge\tess4j\tess4j\5.11.0\tess4j-5.11.0.jar;C:\Users\Makar\IdeaProjects\java-project\ScreenObjectsExtractor\target\classes;C:\Users\Makar\.m2\repository\org\openjfx\javafx-swing\22.0.1\javafx-swing-22.0.1-win.jar;C:\Users\Makar\.m2\repository\org\slf4j\slf4j-simple\2.0.7\slf4j-simple-2.0.7.jar;C:\Users\Makar\.m2\repository\ai\djl\api\0.35.0\api-0.35.0.jar;C:\Users\Makar\.m2\repository\org\slf4j\slf4j-api\2.0.17\slf4j-api-2.0.17.jar;C:\Users\Makar\.m2\repository\com\dlsc\formsfx\formsfx-core\11.6.0\formsfx-core-11.6.0.jar;C:\Users\Makar\.m2\repository\net\synedra\validatorfx\0.5.0\validatorfx-0.5.0.jar;C:\Users\Makar\.m2\repository\org\op-Djdk.module.main=org.makar.ocrapp.screenobjectsextractor 
java_command: org.makar.ocrapp.screenobjectsextractor/org.makar.ocrapp.screenobjectsextractor.MainApplication
java_class_path (initial): C:\Users\Makar\.m2\repository\org\openjfx\javafx-controls\22.0.1\javafx-controls-22.0.1.jar;C:\Users\Makar\.m2\repository\org\openjfx\javafx-graphics\22.0.1\javafx-graphics-22.0.1.jar;C:\Users\Makar\.m2\repository\org\openjfx\javafx-base\22.0.1\javafx-base-22.0.1.jar;C:\Users\Makar\.m2\repository\org\openjfx\javafx-fxml\22.0.1\javafx-fxml-22.0.1.jar;C:\Users\Makar\.m2\repository\org\openjfx\javafx-web\22.0.1\javafx-web-22.0.1.jar;C:\Users\Makar\.m2\repository\org\openjfx\javafx-media\22.0.1\javafx-media-22.0.1.jar;C:\Users\Makar\.m2\repository\org\openjfx\javafx-swing\22.0.1\javafx-swing-22.0.1.jar;C:\Users\Makar\.m2\repository\com\google\code\gson\gson\2.13.1\gson-2.13.1.jar;C:\Users\Makar\.m2\repository\com\google\errorprone\error_prone_annotations\2.38.0\error_prone_annotations-2.38.0.jar;C:\Users\Makar\.m2\repository\net\java\dev\jna\jna\5.17.0\jna-5.17.0.jar;C:\Users\Makar\.m2\repository\org\apache\commons\commons-compress\1.27.1\commons-compress-1.27.1.jar;C:\Users\Makar\.m2\repository\commons-codec\commons-codec\1.17.1\commons-codec-1.17.1.jar;C:\Users\Makar\.m2\repository\ai\djl\pytorch\pytorch-engine\0.35.0\pytorch-engine-0.35.0.jar;C:\Users\Makar\.m2\repository\ai\djl\pytorch\pytorch-native-cpu\2.7.1\pytorch-native-cpu-2.7.1.jar;C:\Users\Makar\.m2\repository\ai\djl\pytorch\pytorch-jni\2.7.1-0.35.0\pytorch-jni-2.7.1-0.35.0.jar;C:\Users\Makar\.m2\repository\org\apiguardian\apiguardian-api\1.1.2\apiguardian-api-1.1.2.jar;C:\Users\Makar\.m2\repository\com\github\jai-imageio\jai-imageio-core\1.4.0\jai-imageio-core-1.4.0.jar;C:\Users\Makar\.m2\repository\org\apache\pdfbox\pdfbox\3.0.1\pdfbox-3.0.1.jar;C:\Users\Makar\.m2\repository\org\apache\pdfbox\pdfbox-io\3.0.1\pdfbox-io-3.0.1.jar;C:\Users\Makar\.m2\repository\org\apache\pdfbox\fontbox\3.0.1\fontbox-3.0.1.jar;C:\Users\Makar\.m2\repository\commons-logging\commons-logging\1.2\commons-logging-1.2.jar;C:\Users\Makar\.m2\repository\org\junit\jupiter\junit-jupiter\5.10.1\junit-jupiter-5.10.1.jar;C:\Users\Makar\.m2\repository\org\junit\jupiter\junit-jupiter-params\5.10.1\junit-jupiter-params-5.10.1.jar;C:\Users\Makar\.m2\repository\org\apache\pdfbox\pdfbox-tools\3.0.1\pdfbox-tools-3.0.1.jar;C:\Users\Makar\.m2\repository\org\apache\pdfbox\pdfbox-debugger\3.0.1\pdfbox-debugger-3.0.1.jar;C:\Users\Makar\.m2\repository\info\picocli\picocli\4.7.5\picocli-4.7.5.jar;C:\Users\Makar\.m2\repository\org\apache\pdfbox\jbig2-imageio\3.0.4\jbig2-imageio-3.0.4.jar;C:\Users\Makar\.m2\repository\commons-io\commons-io\2.15.1\commons-io-2.15.1.jar;C:\Users\Makar\.m2\repository\net\sourceforge\lept4j\lept4j\1.19.1\lept4j-1.19.1.jar;C:\Users\Makar\.m2\repository\org\jboss\jboss-vfs\3.2.17.Final\jboss-vfs-3.2.17.Final.jar;C:\Users\Makar\.m2\repository\org\jboss\logging\jboss-logging\3.1.4.GA\jboss-logging-3.1.4.GA.jar
Launcher Type: SUN_STANDARD

[Global flags]
     intx CICompilerCount                          = 4                                         {product} {ergonomic}
     uint ConcGCThreads                            = 3                                         {product} {ergonomic}
     uint G1ConcRefinementThreads                  = 10                                        {product} {ergonomic}
   size_t G1HeapRegionSize                         = 2097152                                   {product} {ergonomic}
    uintx GCDrainStackTargetSize                   = 64                                        {product} {ergonomic}
   size_t InitialHeapSize                          = 264241152                                 {product} {ergonomic}
   size_t MarkStackSize                            = 4194304                                   {product} {ergonomic}
   size_t MaxHeapSize                              = 4223664128                                {product} {ergonomic}
   size_t MaxNewSize                               = 2533359616                                {product} {ergonomic}
   size_t MinHeapDeltaBytes                        = 2097152                                   {product} {ergonomic}
   size_t MinHeapSize                              = 8388608                                   {product} {ergonomic}
    uintx NonNMethodCodeHeapSize                   = 5839372                                {pd product} {ergonomic}
    uintx NonProfiledCodeHeapSize                  = 122909434                              {pd product} {ergonomic}
    uintx ProfiledCodeHeapSize                     = 122909434                              {pd product} {ergonomic}
    uintx ReservedCodeCacheSize                    = 251658240                              {pd product} {ergonomic}
     bool SegmentedCodeCache                       = true                                      {product} {ergonomic}
   size_t SoftMaxHeapSize                          = 4223664128                             {manageable} {ergonomic}
     bool UseCompressedOops                        = true                           {product lp64_product} {ergonomic}
     bool UseG1GC                                  = true                                      {product} {ergonomic}
     bool UseLargePagesIndividualAllocation        = false                                  {pd product} {ergonomic}

Logging:
Log output configuration:
 #0: stdout all=warning uptime,level,tags foldmultilines=false
 #1: stderr all=off uptime,level,tags foldmultilines=false

Environment Variables:
JAVA_HOME=C:\Java\jdk-22.0.2
PATH=C:\Program Files (x86)\VMware\VMware Workstation\bin\;C:\Program Files\Python310\Scripts\;C:\Program Files\Python310\;C:\Program Files\Common Files\Oracle\Java\javapath;C:\Program Files (x86)\Common Files\Oracle\Java\javapath;C:\Windows\system32;C:\Windows;C:\Windows\System32\Wbem;C:\Windows\System32\WindowsPowerShell\v1.0\;C:\Windows\System32\OpenSSH\;C:\Python;C:\Program Files\swipl\bin;C:\Program Files\Apache\Maven\apache-maven-3.9.9\bin;C:\Program Files\Ampps\php;C:\Program Files\PostgreSQL\17\bin;C:\msys64\mingw64\bin;C:\Program Files\Git\cmd;C:\Program Files\nodejs\;C:\Program Files\MATLAB\R2023a\runtime\win64;C:\Program Files\MATLAB\R2023a\bin;C:\Program Files\dotnet\;C:\Program Files\Microsoft SQL Server\110\Tools\Binn\;C:\Program Files\AmneziaWG\;C:\Program Files\Pieces for Developers;C:\Program Files\PostgreSQL\18\bin;C:\Users\Makar\AppData\Roaming\local\bin;C:\Program Files\MySQL\MySQL Shell 8.0\bin\;C:\Python\Scripts\;C:\Python\;C:\Users\Makar\AppData\Local\Programs\Python\Launcher\;C:\Users\Makar\AppData\Local\Microsoft\WindowsApps;C:\Program Files\JetBrains\PyCharm Community Edition 2024.1.3\bin;;C:\Program Files\JetBrains\IntelliJ IDEA Community Edition 2024.2.3\bin;;C:\ghcup\bin;C:\Program Files\JetBrains\IntelliJ IDEA 2024.2.3\bin;;C:\Users\Makar\AppData\Roaming\npm;C:\Users\Makar\AppData\Local\Programs\Microsoft VS Code\bin
USERNAME=Makar
OS=Windows_NT
PROCESSOR_IDENTIFIER=Intel64 Family 6 Model 154 Stepping 3, GenuineIntel
TMP=C:\Users\Makar\AppData\Local\Temp
TEMP=C:\Users\Makar\AppData\Local\Temp




Periodic native trim disabled

---------------  S Y S T E M  ---------------

OS:
 Windows 10 , 64 bit Build 19041 (10.0.19041.5915)
OS uptime: 0 days 22:00 hours
Hyper-V role detected

CPU: total 12 (initial active 12) (6 cores per cpu, 2 threads per core) family 6 model 154 stepping 3 microcode 0x42c, cx8, cmov, fxsr, ht, mmx, 3dnowpref, sse, sse2, sse3, ssse3, sse4.1, sse4.2, popcnt, lzcnt, tsc, tscinvbit, avx, avx2, aes, erms, clmul, bmi1, bmi2, adx, sha, fma, vzeroupper, clflush, clflushopt, clwb, hv, rdtscp, rdpid, fsrm, f16c, cet_ibt, cet_ss
Processor Information for processor 0
  Max Mhz: 2000, Current Mhz: 2000, Mhz Limit: 1500
Processor Information for processor 1
  Max Mhz: 2000, Current Mhz: 2000, Mhz Limit: 1500
Processor Information for processor 2
  Max Mhz: 2000, Current Mhz: 2000, Mhz Limit: 2000
Processor Information for processor 3
  Max Mhz: 2000, Current Mhz: 2000, Mhz Limit: 2000
Processor Information for processor 4
  Max Mhz: 2000, Current Mhz: 2000, Mhz Limit: 2000
Processor Information for processor 5
  Max Mhz: 2000, Current Mhz: 2000, Mhz Limit: 2000
Processor Information for processor 6
  Max Mhz: 2000, Current Mhz: 2000, Mhz Limit: 2000
Processor Information for processor 7
  Max Mhz: 2000, Current Mhz: 2000, Mhz Limit: 2000
Processor Information for processor 8
  Max Mhz: 2000, Current Mhz: 1500, Mhz Limit: 1500
Processor Information for processor 9
  Max Mhz: 2000, Current Mhz: 1500, Mhz Limit: 1500
Processor Information for processor 10
  Max Mhz: 2000, Current Mhz: 1500, Mhz Limit: 1500
Processor Information for processor 11
  Max Mhz: 2000, Current Mhz: 1500, Mhz Limit: 1500

Memory: 4k page, system-wide physical 16108M (4973M free)
TotalPageFile size 28100M (AvailPageFile size 8553M)
current process WorkingSet (physical memory assigned to process): 812M, peak: 827M
current process commit charge ("private bytes"): 912M, peak: 931M

vm_info: OpenJDK 64-Bit Server VM (21.0.8+9-LTS) for windows-amd64 JRE (21.0.8+9-LTS), built on 2025-07-10T20:22:44Z by "MicrosoftCorporation" with unknown MS VC++:1944

END.
