#
# A fatal error has been detected by the Java Runtime Environment:
#
#  EXCEPTION_ACCESS_VIOLATION (0xc0000005) at pc=0x00007ff9779e99ff, pid=16456, tid=1872
#
# JRE version: OpenJDK Runtime Environment Microsoft-11933218 (21.0.8+9) (build 21.0.8+9-LTS)
# Java VM: OpenJDK 64-Bit Server VM Microsoft-11933218 (21.0.8+9-LTS, mixed mode, sharing, tiered, compressed oops, compressed class ptrs, g1 gc, windows-amd64)
# Problematic frame:
# C  0x00007ff9779e99ff
#
# No core dump will be written. Minidumps are not enabled by default on client versions of Windows
#
# If you would like to submit a bug report, please visit:
#   https://github.com/microsoft/openjdk/issues
# The crash happened outside the Java Virtual Machine in native code.
# See problematic frame for where to report the bug.
#

---------------  S U M M A R Y ------------

Command Line: -javaagent:C:\Program Files\JetBrains\IntelliJ IDEA 2024.2.3\lib\idea_rt.jar=58197:C:\Program Files\JetBrains\IntelliJ IDEA 2024.2.3\bin -Dfile.encoding=UTF-8 -Dsun.stdout.encoding=UTF-8 -Dsun.stderr.encoding=UTF-8 --module-path=C:\Users\Makar\.m2\repository\org\controlsfx\controlsfx\11.2.1\controlsfx-11.2.1.jar;C:\Users\Makar\.m2\repository\org\xerial\sqlite-jdbc\3.45.1.0\sqlite-jdbc-3.45.1.0.jar;C:\Users\Makar\.m2\repository\eu\hansolo\tilesfx\21.0.3\tilesfx-21.0.3.jar;C:\Users\Makar\.m2\repository\eu\hansolo\toolbox\21.0.5\toolbox-21.0.5.jar;C:\Users\Makar\.m2\repository\eu\hansolo\fx\heatmap\21.0.3\heatmap-21.0.3.jar;C:\Users\Makar\.m2\repository\org\openjfx\javafx-web\22.0.1\javafx-web-22.0.1-win.jar;C:\Users\Makar\.m2\repository\org\kordamp\ikonli\ikonli-core\12.3.1\ikonli-core-12.3.1.jar;C:\Users\Makar\.m2\repository\eu\hansolo\fx\countries\21.0.3\countries-21.0.3.jar;C:\Users\Makar\.m2\repository\org\openjfx\javafx-base\22.0.1\javafx-base-22.0.1-win.jar;C:\Users\Makar\.m2\repository\net\synedra\validatorfx\0.5.0\validatorfx-0.5.0.jar;C:\Users\Makar\.m2\repository\org\openjfx\javafx-swing\22.0.1\javafx-swing-22.0.1-win.jar;C:\Users\Makar\.m2\repository\org\slf4j\slf4j-api\2.0.17\slf4j-api-2.0.17.jar;C:\Users\Makar\.m2\repository\net\sourceforge\tess4j\tess4j\5.11.0\tess4j-5.11.0.jar;C:\Users\Makar\IdeaProjects\java-project\ScreenObjectsExtractor\target\classes;C:\Users\Makar\.m2\repository\com\dlsc\formsfx\formsfx-core\11.6.0\formsfx-core-11.6.0.jar;C:\Users\Makar\.m2\repository\org\openjfx\javafx-graphics\22.0.1\javafx-graphics-22.0.1-win.jar;C:\Users\Makar\.m2\repository\eu\hansolo\toolboxfx\21.0.3\toolboxfx-21.0.3.jar;C:\Users\Makar\.m2\repository\org\slf4j\slf4j-simple\2.0.7\slf4j-simple-2.0.7.jar;C:\Users\Makar\.m2\repository\org\openjfx\javafx-controls\22.0.1\javafx-controls-22.0.1-win.jar;C:\Users\Makar\.m2\repository\org\openjfx\javafx-media\22.0.1\javafx-media-22.0.1-win.jar;C:\Users\Makar\.m2\repository\org\kordamp\ikonli\ikonli-javafx\12.3.1\ikonli-javafx-12.3.1.jar;C:\Users\Makar\.m2\repository\org\openjfx\javafx-fxml\22.0.1\javafx-fxml-22.0.1-win.jar;C:\Users\Makar\.m2\repository\com\microsoft\onnxruntime\onnxruntime\1.23.2\onnxruntime-1.23.2.jar;C:\Users\-Djdk.module.main=org.makar.ocrapp.screenobjectsextractor org.makar.ocrapp.screenobjectsextractor/org.makar.ocrapp.screenobjectsextractor.MainApplication

Host: 12th Gen Intel(R) Core(TM) i5-12450H, 12 cores, 15G,  Windows 10 , 64 bit Build 19041 (10.0.19041.5915)
Time: Wed Feb 25 23:32:34 2026 elapsed time: 35.391312 seconds (0d 0h 0m 35s)

---------------  T H R E A D  ---------------

Current thread (0x0000018942206210):  JavaThread "pool-3-thread-2"        [_thread_in_native, id=1872, stack(0x000000141be00000,0x000000141bf00000) (1024K)]

Stack: [0x000000141be00000,0x000000141bf00000],  sp=0x000000141befcc30,  free space=1011k
Native frames: (J=compiled Java code, j=interpreted, Vv=VM code, C=native code)
C  0x00007ff9779e99ff

Java frames: (J=compiled Java code, j=interpreted, Vv=VM code)
j  ai.onnxruntime.OrtSession.run(JJJ[Ljava/lang/String;[JJ[Ljava/lang/String;J[Lai/onnxruntime/OnnxValue;[JJ)[Z+0 com.microsoft.onnxruntime@1.23.2
j  ai.onnxruntime.OrtSession.run(Ljava/util/Map;Ljava/util/Set;Ljava/util/Map;Lai/onnxruntime/OrtSession$RunOptions;)Lai/onnxruntime/OrtSession$Result;+722 com.microsoft.onnxruntime@1.23.2
j  ai.onnxruntime.OrtSession.run(Ljava/util/Map;Ljava/util/Set;)Lai/onnxruntime/OrtSession$Result;+7 com.microsoft.onnxruntime@1.23.2
j  ai.onnxruntime.OrtSession.run(Ljava/util/Map;)Lai/onnxruntime/OrtSession$Result;+6 com.microsoft.onnxruntime@1.23.2
j  org.makar.ocrapp.screenobjectsextractor.model.infrastructure.ai.objectdetection.YoloModelRunner.runModel(Ljava/awt/image/BufferedImage;)Lai/onnxruntime/OrtSession$Result;+33 org.makar.ocrapp.screenobjectsextractor
j  org.makar.ocrapp.screenobjectsextractor.model.infrastructure.ai.objectdetection.ObjectDetectionService.detectObjects(Ljava/awt/image/BufferedImage;)Lai/djl/modality/cv/output/DetectedObjects;+54 org.makar.ocrapp.screenobjectsextractor
j  org.makar.ocrapp.screenobjectsextractor.model.infrastructure.ai.cvServicesOrchestrator.detectObjects(Ljava/awt/image/BufferedImage;J)Lai/djl/modality/cv/output/DetectedObjects;+25 org.makar.ocrapp.screenobjectsextractor
j  org.makar.ocrapp.screenobjectsextractor.model.infrastructure.ai.ImageAnalysisManager.lambda$detectObjectsAsync$1(Ljava/awt/image/BufferedImage;J)Lai/djl/modality/cv/output/DetectedObjects;+17 org.makar.ocrapp.screenobjectsextractor
j  org.makar.ocrapp.screenobjectsextractor.model.infrastructure.ai.ImageAnalysisManager$$Lambda+0x0000018901321dc8.get()Ljava/lang/Object;+12 org.makar.ocrapp.screenobjectsextractor
j  java.util.concurrent.CompletableFuture$AsyncSupply.run()V+37 java.base@21.0.8
j  java.util.concurrent.ThreadPoolExecutor.runWorker(Ljava/util/concurrent/ThreadPoolExecutor$Worker;)V+92 java.base@21.0.8
j  java.util.concurrent.ThreadPoolExecutor$Worker.run()V+5 java.base@21.0.8
j  java.lang.Thread.runWith(Ljava/lang/Object;Ljava/lang/Runnable;)V+5 java.base@21.0.8
j  java.lang.Thread.run()V+19 java.base@21.0.8
v  ~StubRoutines::call_stub 0x00000189627d100d

siginfo: EXCEPTION_ACCESS_VIOLATION (0xc0000005), reading address 0x0000000000001de8


Registers:
RAX=0x000001897e2b6e80, RBX=0x000000000000013f, RCX=0x000001897e2b6b00, RDX=0x0000000000000000
RSP=0x000000141befcc30, RBP=0x000000141befd7c0, RSI=0x0000018983bed420, RDI=0x000000141befd438
R8 =0x00000000000003bd, R9 =0x0000018945ca8a70, R10=0x000001898d047428, R11=0x000000141befcdc0
R12=0x0000000000000000, R13=0x000000141befd870, R14=0x000000141befd868, R15=0x000001897e2b6e80
RIP=0x00007ff9779e99ff, EFLAGS=0x0000000000010206

XMM[0]=0x0000000000000000 0x00000189429ff8e0
XMM[1]=0xbdd3cc85bdd3cc85 0xbdd3cc85bdd3cc85
XMM[2]=0x0000000000000000 0x0000000000000000
XMM[3]=0x0000000000000000 0x0000000000000000
XMM[4]=0x0000000000000000 0x0000000000000000
XMM[5]=0x0000000000000000 0x0000000000000000
XMM[6]=0x0000000000000000 0x0000000000000000
XMM[7]=0x0000000000000000 0x0000000000000000
XMM[8]=0x0000000000000000 0x0000000000000000
XMM[9]=0x0000000000000000 0x0000000000000000
XMM[10]=0x0000000000000000 0x0000000000000000
XMM[11]=0x0000000000000000 0x0000000000000000
XMM[12]=0x0000000000000000 0x0000000000000000
XMM[13]=0x0000000000000000 0x0000000000000000
XMM[14]=0x0000000000000000 0x0000000000000000
XMM[15]=0x0000000000000000 0x0000000000000000
  MXCSR=0x00001fa0


Register to memory mapping:

RAX=0x000001897e2b6e80 points into unknown readable memory: 0x00007ff977ebdeb0 | b0 de eb 77 f9 7f 00 00
RBX=0x000000000000013f is an unknown value
RCX=0x000001897e2b6b00 points into unknown readable memory: 0x000001898d1dd870 | 70 d8 1d 8d 89 01 00 00
RDX=0x0 is null
RSP=0x000000141befcc30 is pointing into the stack for thread: 0x0000018942206210
RBP=0x000000141befd7c0 is pointing into the stack for thread: 0x0000018942206210
RSI=0x0000018983bed420 points into unknown readable memory: 0x00007ff977eae970 | 70 e9 ea 77 f9 7f 00 00
RDI=0x000000141befd438 is pointing into the stack for thread: 0x0000018942206210
R8 =0x00000000000003bd is an unknown value
R9 =0x0000018945ca8a70 points into unknown readable memory: 0x00000189429ff8e0 | e0 f8 9f 42 89 01 00 00
R10=0x000001898d047428 points into unknown readable memory: 0x00000189429ff8e0 | e0 f8 9f 42 89 01 00 00
R11=0x000000141befcdc0 is pointing into the stack for thread: 0x0000018942206210
R12=0x0 is null
R13=0x000000141befd870 is pointing into the stack for thread: 0x0000018942206210
R14=0x000000141befd868 is pointing into the stack for thread: 0x0000018942206210
R15=0x000001897e2b6e80 points into unknown readable memory: 0x00007ff977ebdeb0 | b0 de eb 77 f9 7f 00 00

Top of Stack: (sp=0x000000141befcc30)
0x000000141befcc30:   0000000000000028 0000000000000028
0x000000141befcc40:   0000000000000000 0000000000000000
0x000000141befcc50:   0000000000000000 0000000000000000
0x000000141befcc60:   0000018983bed430 0000000000000002
0x000000141befcc70:   0000000000000001 0000000000000001
0x000000141befcc80:   00000000000000c0 0000000000000028
0x000000141befcc90:   0000000000000028 000000141befcd50
0x000000141befcca0:   0000000000000003 0000000000000003
0x000000141befccb0:   000000000004b000 0000000000000001
0x000000141befccc0:   0000000000000001 000000141befcc90
0x000000141befccd0:   0000000000000001 0000000000000001
0x000000141befcce0:   0000000000000001 0000000000000001
0x000000141befccf0:   0000018983116aa0 000001898d3afff0
0x000000141befcd00:   0000000000000001 0000000000000001
0x000000141befcd10:   000000141befcd90 00000000000000c0
0x000000141befcd20:   0000000000000028 0000000000000028
0x000000141befcd30:   000000141befcda8 0000000000000640
0x000000141befcd40:   0000000000000640 00000000000006c0
0x000000141befcd50:   0000000200000000 000000000000000f
0x000000141befcd60:   0000000000000070 000000141befcd08
0x000000141befcd70:   0000978608132ed8 0000018945fa79f0
0x000000141befcd80:   0000000000000000 0000000000000000
0x000000141befcd90:   0000000000000000 0000000000000000
0x000000141befcda0:   0000000000000000 0000000000000000
0x000000141befcdb0:   0000978608132c88 0000000000000000
0x000000141befcdc0:   000000000000013f 0000000000000000
0x000000141befcdd0:   000000141befd438 0000018983bed420
0x000000141befcde0:   000000141befd7c0 00007ff9779e3ff0
0x000000141befcdf0:   0000000000000000 000000141befd868
0x000000141befce00:   000000141befd868 000000141befd438
0x000000141befce10:   000001898d468ea0 000000141befe9f0
0x000000141befce20:   0000000000000000 0000000000000000 

Instructions: (pc=0x00007ff9779e99ff)
0x00007ff9779e98ff:   bc 92 ff 48 8b d8 8b 08 85 c9 74 10 0f 1f 44 00
0x00007ff9779e990f:   00 e8 3b 1a 16 00 8b 0b 85 c9 75 f5 48 83 c4 20
0x00007ff9779e991f:   5b c3 cc cc cc cc cc cc cc cc cc cc cc cc cc cc
0x00007ff9779e992f:   cc 48 81 c1 d0 01 00 00 48 83 39 00 75 0a 48 83
0x00007ff9779e993f:   3a 00 0f 85 79 dc 99 ff c3 cc cc cc cc cc cc cc
0x00007ff9779e994f:   cc 48 89 5c 24 08 57 48 83 ec 20 48 8b d9 48 81
0x00007ff9779e995f:   c1 20 02 00 00 e8 e7 d9 93 ff 48 8d 8b e0 01 00
0x00007ff9779e996f:   00 48 83 39 00 74 05 e8 e5 02 98 ff 48 8b bb d0
0x00007ff9779e997f:   01 00 00 48 85 ff 74 16 48 8d 4f 08 e8 b0 d4 92
0x00007ff9779e998f:   ff ba 28 00 00 00 48 8b cf e8 d3 e6 f9 ff 48 8b
0x00007ff9779e999f:   8b c0 01 00 00 48 85 c9 74 05 e8 c2 e6 f9 ff 48
0x00007ff9779e99af:   8d 4b 08 48 8b 5c 24 30 48 83 c4 20 5f e9 6f bc
0x00007ff9779e99bf:   fc ff cc cc cc cc cc cc cc cc cc cc cc cc cc cc
0x00007ff9779e99cf:   cc 48 89 5c 24 18 55 56 57 41 56 41 57 48 81 ec
0x00007ff9779e99df:   90 01 00 00 48 8b da 4c 8b f1 48 8b 09 e8 2f 31
0x00007ff9779e99ef:   fa ff 4c 8b f8 4c 8d 04 5b 48 8b 90 c0 00 00 00
0x00007ff9779e99ff:   4a 8b 1c c2 4a 8b 6c c2 08 48 3b dd 74 77 0f 1f
0x00007ff9779e9a0f:   00 48 8b 3b 49 8b 86 c0 01 00 00 48 8d 0c b8 e8
0x00007ff9779e9a1f:   0d bb 92 ff b9 ff ff ff ff f0 0f c1 08 83 f9 01
0x00007ff9779e9a2f:   75 4a 49 8d 4e 08 48 03 ff 4d 8b 87 a8 00 00 00
0x00007ff9779e9a3f:   45 8b 04 f8 48 8d 94 24 c8 01 00 00 e8 60 4b ad
0x00007ff9779e9a4f:   ff 48 8b 30 48 8b bc 24 c8 01 00 00 48 85 ff 74
0x00007ff9779e9a5f:   16 48 8d 4f 08 e8 d7 d3 92 ff ba 28 00 00 00 48
0x00007ff9779e9a6f:   8b cf e8 fa e5 f9 ff 48 85 f6 75 20 48 83 c3 08
0x00007ff9779e9a7f:   48 3b dd 75 8c 48 8b 9c 24 d0 01 00 00 48 81 c4
0x00007ff9779e9a8f:   90 01 00 00 41 5f 41 5e 5f 5e 5d c3 48 8d 4c 24
0x00007ff9779e9a9f:   48 e8 eb ef 93 ff 48 8b d8 48 8d 4c 24 30 e8 ee
0x00007ff9779e9aaf:   51 14 00 90 48 89 44 24 20 4c 8d 0d 49 d1 52 00
0x00007ff9779e9abf:   41 b8 ae 00 00 00 48 8d 15 84 d0 52 00 48 8d 4c
0x00007ff9779e9acf:   24 70 e8 0a dc 92 ff 90 4c 8b cb 4c 8d 05 bf d0
0x00007ff9779e9adf:   52 00 48 8b d0 48 8d 8c 24 d0 00 00 00 e8 3f dd
0x00007ff9779e9aef:   92 ff 48 8d 15 38 6b 62 00 48 8d 8c 24 d0 00 00 


Stack slot to memory mapping:

stack at sp + 0 slots: 0x0000000000000028 is an unknown value
stack at sp + 1 slots: 0x0000000000000028 is an unknown value
stack at sp + 2 slots: 0x0 is null
stack at sp + 3 slots: 0x0 is null
stack at sp + 4 slots: 0x0 is null
stack at sp + 5 slots: 0x0 is null
stack at sp + 6 slots: 0x0000018983bed430 points into unknown readable memory: 0x0000000000000000 | 00 00 00 00 00 00 00 00
stack at sp + 7 slots: 0x0000000000000002 is an unknown value


---------------  P R O C E S S  ---------------

Threads class SMR info:
_java_thread_list=0x0000018942060110, length=24, elements={
0x0000018952b96da0, 0x0000018972308540, 0x000001897230a300, 0x000001897230d0c0,
0x000001897230db10, 0x000001897230e560, 0x0000018972316fc0, 0x0000018972338360,
0x000001897233b200, 0x000001897242a0b0, 0x000001897281a680, 0x000001897281ace0,
0x0000018972e03180, 0x0000018977542e10, 0x0000018977543f80, 0x0000018977a52ad0,
0x0000018977a63200, 0x000001897dbcb3b0, 0x000001897dbc7f30, 0x000001897dbc9970,
0x000001897dbc92e0, 0x0000018942207c50, 0x0000018942206210, 0x000001898d3b32a0
}

Java Threads: ( => current thread )
  0x0000018952b96da0 JavaThread "main"                              [_thread_blocked, id=19560, stack(0x0000001417b00000,0x0000001417c00000) (1024K)]
  0x0000018972308540 JavaThread "Reference Handler"          daemon [_thread_blocked, id=4184, stack(0x0000001418300000,0x0000001418400000) (1024K)]
  0x000001897230a300 JavaThread "Finalizer"                  daemon [_thread_blocked, id=14392, stack(0x0000001418400000,0x0000001418500000) (1024K)]
  0x000001897230d0c0 JavaThread "Signal Dispatcher"          daemon [_thread_blocked, id=4948, stack(0x0000001418500000,0x0000001418600000) (1024K)]
  0x000001897230db10 JavaThread "Attach Listener"            daemon [_thread_blocked, id=17596, stack(0x0000001418600000,0x0000001418700000) (1024K)]
  0x000001897230e560 JavaThread "Service Thread"             daemon [_thread_blocked, id=3152, stack(0x0000001418700000,0x0000001418800000) (1024K)]
  0x0000018972316fc0 JavaThread "Monitor Deflation Thread"   daemon [_thread_blocked, id=8956, stack(0x0000001418800000,0x0000001418900000) (1024K)]
  0x0000018972338360 JavaThread "C2 CompilerThread0"         daemon [_thread_blocked, id=4872, stack(0x0000001418900000,0x0000001418a00000) (1024K)]
  0x000001897233b200 JavaThread "C1 CompilerThread0"         daemon [_thread_blocked, id=16424, stack(0x0000001418a00000,0x0000001418b00000) (1024K)]
  0x000001897242a0b0 JavaThread "Common-Cleaner"             daemon [_thread_blocked, id=13500, stack(0x0000001418b00000,0x0000001418c00000) (1024K)]
  0x000001897281a680 JavaThread "Monitor Ctrl-Break"         daemon [_thread_in_native, id=4800, stack(0x0000001418e00000,0x0000001418f00000) (1024K)]
  0x000001897281ace0 JavaThread "Notification Thread"        daemon [_thread_blocked, id=20148, stack(0x0000001418f00000,0x0000001419000000) (1024K)]
  0x0000018972e03180 JavaThread "QuantumRenderer-0"          daemon [_thread_blocked, id=13332, stack(0x0000001418d00000,0x0000001418e00000) (1024K)]
  0x0000018977542e10 JavaThread "InvokeLaterDispatcher"      daemon [_thread_blocked, id=13124, stack(0x0000001419400000,0x0000001419500000) (1024K)]
  0x0000018977543f80 JavaThread "JavaFX Application Thread"         [_thread_in_native, id=15464, stack(0x0000001419500000,0x0000001419600000) (1024K)]
  0x0000018977a52ad0 JavaThread "Thread-1"                   daemon [_thread_in_native, id=11484, stack(0x000000141a500000,0x000000141a600000) (1024K)]
  0x0000018977a63200 JavaThread "JavaFX-Launcher"                   [_thread_blocked, id=19380, stack(0x000000141a600000,0x000000141a700000) (1024K)]
  0x000001897dbcb3b0 JavaThread "Prism Font Disposer"        daemon [_thread_blocked, id=14232, stack(0x000000141a700000,0x000000141a800000) (1024K)]
  0x000001897dbc7f30 JavaThread "Cleaner-0"                  daemon [_thread_blocked, id=9868, stack(0x000000141b100000,0x000000141b200000) (1024K)]
  0x000001897dbc9970 JavaThread "Java2D Disposer"            daemon [_thread_blocked, id=20692, stack(0x000000141a800000,0x000000141a900000) (1024K)]
  0x000001897dbc92e0 JavaThread "AWT-Windows"                daemon [_thread_in_native, id=16740, stack(0x000000141b200000,0x000000141b300000) (1024K)]
  0x0000018942207c50 JavaThread "JNA Cleaner"                daemon [_thread_blocked, id=16828, stack(0x000000141c000000,0x000000141c100000) (1024K)]
=>0x0000018942206210 JavaThread "pool-3-thread-2"                   [_thread_in_native, id=1872, stack(0x000000141be00000,0x000000141bf00000) (1024K)]
  0x000001898d3b32a0 JavaThread "C2 CompilerThread1"         daemon [_thread_blocked, id=1356, stack(0x000000141b500000,0x000000141b600000) (1024K)]
Total: 24

Other Threads:
  0x00000189722ec7f0 VMThread "VM Thread"                           [id=444, stack(0x0000001418200000,0x0000001418300000) (1024K)]
  0x00000189722d8050 WatcherThread "VM Periodic Task Thread"        [id=9756, stack(0x0000001418100000,0x0000001418200000) (1024K)]
  0x0000018952bfe180 WorkerThread "GC Thread#0"                     [id=9024, stack(0x0000001417c00000,0x0000001417d00000) (1024K)]
  0x0000018977398d90 WorkerThread "GC Thread#1"                     [id=15296, stack(0x0000001418c00000,0x0000001418d00000) (1024K)]
  0x0000018977399130 WorkerThread "GC Thread#2"                     [id=2124, stack(0x0000001419000000,0x0000001419100000) (1024K)]
  0x000001897748a690 WorkerThread "GC Thread#3"                     [id=8116, stack(0x0000001419100000,0x0000001419200000) (1024K)]
  0x000001897748aa30 WorkerThread "GC Thread#4"                     [id=2660, stack(0x0000001419200000,0x0000001419300000) (1024K)]
  0x000001897748add0 WorkerThread "GC Thread#5"                     [id=18864, stack(0x0000001419300000,0x0000001419400000) (1024K)]
  0x00000189777ccfc0 WorkerThread "GC Thread#6"                     [id=21180, stack(0x000000141a900000,0x000000141aa00000) (1024K)]
  0x00000189777ccc20 WorkerThread "GC Thread#7"                     [id=19124, stack(0x000000141aa00000,0x000000141ab00000) (1024K)]
  0x00000189777cbda0 WorkerThread "GC Thread#8"                     [id=7608, stack(0x000000141ab00000,0x000000141ac00000) (1024K)]
  0x00000189777cba00 WorkerThread "GC Thread#9"                     [id=18676, stack(0x000000141ac00000,0x000000141ad00000) (1024K)]
  0x0000018952c11200 ConcurrentGCThread "G1 Main Marker"            [id=19436, stack(0x0000001417d00000,0x0000001417e00000) (1024K)]
  0x0000018952c11c10 WorkerThread "G1 Conc#0"                       [id=1260, stack(0x0000001417e00000,0x0000001417f00000) (1024K)]
  0x000001897e384cd0 WorkerThread "G1 Conc#1"                       [id=16240, stack(0x000000141b300000,0x000000141b400000) (1024K)]
  0x000001897e381670 WorkerThread "G1 Conc#2"                       [id=14448, stack(0x000000141b400000,0x000000141b500000) (1024K)]
  0x00000189721aa9d0 ConcurrentGCThread "G1 Refine#0"               [id=13720, stack(0x0000001417f00000,0x0000001418000000) (1024K)]
  0x00000189721ab1f0 ConcurrentGCThread "G1 Service"                [id=11780, stack(0x0000001418000000,0x0000001418100000) (1024K)]
Total: 18

Threads with active compile tasks:
Total: 0

VM state: not at safepoint (normal execution)

VM Mutex/Monitor currently owned by a thread: None

Heap address: 0x0000000704400000, size: 4028 MB, Compressed Oops mode: Zero based, Oop shift amount: 3

CDS archive(s) mapped at: [0x0000018900000000-0x0000018900c80000-0x0000018900c80000), size 13107200, SharedBaseAddress: 0x0000018900000000, ArchiveRelocationMode: 1.
Compressed class space mapped at: 0x0000018901000000-0x0000018941000000, reserved size: 1073741824
Narrow klass base: 0x0000018900000000, Narrow klass shift: 0, Narrow klass range: 0x100000000

GC Precious Log:
 CardTable entry size: 512
 Card Set container configuration: InlinePtr #cards 4 size 8 Array Of Cards #cards 16 size 48 Howl #buckets 8 coarsen threshold 3686 Howl Bitmap #cards 512 size 80 coarsen threshold 460 Card regions per heap region 1 cards per card region 4096
 CPUs: 12 total, 12 available
 Memory: 16108M
 Large Page Support: Disabled
 NUMA Support: Disabled
 Compressed Oops: Enabled (Zero based)
 Heap Region Size: 2M
 Heap Min Capacity: 8M
 Heap Initial Capacity: 252M
 Heap Max Capacity: 4028M
 Pre-touch: Disabled
 Parallel Workers: 10
 Concurrent Workers: 3
 Concurrent Refinement Workers: 10
 Periodic GC: Disabled

Heap:
 garbage-first heap   total 208896K, used 100072K [0x0000000704400000, 0x0000000800000000)
  region size 2048K, 20 young (40960K), 4 survivors (8192K)
 Metaspace       used 25147K, committed 25664K, reserved 1114112K
  class space    used 3428K, committed 3648K, reserved 1048576K

Heap Regions: E=young(eden), S=young(survivor), O=old, HS=humongous(starts), HC=humongous(continues), CS=collection set, F=free, TAMS=top-at-mark-start, PB=parsable bottom
|   0|0x0000000704400000, 0x00000007045658d0, 0x0000000704600000| 69%| O|Cm|TAMS 0x0000000704400000| PB 0x0000000704400000| Complete 
|   1|0x0000000704600000, 0x0000000704800000, 0x0000000704800000|100%|HS|  |TAMS 0x0000000704600000| PB 0x0000000704600000| Complete 
|   2|0x0000000704800000, 0x0000000704800000, 0x0000000704a00000|  0%| F|  |TAMS 0x0000000704800000| PB 0x0000000704800000| Untracked 
|   3|0x0000000704a00000, 0x0000000704a00000, 0x0000000704c00000|  0%| F|  |TAMS 0x0000000704a00000| PB 0x0000000704a00000| Untracked 
|   4|0x0000000704c00000, 0x0000000704c00000, 0x0000000704e00000|  0%| F|  |TAMS 0x0000000704c00000| PB 0x0000000704c00000| Untracked 
|   5|0x0000000704e00000, 0x0000000704e00000, 0x0000000705000000|  0%| F|  |TAMS 0x0000000704e00000| PB 0x0000000704e00000| Untracked 
|   6|0x0000000705000000, 0x0000000705000000, 0x0000000705200000|  0%| F|  |TAMS 0x0000000705000000| PB 0x0000000705000000| Untracked 
|   7|0x0000000705200000, 0x0000000705200000, 0x0000000705400000|  0%| F|  |TAMS 0x0000000705200000| PB 0x0000000705200000| Untracked 
|   8|0x0000000705400000, 0x0000000705400000, 0x0000000705600000|  0%| F|  |TAMS 0x0000000705400000| PB 0x0000000705400000| Untracked 
|   9|0x0000000705600000, 0x0000000705600000, 0x0000000705800000|  0%| F|  |TAMS 0x0000000705600000| PB 0x0000000705600000| Untracked 
|  10|0x0000000705800000, 0x0000000705800000, 0x0000000705a00000|  0%| F|  |TAMS 0x0000000705800000| PB 0x0000000705800000| Untracked 
|  11|0x0000000705a00000, 0x0000000705a00000, 0x0000000705c00000|  0%| F|  |TAMS 0x0000000705a00000| PB 0x0000000705a00000| Untracked 
|  12|0x0000000705c00000, 0x0000000705c00000, 0x0000000705e00000|  0%| F|  |TAMS 0x0000000705c00000| PB 0x0000000705c00000| Untracked 
|  13|0x0000000705e00000, 0x0000000705e00000, 0x0000000706000000|  0%| F|  |TAMS 0x0000000705e00000| PB 0x0000000705e00000| Untracked 
|  14|0x0000000706000000, 0x0000000706000000, 0x0000000706200000|  0%| F|  |TAMS 0x0000000706000000| PB 0x0000000706000000| Untracked 
|  15|0x0000000706200000, 0x0000000706200000, 0x0000000706400000|  0%| F|  |TAMS 0x0000000706200000| PB 0x0000000706200000| Untracked 
|  16|0x0000000706400000, 0x0000000706600000, 0x0000000706600000|100%|HS|  |TAMS 0x0000000706400000| PB 0x0000000706400000| Complete 
|  17|0x0000000706600000, 0x0000000706800000, 0x0000000706800000|100%|HC|  |TAMS 0x0000000706600000| PB 0x0000000706600000| Complete 
|  18|0x0000000706800000, 0x0000000706a00000, 0x0000000706a00000|100%|HS|  |TAMS 0x0000000706800000| PB 0x0000000706800000| Complete 
|  19|0x0000000706a00000, 0x0000000706c00000, 0x0000000706c00000|100%|HC|  |TAMS 0x0000000706a00000| PB 0x0000000706a00000| Complete 
|  20|0x0000000706c00000, 0x0000000706c00000, 0x0000000706e00000|  0%| F|  |TAMS 0x0000000706c00000| PB 0x0000000706c00000| Untracked 
|  21|0x0000000706e00000, 0x0000000706e00000, 0x0000000707000000|  0%| F|  |TAMS 0x0000000706e00000| PB 0x0000000706e00000| Untracked 
|  22|0x0000000707000000, 0x0000000707200000, 0x0000000707200000|100%|HS|  |TAMS 0x0000000707000000| PB 0x0000000707000000| Complete 
|  23|0x0000000707200000, 0x0000000707200000, 0x0000000707400000|  0%| F|  |TAMS 0x0000000707200000| PB 0x0000000707200000| Untracked 
|  24|0x0000000707400000, 0x0000000707600000, 0x0000000707600000|100%|HS|  |TAMS 0x0000000707400000| PB 0x0000000707400000| Complete 
|  25|0x0000000707600000, 0x0000000707600000, 0x0000000707800000|  0%| F|  |TAMS 0x0000000707600000| PB 0x0000000707600000| Untracked 
|  26|0x0000000707800000, 0x0000000707800000, 0x0000000707a00000|  0%| F|  |TAMS 0x0000000707800000| PB 0x0000000707800000| Untracked 
|  27|0x0000000707a00000, 0x0000000707a00000, 0x0000000707c00000|  0%| F|  |TAMS 0x0000000707a00000| PB 0x0000000707a00000| Untracked 
|  28|0x0000000707c00000, 0x0000000707c00000, 0x0000000707e00000|  0%| F|  |TAMS 0x0000000707c00000| PB 0x0000000707c00000| Untracked 
|  29|0x0000000707e00000, 0x0000000708000000, 0x0000000708000000|100%|HS|  |TAMS 0x0000000707e00000| PB 0x0000000707e00000| Complete 
|  30|0x0000000708000000, 0x0000000708000000, 0x0000000708200000|  0%| F|  |TAMS 0x0000000708000000| PB 0x0000000708000000| Untracked 
|  31|0x0000000708200000, 0x0000000708200000, 0x0000000708400000|  0%| F|  |TAMS 0x0000000708200000| PB 0x0000000708200000| Untracked 
|  32|0x0000000708400000, 0x0000000708600000, 0x0000000708600000|100%|HS|  |TAMS 0x0000000708400000| PB 0x0000000708400000| Complete 
|  33|0x0000000708600000, 0x0000000708600000, 0x0000000708800000|  0%| F|  |TAMS 0x0000000708600000| PB 0x0000000708600000| Untracked 
|  34|0x0000000708800000, 0x0000000708a00000, 0x0000000708a00000|100%|HS|  |TAMS 0x0000000708800000| PB 0x0000000708800000| Complete 
|  35|0x0000000708a00000, 0x0000000708c00000, 0x0000000708c00000|100%|HC|  |TAMS 0x0000000708a00000| PB 0x0000000708a00000| Complete 
|  36|0x0000000708c00000, 0x0000000708e00000, 0x0000000708e00000|100%|HC|  |TAMS 0x0000000708c00000| PB 0x0000000708c00000| Complete 
|  37|0x0000000708e00000, 0x0000000709000000, 0x0000000709000000|100%|HC|  |TAMS 0x0000000708e00000| PB 0x0000000708e00000| Complete 
|  38|0x0000000709000000, 0x0000000709200000, 0x0000000709200000|100%|HC|  |TAMS 0x0000000709000000| PB 0x0000000709000000| Complete 
|  39|0x0000000709200000, 0x0000000709400000, 0x0000000709400000|100%|HS|  |TAMS 0x0000000709200000| PB 0x0000000709200000| Complete 
|  40|0x0000000709400000, 0x0000000709600000, 0x0000000709600000|100%|HC|  |TAMS 0x0000000709400000| PB 0x0000000709400000| Complete 
|  41|0x0000000709600000, 0x0000000709800000, 0x0000000709800000|100%|HC|  |TAMS 0x0000000709600000| PB 0x0000000709600000| Complete 
|  42|0x0000000709800000, 0x0000000709a00000, 0x0000000709a00000|100%|HS|  |TAMS 0x0000000709800000| PB 0x0000000709800000| Complete 
|  43|0x0000000709a00000, 0x0000000709c00000, 0x0000000709c00000|100%|HC|  |TAMS 0x0000000709a00000| PB 0x0000000709a00000| Complete 
|  44|0x0000000709c00000, 0x0000000709e00000, 0x0000000709e00000|100%|HC|  |TAMS 0x0000000709c00000| PB 0x0000000709c00000| Complete 
|  45|0x0000000709e00000, 0x000000070a000000, 0x000000070a000000|100%|HS|  |TAMS 0x0000000709e00000| PB 0x0000000709e00000| Complete 
|  46|0x000000070a000000, 0x000000070a200000, 0x000000070a200000|100%|HC|  |TAMS 0x000000070a000000| PB 0x000000070a000000| Complete 
|  47|0x000000070a200000, 0x000000070a400000, 0x000000070a400000|100%|HC|  |TAMS 0x000000070a200000| PB 0x000000070a200000| Complete 
|  48|0x000000070a400000, 0x000000070a600000, 0x000000070a600000|100%|HS|  |TAMS 0x000000070a400000| PB 0x000000070a400000| Complete 
|  49|0x000000070a600000, 0x000000070a800000, 0x000000070a800000|100%|HS|  |TAMS 0x000000070a600000| PB 0x000000070a600000| Complete 
|  50|0x000000070a800000, 0x000000070aa00000, 0x000000070aa00000|100%|HC|  |TAMS 0x000000070a800000| PB 0x000000070a800000| Complete 
|  51|0x000000070aa00000, 0x000000070ac00000, 0x000000070ac00000|100%|HC|  |TAMS 0x000000070aa00000| PB 0x000000070aa00000| Complete 
|  52|0x000000070ac00000, 0x000000070ac00000, 0x000000070ae00000|  0%| F|  |TAMS 0x000000070ac00000| PB 0x000000070ac00000| Untracked 
|  53|0x000000070ae00000, 0x000000070ae00000, 0x000000070b000000|  0%| F|  |TAMS 0x000000070ae00000| PB 0x000000070ae00000| Untracked 
|  54|0x000000070b000000, 0x000000070b000000, 0x000000070b200000|  0%| F|  |TAMS 0x000000070b000000| PB 0x000000070b000000| Untracked 
|  55|0x000000070b200000, 0x000000070b200000, 0x000000070b400000|  0%| F|  |TAMS 0x000000070b200000| PB 0x000000070b200000| Untracked 
|  56|0x000000070b400000, 0x000000070b400000, 0x000000070b600000|  0%| F|  |TAMS 0x000000070b400000| PB 0x000000070b400000| Untracked 
|  57|0x000000070b600000, 0x000000070b600000, 0x000000070b800000|  0%| F|  |TAMS 0x000000070b600000| PB 0x000000070b600000| Untracked 
|  58|0x000000070b800000, 0x000000070b800000, 0x000000070ba00000|  0%| F|  |TAMS 0x000000070b800000| PB 0x000000070b800000| Untracked 
|  59|0x000000070ba00000, 0x000000070ba00000, 0x000000070bc00000|  0%| F|  |TAMS 0x000000070ba00000| PB 0x000000070ba00000| Untracked 
|  60|0x000000070bc00000, 0x000000070bc00000, 0x000000070be00000|  0%| F|  |TAMS 0x000000070bc00000| PB 0x000000070bc00000| Untracked 
|  61|0x000000070be00000, 0x000000070be00000, 0x000000070c000000|  0%| F|  |TAMS 0x000000070be00000| PB 0x000000070be00000| Untracked 
|  62|0x000000070c000000, 0x000000070c000000, 0x000000070c200000|  0%| F|  |TAMS 0x000000070c000000| PB 0x000000070c000000| Untracked 
|  63|0x000000070c200000, 0x000000070c200000, 0x000000070c400000|  0%| F|  |TAMS 0x000000070c200000| PB 0x000000070c200000| Untracked 
|  64|0x000000070c400000, 0x000000070c400000, 0x000000070c600000|  0%| F|  |TAMS 0x000000070c400000| PB 0x000000070c400000| Untracked 
|  65|0x000000070c600000, 0x000000070c600000, 0x000000070c800000|  0%| F|  |TAMS 0x000000070c600000| PB 0x000000070c600000| Untracked 
|  66|0x000000070c800000, 0x000000070c800000, 0x000000070ca00000|  0%| F|  |TAMS 0x000000070c800000| PB 0x000000070c800000| Untracked 
|  67|0x000000070ca00000, 0x000000070ca00000, 0x000000070cc00000|  0%| F|  |TAMS 0x000000070ca00000| PB 0x000000070ca00000| Untracked 
|  68|0x000000070cc00000, 0x000000070cc00000, 0x000000070ce00000|  0%| F|  |TAMS 0x000000070cc00000| PB 0x000000070cc00000| Untracked 
|  69|0x000000070ce00000, 0x000000070ce00000, 0x000000070d000000|  0%| F|  |TAMS 0x000000070ce00000| PB 0x000000070ce00000| Untracked 
|  70|0x000000070d000000, 0x000000070d000000, 0x000000070d200000|  0%| F|  |TAMS 0x000000070d000000| PB 0x000000070d000000| Untracked 
|  71|0x000000070d200000, 0x000000070d200000, 0x000000070d400000|  0%| F|  |TAMS 0x000000070d200000| PB 0x000000070d200000| Untracked 
|  72|0x000000070d400000, 0x000000070d400000, 0x000000070d600000|  0%| F|  |TAMS 0x000000070d400000| PB 0x000000070d400000| Untracked 
|  73|0x000000070d600000, 0x000000070d600000, 0x000000070d800000|  0%| F|  |TAMS 0x000000070d600000| PB 0x000000070d600000| Untracked 
|  74|0x000000070d800000, 0x000000070d800000, 0x000000070da00000|  0%| F|  |TAMS 0x000000070d800000| PB 0x000000070d800000| Untracked 
|  75|0x000000070da00000, 0x000000070da00000, 0x000000070dc00000|  0%| F|  |TAMS 0x000000070da00000| PB 0x000000070da00000| Untracked 
|  76|0x000000070dc00000, 0x000000070dc00000, 0x000000070de00000|  0%| F|  |TAMS 0x000000070dc00000| PB 0x000000070dc00000| Untracked 
|  77|0x000000070de00000, 0x000000070de00000, 0x000000070e000000|  0%| F|  |TAMS 0x000000070de00000| PB 0x000000070de00000| Untracked 
|  78|0x000000070e000000, 0x000000070e200000, 0x000000070e200000|100%| E|  |TAMS 0x000000070e000000| PB 0x000000070e000000| Complete 
|  79|0x000000070e200000, 0x000000070e400000, 0x000000070e400000|100%| E|CS|TAMS 0x000000070e200000| PB 0x000000070e200000| Complete 
|  80|0x000000070e400000, 0x000000070e600000, 0x000000070e600000|100%| E|CS|TAMS 0x000000070e400000| PB 0x000000070e400000| Complete 
|  81|0x000000070e600000, 0x000000070e800000, 0x000000070e800000|100%| E|CS|TAMS 0x000000070e600000| PB 0x000000070e600000| Complete 
|  82|0x000000070e800000, 0x000000070ea00000, 0x000000070ea00000|100%| E|CS|TAMS 0x000000070e800000| PB 0x000000070e800000| Complete 
|  83|0x000000070ea00000, 0x000000070ec00000, 0x000000070ec00000|100%| E|CS|TAMS 0x000000070ea00000| PB 0x000000070ea00000| Complete 
|  84|0x000000070ec00000, 0x000000070ee00000, 0x000000070ee00000|100%| E|CS|TAMS 0x000000070ec00000| PB 0x000000070ec00000| Complete 
|  85|0x000000070ee00000, 0x000000070f000000, 0x000000070f000000|100%| E|CS|TAMS 0x000000070ee00000| PB 0x000000070ee00000| Complete 
|  86|0x000000070f000000, 0x000000070f200000, 0x000000070f200000|100%| E|CS|TAMS 0x000000070f000000| PB 0x000000070f000000| Complete 
|  87|0x000000070f200000, 0x000000070f400000, 0x000000070f400000|100%| S|CS|TAMS 0x000000070f200000| PB 0x000000070f200000| Complete 
|  88|0x000000070f400000, 0x000000070f600000, 0x000000070f600000|100%| S|CS|TAMS 0x000000070f400000| PB 0x000000070f400000| Complete 
|  89|0x000000070f600000, 0x000000070f800000, 0x000000070f800000|100%| S|CS|TAMS 0x000000070f600000| PB 0x000000070f600000| Complete 
|  90|0x000000070f800000, 0x000000070f8227f0, 0x000000070fa00000|  6%| S|CS|TAMS 0x000000070f800000| PB 0x000000070f800000| Complete 
|  93|0x000000070fe00000, 0x0000000710000000, 0x0000000710000000|100%| E|CS|TAMS 0x000000070fe00000| PB 0x000000070fe00000| Complete 
|  94|0x0000000710000000, 0x0000000710200000, 0x0000000710200000|100%| E|CS|TAMS 0x0000000710000000| PB 0x0000000710000000| Complete 
|  95|0x0000000710200000, 0x0000000710400000, 0x0000000710400000|100%| E|CS|TAMS 0x0000000710200000| PB 0x0000000710200000| Complete 
|  96|0x0000000710400000, 0x0000000710600000, 0x0000000710600000|100%| E|CS|TAMS 0x0000000710400000| PB 0x0000000710400000| Complete 
|  97|0x0000000710600000, 0x0000000710800000, 0x0000000710800000|100%| E|CS|TAMS 0x0000000710600000| PB 0x0000000710600000| Complete 
|  98|0x0000000710800000, 0x0000000710a00000, 0x0000000710a00000|100%| E|CS|TAMS 0x0000000710800000| PB 0x0000000710800000| Complete 
| 125|0x0000000713e00000, 0x0000000714000000, 0x0000000714000000|100%| E|CS|TAMS 0x0000000713e00000| PB 0x0000000713e00000| Complete 
|2010|0x00000007ff800000, 0x00000007ff832280, 0x00000007ffa00000|  9%| O|  |TAMS 0x00000007ff800000| PB 0x00000007ff800000| Untracked 
|2011|0x00000007ffa00000, 0x00000007ffc00000, 0x00000007ffc00000|100%| O|  |TAMS 0x00000007ffa00000| PB 0x00000007ffa00000| Untracked 
|2012|0x00000007ffc00000, 0x00000007ffe00000, 0x00000007ffe00000|100%| O|  |TAMS 0x00000007ffc00000| PB 0x00000007ffc00000| Untracked 
|2013|0x00000007ffe00000, 0x0000000800000000, 0x0000000800000000|100%| O|  |TAMS 0x00000007ffe00000| PB 0x00000007ffe00000| Untracked 

Card table byte_map: [0x000001896afd0000,0x000001896b7b0000] _byte_map_base: 0x00000189677ae000

Marking Bits: (CMBitMap*) 0x0000018952bfe790
 Bits: [0x000001896b7b0000, 0x000001896f6a0000)

Polling page: 0x0000018950850000

Metaspace:

Usage:
  Non-class:     21.21 MB used.
      Class:      3.35 MB used.
       Both:     24.56 MB used.

Virtual space:
  Non-class space:       64.00 MB reserved,      21.50 MB ( 34%) committed,  1 nodes.
      Class space:        1.00 GB reserved,       3.56 MB ( <1%) committed,  1 nodes.
             Both:        1.06 GB reserved,      25.06 MB (  2%) committed. 

Chunk freelists:
   Non-Class:  10.24 MB
       Class:  12.40 MB
        Both:  22.65 MB

MaxMetaspaceSize: unlimited
CompressedClassSpaceSize: 1.00 GB
Initial GC threshold: 21.00 MB
Current GC threshold: 35.12 MB
CDS: on
 - commit_granule_bytes: 65536.
 - commit_granule_words: 8192.
 - virtual_space_node_default_size: 8388608.
 - enlarge_chunks_in_place: 1.
 - use_allocation_guard: 0.


Internal statistics:

num_allocs_failed_limit: 3.
num_arena_births: 536.
num_arena_deaths: 0.
num_vsnodes_births: 2.
num_vsnodes_deaths: 0.
num_space_committed: 401.
num_space_uncommitted: 0.
num_chunks_returned_to_freelist: 3.
num_chunks_taken_from_freelist: 1293.
num_chunk_merges: 0.
num_chunk_splits: 884.
num_chunks_enlarged: 636.
num_inconsistent_stats: 0.

CodeHeap 'non-profiled nmethods': size=120000Kb used=2556Kb max_used=2556Kb free=117443Kb
 bounds [0x0000018962d70000, 0x0000018962ff0000, 0x000001896a2a0000]
CodeHeap 'profiled nmethods': size=120000Kb used=10013Kb max_used=10013Kb free=109986Kb
 bounds [0x000001895b2a0000, 0x000001895bc70000, 0x00000189627d0000]
CodeHeap 'non-nmethods': size=5760Kb used=2051Kb max_used=2083Kb free=3708Kb
 bounds [0x00000189627d0000, 0x0000018962a40000, 0x0000018962d70000]
CodeCache: size=245760Kb, used=14620Kb, max_used=14652Kb, free=231137Kb
 total_blobs=6079, nmethods=5062, adapters=921, full_count=0
Compilation: enabled, stopped_count=0, restarted_count=0

Compilation events (20 events):
Event: 34.611 Thread 0x000001897233b200 5039       3       com.sun.prism.d3d.D3DContext::FAILED (10 bytes)
Event: 34.611 Thread 0x000001897233b200 nmethod 5039 0x000001895bc4e990 code [0x000001895bc4eb20, 0x000001895bc4ec60]
Event: 34.611 Thread 0x000001897233b200 5040       3       com.sun.javafx.tk.quantum.GlassScene::setPainting (9 bytes)
Event: 34.614 Thread 0x000001897233b200 nmethod 5040 0x000001895bc4ed10 code [0x000001895bc4ef60, 0x000001895bc4f7f0]
Event: 34.614 Thread 0x000001897233b200 5041       1       com.sun.javafx.tk.quantum.PaintRenderJob::getScene (5 bytes)
Event: 34.614 Thread 0x000001897233b200 nmethod 5041 0x0000018962fe4210 code [0x0000018962fe43a0, 0x0000018962fe4470]
Event: 35.317 Thread 0x000001897233b200 5042       3       java.lang.StackStreamFactory$StackFrameTraverser::tryAdvance (114 bytes)
Event: 35.318 Thread 0x000001897233b200 nmethod 5042 0x000001895bc4fb10 code [0x000001895bc4fd40, 0x000001895bc50478]
Event: 35.319 Thread 0x000001897233b200 5043       3       java.lang.StackStreamFactory$StackFrameTraverser::nextStackFrame (32 bytes)
Event: 35.319 Thread 0x000001897233b200 nmethod 5043 0x000001895bc50690 code [0x000001895bc50880, 0x000001895bc50ca8]
Event: 35.319 Thread 0x000001897233b200 5044       3       java.lang.StackStreamFactory$StackFrameTraverser$StackFrameBuffer::nextStackFrame (5 bytes)
Event: 35.319 Thread 0x000001897233b200 nmethod 5044 0x000001895bc50e10 code [0x000001895bc50fc0, 0x000001895bc510f8]
Event: 35.319 Thread 0x000001897233b200 5046       3       java.lang.StringUTF16::checkBoundsBeginEnd (10 bytes)
Event: 35.320 Thread 0x000001897233b200 nmethod 5046 0x000001895bc51190 code [0x000001895bc51360, 0x000001895bc51668]
Event: 35.320 Thread 0x000001897233b200 5045       1       java.text.DecimalFormatSymbols::getZeroDigit (5 bytes)
Event: 35.320 Thread 0x000001897233b200 nmethod 5045 0x0000018962fe4510 code [0x0000018962fe46a0, 0x0000018962fe4770]
Event: 35.320 Thread 0x000001897233b200 5047       1       java.text.DecimalFormatSymbols::getLocale (5 bytes)
Event: 35.320 Thread 0x000001897233b200 nmethod 5047 0x0000018962fe4810 code [0x0000018962fe49a0, 0x0000018962fe4a70]
Event: 35.339 Thread 0x0000018972338360 5048       4       java.lang.StringBuilder::append (8 bytes)
Event: 35.349 Thread 0x0000018972338360 nmethod 5048 0x0000018962fe4b10 code [0x0000018962fe4d00, 0x0000018962fe53d0]

GC Heap History (8 events):
Event: 1.027 GC heap before
{Heap before GC invocations=0 (full 0):
 garbage-first heap   total 258048K, used 22528K [0x0000000704400000, 0x0000000800000000)
  region size 2048K, 11 young (22528K), 0 survivors (0K)
 Metaspace       used 3348K, committed 3520K, reserved 1114112K
  class space    used 353K, committed 448K, reserved 1048576K
}
Event: 1.034 GC heap after
{Heap after GC invocations=1 (full 0):
 garbage-first heap   total 258048K, used 2847K [0x0000000704400000, 0x0000000800000000)
  region size 2048K, 2 young (4096K), 2 survivors (4096K)
 Metaspace       used 3348K, committed 3520K, reserved 1114112K
  class space    used 353K, committed 448K, reserved 1048576K
}
Event: 2.151 GC heap before
{Heap before GC invocations=1 (full 0):
 garbage-first heap   total 258048K, used 39711K [0x0000000704400000, 0x0000000800000000)
  region size 2048K, 20 young (40960K), 2 survivors (4096K)
 Metaspace       used 9499K, committed 9664K, reserved 1114112K
  class space    used 1200K, committed 1280K, reserved 1048576K
}
Event: 2.159 GC heap after
{Heap after GC invocations=2 (full 0):
 garbage-first heap   total 258048K, used 7574K [0x0000000704400000, 0x0000000800000000)
  region size 2048K, 3 young (6144K), 3 survivors (6144K)
 Metaspace       used 9499K, committed 9664K, reserved 1114112K
  class space    used 1200K, committed 1280K, reserved 1048576K
}
Event: 14.090 GC heap before
{Heap before GC invocations=2 (full 0):
 garbage-first heap   total 258048K, used 97686K [0x0000000704400000, 0x0000000800000000)
  region size 2048K, 27 young (55296K), 3 survivors (6144K)
 Metaspace       used 21146K, committed 21504K, reserved 1114112K
  class space    used 3077K, committed 3264K, reserved 1048576K
}
Event: 14.103 GC heap after
{Heap after GC invocations=3 (full 0):
 garbage-first heap   total 258048K, used 54872K [0x0000000704400000, 0x0000000800000000)
  region size 2048K, 6 young (12288K), 6 survivors (12288K)
 Metaspace       used 21146K, committed 21504K, reserved 1114112K
  class space    used 3077K, committed 3264K, reserved 1048576K
}
Event: 33.356 GC heap before
{Heap before GC invocations=4 (full 0):
 garbage-first heap   total 192512K, used 187992K [0x0000000704400000, 0x0000000800000000)
  region size 2048K, 42 young (86016K), 6 survivors (12288K)
 Metaspace       used 24929K, committed 25408K, reserved 1114112K
  class space    used 3420K, committed 3648K, reserved 1048576K
}
Event: 33.376 GC heap after
{Heap after GC invocations=5 (full 0):
 garbage-first heap   total 208896K, used 69352K [0x0000000704400000, 0x0000000800000000)
  region size 2048K, 4 young (8192K), 4 survivors (8192K)
 Metaspace       used 24929K, committed 25408K, reserved 1114112K
  class space    used 3420K, committed 3648K, reserved 1048576K
}

Dll operation events (20 events):
Event: 0.846 Loaded shared library C:\Users\Makar\.openjfx\cache\22.0.1+7\amd64\msvcp140.dll
Event: 0.850 Loaded shared library C:\Users\Makar\.openjfx\cache\22.0.1+7\amd64\msvcp140_1.dll
Event: 0.858 Loaded shared library C:\Users\Makar\.openjfx\cache\22.0.1+7\amd64\msvcp140_2.dll
Event: 0.914 Loaded shared library C:\Users\Makar\.openjfx\cache\22.0.1+7\amd64\prism_d3d.dll
Event: 1.055 Loaded shared library C:\Users\Makar\.openjfx\cache\22.0.1+7\amd64\glass.dll
Event: 1.376 Loaded shared library C:\Program Files\Java\jdk-21.0.8+9\bin\jimage.dll
Event: 2.032 Loaded shared library C:\Users\Makar\.openjfx\cache\22.0.1+7\amd64\javafx_font.dll
Event: 11.244 Loaded shared library C:\Program Files\Java\jdk-21.0.8+9\bin\awt.dll
Event: 14.322 Loaded shared library C:\Users\Makar\AppData\Local\Temp\onnxruntime-java4422790003525771695\onnxruntime.dll
Event: 14.328 Loaded shared library C:\Users\Makar\AppData\Local\Temp\onnxruntime-java4422790003525771695\onnxruntime4j_jni.dll
Event: 14.908 Loaded shared library C:\Users\Makar\.djl.ai\pytorch\2.7.1-cpu-win-x86_64\asmjit.dll
Event: 14.920 Loaded shared library C:\Users\Makar\.djl.ai\pytorch\2.7.1-cpu-win-x86_64\c10.dll
Event: 14.931 Loaded shared library C:\Users\Makar\.djl.ai\pytorch\2.7.1-cpu-win-x86_64\libiomp5md.dll
Event: 14.935 Loaded shared library C:\Users\Makar\.djl.ai\pytorch\2.7.1-cpu-win-x86_64\libiompstubs5md.dll
Event: 14.943 Loaded shared library C:\Users\Makar\.djl.ai\pytorch\2.7.1-cpu-win-x86_64\uv.dll
Event: 14.956 Loaded shared library C:\Users\Makar\.djl.ai\pytorch\2.7.1-cpu-win-x86_64\fbgemm.dll
Event: 15.764 Loaded shared library C:\Users\Makar\.djl.ai\pytorch\2.7.1-cpu-win-x86_64\torch_cpu.dll
Event: 15.769 Loaded shared library C:\Users\Makar\.djl.ai\pytorch\2.7.1-cpu-win-x86_64\torch.dll
Event: 15.793 Loaded shared library C:\Users\Makar\.djl.ai\pytorch\2.7.1-cpu-win-x86_64\0.35.0-djl_torch.dll
Event: 15.884 Loaded shared library C:\Users\Makar\AppData\Local\Temp\jna-74106792\jna12142102771336752263.dll

Deoptimization events (20 events):
Event: 32.567 Thread 0x0000018977543f80 DEOPT PACKING pc=0x0000018962f4cdbc sp=0x00000014195fccc0
Event: 32.567 Thread 0x0000018977543f80 DEOPT UNPACKING pc=0x00000189628246a2 sp=0x00000014195fcc28 mode 2
Event: 33.336 Thread 0x0000018942206210 Uncommon trap: trap_request=0xffffff45 fr.pc=0x0000018962f17408 relative=0x0000000000000608
Event: 33.336 Thread 0x0000018942206210 Uncommon trap: reason=unstable_if action=reinterpret pc=0x0000018962f17408 method=java.awt.image.ComponentColorModel.getRGB(Ljava/lang/Object;)I @ 4 c2
Event: 33.336 Thread 0x0000018942206210 DEOPT PACKING pc=0x0000018962f17408 sp=0x000000141befee30
Event: 33.336 Thread 0x0000018942206210 DEOPT UNPACKING pc=0x00000189628246a2 sp=0x000000141befed60 mode 2
Event: 33.344 Thread 0x0000018977543f80 Uncommon trap: trap_request=0xffffffbe fr.pc=0x0000018962f8e194 relative=0x0000000000002b34
Event: 33.344 Thread 0x0000018977543f80 Uncommon trap: reason=profile_predicate action=maybe_recompile pc=0x0000018962f8e194 method=javafx.scene.CssStyleHelper.getStyle(Ljavafx/css/Styleable;Ljava/lang/String;Lcom/sun/javafx/css/StyleMap;Ljava/util/Set;)Lcom/sun/javafx/css/CascadingStyle; @ 94 
Event: 33.344 Thread 0x0000018977543f80 DEOPT PACKING pc=0x0000018962f8e194 sp=0x00000014195fb9e0
Event: 33.344 Thread 0x0000018977543f80 DEOPT UNPACKING pc=0x00000189628246a2 sp=0x00000014195fb900 mode 2
Event: 33.470 Thread 0x0000018977543f80 Uncommon trap: trap_request=0xffffffbe fr.pc=0x0000018962f8e194 relative=0x0000000000002b34
Event: 33.470 Thread 0x0000018977543f80 Uncommon trap: reason=profile_predicate action=maybe_recompile pc=0x0000018962f8e194 method=javafx.scene.CssStyleHelper.getStyle(Ljavafx/css/Styleable;Ljava/lang/String;Lcom/sun/javafx/css/StyleMap;Ljava/util/Set;)Lcom/sun/javafx/css/CascadingStyle; @ 94 
Event: 33.470 Thread 0x0000018977543f80 DEOPT PACKING pc=0x0000018962f8e194 sp=0x00000014195fba70
Event: 33.470 Thread 0x0000018977543f80 DEOPT UNPACKING pc=0x00000189628246a2 sp=0x00000014195fb990 mode 2
Event: 33.472 Thread 0x0000018942206210 DEOPT PACKING pc=0x000001895b901084 sp=0x000000141befee80
Event: 33.472 Thread 0x0000018942206210 DEOPT UNPACKING pc=0x0000018962824e42 sp=0x000000141befe360 mode 0
Event: 33.476 Thread 0x0000018942207c50 Uncommon trap: trap_request=0xffffff45 fr.pc=0x0000018962f53e4c relative=0x000000000000086c
Event: 33.476 Thread 0x0000018942207c50 Uncommon trap: reason=unstable_if action=reinterpret pc=0x0000018962f53e4c method=java.util.concurrent.ConcurrentHashMap.replaceNode(Ljava/lang/Object;Ljava/lang/Object;Ljava/lang/Object;)Ljava/lang/Object; @ 136 c2
Event: 33.476 Thread 0x0000018942207c50 DEOPT PACKING pc=0x0000018962f53e4c sp=0x000000141c0ff0d0
Event: 33.476 Thread 0x0000018942207c50 DEOPT UNPACKING pc=0x00000189628246a2 sp=0x000000141c0ff038 mode 2

Classes loaded (20 events):
Event: 18.926 Loading class java/util/zip/ZipInputStream
Event: 18.926 Loading class java/util/zip/ZipInputStream done
Event: 18.928 Loading class java/util/stream/MatchOps$1MatchSink
Event: 18.928 Loading class java/util/stream/MatchOps$1MatchSink done
Event: 18.928 Loading class java/util/stream/ReferencePipeline$5
Event: 18.928 Loading class java/util/stream/ReferencePipeline$5 done
Event: 18.929 Loading class java/util/stream/ReferencePipeline$5$1
Event: 18.929 Loading class java/util/stream/ReferencePipeline$5$1 done
Event: 19.109 Loading class java/util/Collections$ReverseComparator
Event: 19.109 Loading class java/util/Collections$ReverseComparator done
Event: 19.110 Loading class java/util/Comparators$NaturalOrderComparator
Event: 19.110 Loading class java/util/Comparators$NaturalOrderComparator done
Event: 19.110 Loading class java/util/Collections$ReverseComparator2
Event: 19.110 Loading class java/util/Collections$ReverseComparator2 done
Event: 25.984 Loading class java/lang/StackPane
Event: 25.984 Loading class java/lang/StackPane done
Event: 25.984 Loading class java/util/StackPane
Event: 25.984 Loading class java/util/StackPane done
Event: 29.015 Loading class java/lang/FdLibm$Cbrt
Event: 29.015 Loading class java/lang/FdLibm$Cbrt done

Classes unloaded (0 events):
No events

Classes redefined (0 events):
No events

Internal exceptions (20 events):
Event: 14.895 Thread 0x0000018977543f80 Exception <a 'java/lang/NoSuchMethodError'{0x000000070ecc00d0}: 'int java.lang.invoke.DirectMethodHandle$Holder.invokeStatic(java.lang.Object, java.lang.Object, java.lang.Object, java.lang.Object)'> (0x000000070ecc00d0) 
thrown [s\src\hotspot\share\interpreter\linkResolver.cpp, line 773]
Event: 14.901 Thread 0x0000018977543f80 Exception <a 'java/lang/NoSuchMethodError'{0x000000070eccdcc0}: 'void java.lang.invoke.DirectMethodHandle$Holder.invokeInterface(java.lang.Object, java.lang.Object, java.lang.Object)'> (0x000000070eccdcc0) 
thrown [s\src\hotspot\share\interpreter\linkResolver.cpp, line 773]
Event: 14.944 Thread 0x0000018977543f80 Exception <a 'sun/nio/fs/WindowsException'{0x000000070ecd4800}> (0x000000070ecd4800) 
thrown [s\src\hotspot\share\prims\jni.cpp, line 520]
Event: 14.944 Thread 0x0000018977543f80 Exception <a 'sun/nio/fs/WindowsException'{0x000000070ecd5100}> (0x000000070ecd5100) 
thrown [s\src\hotspot\share\prims\jni.cpp, line 520]
Event: 15.814 Thread 0x0000018977543f80 Exception <a 'java/lang/NoSuchMethodError'{0x000000070ed5b708}: 'java.lang.Object java.lang.invoke.DirectMethodHandle$Holder.invokeStatic(java.lang.Object, java.lang.Object, int, java.lang.Object)'> (0x000000070ed5b708) 
thrown [s\src\hotspot\share\interpreter\linkResolver.cpp, line 773]
Event: 15.814 Thread 0x0000018977543f80 Exception <a 'java/lang/NoSuchMethodError'{0x000000070ed5f1c0}: 'java.lang.Object java.lang.invoke.DirectMethodHandle$Holder.invokeStaticInit(java.lang.Object, java.lang.Object, int, java.lang.Object)'> (0x000000070ed5f1c0) 
thrown [s\src\hotspot\share\interpreter\linkResolver.cpp, line 773]
Event: 15.819 Thread 0x0000018977543f80 Exception <a 'java/io/FileNotFoundException'{0x000000070ed78ff8}> (0x000000070ed78ff8) 
thrown [s\src\hotspot\share\prims\jni.cpp, line 520]
Event: 15.829 Thread 0x0000018977543f80 Exception <a 'java/lang/NoSuchMethodError'{0x000000070eda6570}: 'java.lang.Object java.lang.invoke.DirectMethodHandle$Holder.newInvokeSpecial(java.lang.Object, java.lang.Object, double)'> (0x000000070eda6570) 
thrown [s\src\hotspot\share\interpreter\linkResolver.cpp, line 773]
Event: 15.830 Thread 0x0000018977543f80 Exception <a 'java/lang/NoSuchMethodError'{0x000000070edb5ea0}: 'java.lang.Object java.lang.invoke.DirectMethodHandle$Holder.newInvokeSpecial(java.lang.Object, java.lang.Object, java.lang.Object, long)'> (0x000000070edb5ea0) 
thrown [s\src\hotspot\share\interpreter\linkResolver.cpp, line 773]
Event: 15.831 Thread 0x0000018977543f80 Exception <a 'java/lang/NoSuchMethodError'{0x000000070edb9f40}: 'java.lang.Object java.lang.invoke.DirectMethodHandle$Holder.invokeSpecial(java.lang.Object, java.lang.Object, java.lang.Object, java.lang.Object, long)'> (0x000000070edb9f40) 
thrown [s\src\hotspot\share\interpreter\linkResolver.cpp, line 773]
Event: 15.831 Thread 0x0000018977543f80 Exception <a 'java/lang/NoSuchMethodError'{0x000000070edbd8a0}: 'java.lang.Object java.lang.invoke.Invokers$Holder.linkToTargetMethod(java.lang.Object, java.lang.Object, long, java.lang.Object)'> (0x000000070edbd8a0) 
thrown [s\src\hotspot\share\interpreter\linkResolver.cpp, line 773]
Event: 15.841 Thread 0x0000018942208970 Exception <a 'sun/nio/fs/WindowsException'{0x000000070ea233f8}> (0x000000070ea233f8) 
thrown [s\src\hotspot\share\prims\jni.cpp, line 520]
Event: 15.862 Thread 0x0000018942208970 Exception <a 'sun/nio/fs/WindowsException'{0x000000070eaa7300}> (0x000000070eaa7300) 
thrown [s\src\hotspot\share\prims\jni.cpp, line 520]
Event: 18.830 Thread 0x0000018942209000 Exception <a 'java/lang/NoSuchMethodError'{0x000000070c5b26b8}: 'int java.lang.invoke.DirectMethodHandle$Holder.invokeStatic(java.lang.Object, long)'> (0x000000070c5b26b8) 
thrown [s\src\hotspot\share\interpreter\linkResolver.cpp, line 773]
Event: 18.881 Thread 0x0000018942209000 Exception <a 'java/lang/NoSuchMethodError'{0x000000070c235b50}: 'long java.lang.invoke.DirectMethodHandle$Holder.invokeStatic(java.lang.Object, int)'> (0x000000070c235b50) 
thrown [s\src\hotspot\share\interpreter\linkResolver.cpp, line 773]
Event: 19.106 Thread 0x0000018942209000 Exception <a 'java/lang/NoSuchMethodError'{0x000000070b957538}: 'float java.lang.invoke.DirectMethodHandle$Holder.invokeVirtual(java.lang.Object, java.lang.Object)'> (0x000000070b957538) 
thrown [s\src\hotspot\share\interpreter\linkResolver.cpp, line 773]
Event: 19.111 Thread 0x0000018942209000 Exception <a 'java/lang/NoSuchMethodError'{0x000000070b960568}: 'double java.lang.invoke.DirectMethodHandle$Holder.invokeSpecial(java.lang.Object, java.lang.Object)'> (0x000000070b960568) 
thrown [s\src\hotspot\share\interpreter\linkResolver.cpp, line 773]
Event: 24.794 Thread 0x0000018977543f80 Exception <a 'java/io/FileNotFoundException'{0x000000070c8a38b0}> (0x000000070c8a38b0) 
thrown [s\src\hotspot\share\prims\jni.cpp, line 520]
Event: 25.997 Thread 0x0000018977543f80 Exception <a 'java/io/FileNotFoundException'{0x000000070b7816d8}> (0x000000070b7816d8) 
thrown [s\src\hotspot\share\prims\jni.cpp, line 520]
Event: 33.313 Thread 0x0000018977543f80 Exception <a 'java/io/FileNotFoundException'{0x000000070b0e4d30}> (0x000000070b0e4d30) 
thrown [s\src\hotspot\share\prims\jni.cpp, line 520]

ZGC Phase Switch (0 events):
No events

VM Operations (20 events):
Event: 18.924 Executing VM operation: HandshakeAllThreads (Deoptimize)
Event: 18.924 Executing VM operation: HandshakeAllThreads (Deoptimize) done
Event: 19.923 Executing VM operation: Cleanup
Event: 19.924 Executing VM operation: Cleanup done
Event: 24.926 Executing VM operation: Cleanup
Event: 24.927 Executing VM operation: Cleanup done
Event: 25.928 Executing VM operation: Cleanup
Event: 25.928 Executing VM operation: Cleanup done
Event: 26.929 Executing VM operation: Cleanup
Event: 26.929 Executing VM operation: Cleanup done
Event: 29.930 Executing VM operation: Cleanup
Event: 29.930 Executing VM operation: Cleanup done
Event: 30.931 Executing VM operation: Cleanup
Event: 30.931 Executing VM operation: Cleanup done
Event: 32.530 Executing VM operation: ICBufferFull
Event: 32.530 Executing VM operation: ICBufferFull done
Event: 33.350 Executing VM operation: G1CollectForAllocation (G1 Evacuation Pause)
Event: 33.376 Executing VM operation: G1CollectForAllocation (G1 Evacuation Pause) done
Event: 34.377 Executing VM operation: Cleanup
Event: 34.377 Executing VM operation: Cleanup done

Memory protections (0 events):
No events

Nmethod flushes (0 events):
No events

Events (20 events):
Event: 19.724 Thread 0x00000189839b9ec0 Thread exited: 0x00000189839b9ec0
Event: 24.662 Thread 0x0000018942209000 Thread exited: 0x0000018942209000
Event: 24.662 Thread 0x0000018942208970 Thread exited: 0x0000018942208970
Event: 24.859 Thread 0x000001897233b200 Thread added: 0x00000189839b4d00
Event: 24.860 Thread 0x000001897233b200 Thread added: 0x00000189839b8a50
Event: 25.295 Thread 0x00000189839b8a50 Thread exited: 0x00000189839b8a50
Event: 25.295 Thread 0x00000189839b4d00 Thread exited: 0x00000189839b4d00
Event: 29.721 Thread 0x000001897dbc92e0 Thread added: 0x000001894220a3b0
Event: 30.722 Thread 0x000001894220a3b0 Thread exited: 0x000001894220a3b0
Event: 32.498 Thread 0x000001897dbc92e0 Thread added: 0x00000189422082e0
Event: 32.560 Thread 0x000001897233b200 Thread added: 0x000001898d3b1760
Event: 32.769 Thread 0x000001898d3b1760 Thread exited: 0x000001898d3b1760
Event: 33.317 Thread 0x0000018977543f80 Thread added: 0x0000018942209000
Event: 33.317 Thread 0x0000018977543f80 Thread added: 0x0000018942206210
Event: 33.343 Thread 0x000001897233b200 Thread added: 0x000001898d3b1090
Event: 33.344 Thread 0x000001897233b200 Thread added: 0x000001898d3b6920
Event: 33.551 Thread 0x00000189422082e0 Thread exited: 0x00000189422082e0
Event: 33.640 Thread 0x000001898d3b6920 Thread exited: 0x000001898d3b6920
Event: 33.887 Thread 0x000001898d3b1090 Thread exited: 0x000001898d3b1090
Event: 35.317 Thread 0x0000018942209000 Thread exited: 0x0000018942209000


Dynamic libraries:
0x00007ff6b5bf0000 - 0x00007ff6b5bfe000 	C:\Program Files\Java\jdk-21.0.8+9\bin\java.exe
0x00007ff9dcbf0000 - 0x00007ff9dcde8000 	C:\Windows\SYSTEM32\ntdll.dll
0x00007ff9dca80000 - 0x00007ff9dcb42000 	C:\Windows\System32\KERNEL32.DLL
0x00007ff9da910000 - 0x00007ff9dac06000 	C:\Windows\System32\KERNELBASE.dll
0x00007ff9da530000 - 0x00007ff9da630000 	C:\Windows\System32\ucrtbase.dll
0x00007ff9cbfd0000 - 0x00007ff9cbfe8000 	C:\Program Files\Java\jdk-21.0.8+9\bin\jli.dll
0x00007ff9d13e0000 - 0x00007ff9d13fe000 	C:\Program Files\Java\jdk-21.0.8+9\bin\VCRUNTIME140.dll
0x00007ff9dc620000 - 0x00007ff9dc7c1000 	C:\Windows\System32\USER32.dll
0x00007ff9cd290000 - 0x00007ff9cd52b000 	C:\Windows\WinSxS\amd64_microsoft.windows.common-controls_6595b64144ccf1df_6.0.19041.6456_none_60b8a6cb71f64256\COMCTL32.dll
0x00007ff9da740000 - 0x00007ff9da762000 	C:\Windows\System32\win32u.dll
0x00007ff9dae90000 - 0x00007ff9daf2e000 	C:\Windows\System32\msvcrt.dll
0x00007ff9dade0000 - 0x00007ff9dae0b000 	C:\Windows\System32\GDI32.dll
0x00007ff9da410000 - 0x00007ff9da529000 	C:\Windows\System32\gdi32full.dll
0x00007ff9da870000 - 0x00007ff9da90d000 	C:\Windows\System32\msvcp_win.dll
0x00007ff9dac20000 - 0x00007ff9dac4f000 	C:\Windows\System32\IMM32.DLL
0x00007ff9d26e0000 - 0x00007ff9d26ec000 	C:\Program Files\Java\jdk-21.0.8+9\bin\vcruntime140_1.dll
0x00007ff998d70000 - 0x00007ff998df9000 	C:\Program Files\Java\jdk-21.0.8+9\bin\msvcp140.dll
0x00007ff979420000 - 0x00007ff97a1cc000 	C:\Program Files\Java\jdk-21.0.8+9\bin\server\jvm.dll
0x00007ff9dc7d0000 - 0x00007ff9dc881000 	C:\Windows\System32\ADVAPI32.dll
0x00007ff9dc900000 - 0x00007ff9dc99f000 	C:\Windows\System32\sechost.dll
0x00007ff9db170000 - 0x00007ff9db290000 	C:\Windows\System32\RPCRT4.dll
0x00007ff9da3e0000 - 0x00007ff9da407000 	C:\Windows\System32\bcrypt.dll
0x00007ff9dc890000 - 0x00007ff9dc8fb000 	C:\Windows\System32\WS2_32.dll
0x00007ff9d9770000 - 0x00007ff9d97bb000 	C:\Windows\SYSTEM32\POWRPROF.dll
0x00007ff9d7950000 - 0x00007ff9d7977000 	C:\Windows\SYSTEM32\WINMM.dll
0x00007ff9ce6b0000 - 0x00007ff9ce6ba000 	C:\Windows\SYSTEM32\VERSION.dll
0x00007ff9d9640000 - 0x00007ff9d9652000 	C:\Windows\SYSTEM32\UMPDC.dll
0x00007ff9d8a50000 - 0x00007ff9d8a62000 	C:\Windows\SYSTEM32\kernel.appcore.dll
0x00007ff9d13d0000 - 0x00007ff9d13da000 	C:\Program Files\Java\jdk-21.0.8+9\bin\jimage.dll
0x00007ff9d8820000 - 0x00007ff9d8a21000 	C:\Windows\SYSTEM32\DBGHELP.DLL
0x00007ff9ce5b0000 - 0x00007ff9ce5e4000 	C:\Windows\SYSTEM32\dbgcore.DLL
0x00007ff9da6b0000 - 0x00007ff9da732000 	C:\Windows\System32\bcryptPrimitives.dll
0x00007ff9cc030000 - 0x00007ff9cc040000 	C:\Program Files\Java\jdk-21.0.8+9\bin\instrument.dll
0x00007ff9cbfa0000 - 0x00007ff9cbfc1000 	C:\Program Files\Java\jdk-21.0.8+9\bin\java.dll
0x00007ff9db7c0000 - 0x00007ff9dbf30000 	C:\Windows\System32\SHELL32.dll
0x00007ff9d7fa0000 - 0x00007ff9d8745000 	C:\Windows\SYSTEM32\windows.storage.dll
0x00007ff9db2b0000 - 0x00007ff9db604000 	C:\Windows\System32\combase.dll
0x00007ff9d9bd0000 - 0x00007ff9d9bfb000 	C:\Windows\SYSTEM32\Wldp.dll
0x00007ff9dacb0000 - 0x00007ff9dad7d000 	C:\Windows\System32\OLEAUT32.dll
0x00007ff9dbf30000 - 0x00007ff9dbfdd000 	C:\Windows\System32\SHCORE.dll
0x00007ff9dad80000 - 0x00007ff9daddb000 	C:\Windows\System32\shlwapi.dll
0x00007ff9da1b0000 - 0x00007ff9da1d4000 	C:\Windows\SYSTEM32\profapi.dll
0x00007ff9983c0000 - 0x00007ff998496000 	C:\Program Files\Java\jdk-21.0.8+9\bin\jsvml.dll
0x00007ff9aaf50000 - 0x00007ff9aaf61000 	C:\Program Files\Java\jdk-21.0.8+9\bin\net.dll
0x00007ff9d31d0000 - 0x00007ff9d32da000 	C:\Windows\SYSTEM32\WINHTTP.dll
0x00007ff9d99b0000 - 0x00007ff9d9a1a000 	C:\Windows\system32\mswsock.dll
0x00007ff9aaf30000 - 0x00007ff9aaf46000 	C:\Program Files\Java\jdk-21.0.8+9\bin\nio.dll
0x00007ff9aaf10000 - 0x00007ff9aaf28000 	C:\Program Files\Java\jdk-21.0.8+9\bin\zip.dll
0x00007ff99d3b0000 - 0x00007ff99d3ca000 	C:\Program Files\JetBrains\IntelliJ IDEA 2024.2.3\bin\breakgen64.dll
0x0000018950a80000 - 0x0000018950a83000 	C:\Users\Makar\.openjfx\cache\22.0.1+7\amd64\api-ms-win-core-console-l1-1-0.dll
0x0000018950a90000 - 0x0000018950a93000 	C:\Users\Makar\.openjfx\cache\22.0.1+7\amd64\api-ms-win-core-console-l1-2-0.dll
0x0000018952b20000 - 0x0000018952b23000 	C:\Users\Makar\.openjfx\cache\22.0.1+7\amd64\api-ms-win-core-datetime-l1-1-0.dll
0x0000018952b30000 - 0x0000018952b33000 	C:\Users\Makar\.openjfx\cache\22.0.1+7\amd64\api-ms-win-core-debug-l1-1-0.dll
0x0000018952b40000 - 0x0000018952b43000 	C:\Users\Makar\.openjfx\cache\22.0.1+7\amd64\api-ms-win-core-errorhandling-l1-1-0.dll
0x0000018952b50000 - 0x0000018952b54000 	C:\Users\Makar\.openjfx\cache\22.0.1+7\amd64\api-ms-win-core-file-l1-1-0.dll
0x0000018972f50000 - 0x0000018972f53000 	C:\Users\Makar\.openjfx\cache\22.0.1+7\amd64\api-ms-win-core-file-l1-2-0.dll
0x0000018972f60000 - 0x0000018972f63000 	C:\Users\Makar\.openjfx\cache\22.0.1+7\amd64\api-ms-win-core-file-l2-1-0.dll
0x0000018972f70000 - 0x0000018972f73000 	C:\Users\Makar\.openjfx\cache\22.0.1+7\amd64\api-ms-win-core-handle-l1-1-0.dll
0x0000018972f80000 - 0x0000018972f83000 	C:\Users\Makar\.openjfx\cache\22.0.1+7\amd64\api-ms-win-core-heap-l1-1-0.dll
0x0000018972f90000 - 0x0000018972f93000 	C:\Users\Makar\.openjfx\cache\22.0.1+7\amd64\api-ms-win-core-interlocked-l1-1-0.dll
0x0000018972fa0000 - 0x0000018972fa3000 	C:\Users\Makar\.openjfx\cache\22.0.1+7\amd64\api-ms-win-core-libraryloader-l1-1-0.dll
0x0000018972fb0000 - 0x0000018972fb3000 	C:\Users\Makar\.openjfx\cache\22.0.1+7\amd64\api-ms-win-core-localization-l1-2-0.dll
0x0000018972fc0000 - 0x0000018972fc3000 	C:\Users\Makar\.openjfx\cache\22.0.1+7\amd64\api-ms-win-core-memory-l1-1-0.dll
0x0000018972fd0000 - 0x0000018972fd3000 	C:\Users\Makar\.openjfx\cache\22.0.1+7\amd64\api-ms-win-core-namedpipe-l1-1-0.dll
0x0000018972fe0000 - 0x0000018972fe3000 	C:\Users\Makar\.openjfx\cache\22.0.1+7\amd64\api-ms-win-core-processenvironment-l1-1-0.dll
0x0000018972ff0000 - 0x0000018972ff3000 	C:\Users\Makar\.openjfx\cache\22.0.1+7\amd64\api-ms-win-core-processthreads-l1-1-0.dll
0x0000018977000000 - 0x0000018977003000 	C:\Users\Makar\.openjfx\cache\22.0.1+7\amd64\api-ms-win-core-processthreads-l1-1-1.dll
0x0000018977010000 - 0x0000018977013000 	C:\Users\Makar\.openjfx\cache\22.0.1+7\amd64\api-ms-win-core-profile-l1-1-0.dll
0x0000018977020000 - 0x0000018977023000 	C:\Users\Makar\.openjfx\cache\22.0.1+7\amd64\api-ms-win-core-rtlsupport-l1-1-0.dll
0x0000018977030000 - 0x0000018977033000 	C:\Users\Makar\.openjfx\cache\22.0.1+7\amd64\api-ms-win-core-string-l1-1-0.dll
0x0000018977040000 - 0x0000018977043000 	C:\Users\Makar\.openjfx\cache\22.0.1+7\amd64\api-ms-win-core-synch-l1-1-0.dll
0x0000018977050000 - 0x0000018977053000 	C:\Users\Makar\.openjfx\cache\22.0.1+7\amd64\api-ms-win-core-synch-l1-2-0.dll
0x0000018977060000 - 0x0000018977063000 	C:\Users\Makar\.openjfx\cache\22.0.1+7\amd64\api-ms-win-core-sysinfo-l1-1-0.dll
0x0000018977070000 - 0x0000018977073000 	C:\Users\Makar\.openjfx\cache\22.0.1+7\amd64\api-ms-win-core-timezone-l1-1-0.dll
0x0000018977080000 - 0x0000018977083000 	C:\Users\Makar\.openjfx\cache\22.0.1+7\amd64\api-ms-win-core-util-l1-1-0.dll
0x0000018977090000 - 0x0000018977093000 	C:\Users\Makar\.openjfx\cache\22.0.1+7\amd64\api-ms-win-crt-conio-l1-1-0.dll
0x00000189770a0000 - 0x00000189770a4000 	C:\Users\Makar\.openjfx\cache\22.0.1+7\amd64\api-ms-win-crt-convert-l1-1-0.dll
0x00000189770b0000 - 0x00000189770b3000 	C:\Users\Makar\.openjfx\cache\22.0.1+7\amd64\api-ms-win-crt-environment-l1-1-0.dll
0x00000189770c0000 - 0x00000189770c3000 	C:\Users\Makar\.openjfx\cache\22.0.1+7\amd64\api-ms-win-crt-filesystem-l1-1-0.dll
0x00000189770d0000 - 0x00000189770d3000 	C:\Users\Makar\.openjfx\cache\22.0.1+7\amd64\api-ms-win-crt-heap-l1-1-0.dll
0x00000189770e0000 - 0x00000189770e3000 	C:\Users\Makar\.openjfx\cache\22.0.1+7\amd64\api-ms-win-crt-locale-l1-1-0.dll
0x00000189770f0000 - 0x00000189770f5000 	C:\Users\Makar\.openjfx\cache\22.0.1+7\amd64\api-ms-win-crt-math-l1-1-0.dll
0x0000018977100000 - 0x0000018977105000 	C:\Users\Makar\.openjfx\cache\22.0.1+7\amd64\api-ms-win-crt-multibyte-l1-1-0.dll
0x0000018977110000 - 0x0000018977120000 	C:\Users\Makar\.openjfx\cache\22.0.1+7\amd64\api-ms-win-crt-private-l1-1-0.dll
0x0000018977120000 - 0x0000018977123000 	C:\Users\Makar\.openjfx\cache\22.0.1+7\amd64\api-ms-win-crt-process-l1-1-0.dll
0x0000018977130000 - 0x0000018977134000 	C:\Users\Makar\.openjfx\cache\22.0.1+7\amd64\api-ms-win-crt-runtime-l1-1-0.dll
0x0000018977140000 - 0x0000018977144000 	C:\Users\Makar\.openjfx\cache\22.0.1+7\amd64\api-ms-win-crt-stdio-l1-1-0.dll
0x0000018977150000 - 0x0000018977154000 	C:\Users\Makar\.openjfx\cache\22.0.1+7\amd64\api-ms-win-crt-string-l1-1-0.dll
0x0000018977160000 - 0x0000018977163000 	C:\Users\Makar\.openjfx\cache\22.0.1+7\amd64\api-ms-win-crt-time-l1-1-0.dll
0x0000018977170000 - 0x0000018977173000 	C:\Users\Makar\.openjfx\cache\22.0.1+7\amd64\api-ms-win-crt-utility-l1-1-0.dll
0x00007ff993b30000 - 0x00007ff993c2c000 	C:\Users\Makar\.openjfx\cache\22.0.1+7\amd64\ucrtbase.dll
0x00007ff99c0a0000 - 0x00007ff99c0bb000 	C:\Users\Makar\.openjfx\cache\22.0.1+7\amd64\vcruntime140.dll
0x00007ff9c12c0000 - 0x00007ff9c12cc000 	C:\Users\Makar\.openjfx\cache\22.0.1+7\amd64\vcruntime140_1.dll
0x00007ff998040000 - 0x00007ff9980ce000 	C:\Users\Makar\.openjfx\cache\22.0.1+7\amd64\msvcp140.dll
0x00007ff9bf550000 - 0x00007ff9bf559000 	C:\Users\Makar\.openjfx\cache\22.0.1+7\amd64\msvcp140_1.dll
0x00007ff9981c0000 - 0x00007ff998201000 	C:\Users\Makar\.openjfx\cache\22.0.1+7\amd64\msvcp140_2.dll
0x00007ff997d50000 - 0x00007ff997d80000 	C:\Users\Makar\.openjfx\cache\22.0.1+7\amd64\prism_d3d.dll
0x00007ff99f700000 - 0x00007ff99f8d1000 	C:\Windows\system32\d3d9.dll
0x00007ff9d79c0000 - 0x00007ff9d79ee000 	C:\Windows\SYSTEM32\dwmapi.dll
0x00007ff9d4400000 - 0x00007ff9d449e000 	C:\Windows\system32\uxtheme.dll
0x00007ff9717b0000 - 0x00007ff971a4f000 	C:\Windows\System32\DriverStore\FileRepository\iigd_dch.inf_amd64_68fe65fbc646d3a4\igdumdim64.dll
0x00007ff9daf30000 - 0x00007ff9db05b000 	C:\Windows\System32\ole32.dll
0x00007ff92c0b0000 - 0x00007ff92dd4e000 	C:\Windows\System32\DriverStore\FileRepository\iigd_dch.inf_amd64_68fe65fbc646d3a4\igd9trinity64.dll
0x00007ff9d8be0000 - 0x00007ff9d8cd6000 	C:\Windows\system32\dxgi.dll
0x00007ff9c98f0000 - 0x00007ff9c9e9b000 	C:\Windows\System32\DriverStore\FileRepository\iigd_dch.inf_amd64_68fe65fbc646d3a4\igdgmm64.dll
0x00007ff9c4540000 - 0x00007ff9c97f4000 	C:\Windows\System32\DriverStore\FileRepository\iigd_dch.inf_amd64_68fe65fbc646d3a4\igc64.dll
0x00007ff975230000 - 0x00007ff97527e000 	C:\Windows\SYSTEM32\ControlLib.dll
0x00007ff9da820000 - 0x00007ff9da86e000 	C:\Windows\System32\CFGMGR32.dll
0x00007ff9a1840000 - 0x00007ff9a18f1000 	C:\Windows\System32\DriverStore\FileRepository\iigd_dch.inf_amd64_68fe65fbc646d3a4\IntelControlLib.dll
0x00007ff9d76d0000 - 0x00007ff9d7934000 	C:\Windows\SYSTEM32\d3d11.dll
0x00007ff92a940000 - 0x00007ff92c0ab000 	C:\Windows\System32\DriverStore\FileRepository\iigd_dch.inf_amd64_68fe65fbc646d3a4\igd9dxva64.dll
0x00007ff9dc100000 - 0x00007ff9dc570000 	C:\Windows\System32\SETUPAPI.dll
0x00007ff973150000 - 0x00007ff975223000 	C:\Windows\System32\DriverStore\FileRepository\iigd_dch.inf_amd64_68fe65fbc646d3a4\media_bin_64.dll
0x00007ff997b40000 - 0x00007ff997b85000 	C:\Users\Makar\.openjfx\cache\22.0.1+7\amd64\glass.dll
0x00007ff9dc9a0000 - 0x00007ff9dca7a000 	C:\Windows\System32\COMDLG32.dll
0x00007ff9dbfe0000 - 0x00007ff9dc0f5000 	C:\Windows\System32\MSCTF.dll
0x00007ff98a250000 - 0x00007ff98a3f1000 	C:\Windows\System32\DriverStore\FileRepository\iigd_dch.inf_amd64_68fe65fbc646d3a4\igdml64.dll
0x00007ff9b0de0000 - 0x00007ff9b0e08000 	C:\Windows\System32\DriverStore\FileRepository\iigd_dch.inf_amd64_68fe65fbc646d3a4\igdinfo64.dll
0x00007ff9d22e0000 - 0x00007ff9d231b000 	C:\Windows\SYSTEM32\dxcore.dll
0x00007ff9dc570000 - 0x00007ff9dc619000 	C:\Windows\System32\clbcatq.dll
0x00007ff9c1340000 - 0x00007ff9c147f000 	C:\Windows\System32\Windows.UI.dll
0x00007ff9cb790000 - 0x00007ff9cb831000 	C:\Windows\System32\WindowManagementAPI.dll
0x00007ff9c0600000 - 0x00007ff9c06f9000 	C:\Windows\System32\TextInputFramework.dll
0x00007ff9ad930000 - 0x00007ff9ada82000 	C:\Windows\System32\InputHost.dll
0x00007ff9d34a0000 - 0x00007ff9d35f7000 	C:\Windows\SYSTEM32\wintypes.dll
0x00007ff9cf6b0000 - 0x00007ff9cf8b3000 	C:\Windows\SYSTEM32\twinapi.appcore.dll
0x00007ff9cf8c0000 - 0x00007ff9cfc1b000 	C:\Windows\System32\CoreUIComponents.dll
0x00007ff9d1700000 - 0x00007ff9d17f2000 	C:\Windows\System32\CoreMessaging.dll

JVMTI agents:
C:\Program Files\JetBrains\IntelliJ IDEA 2024.2.3\lib\idea_rt.jar path:C:\Program Files\Java\jdk-21.0.8+9\bin\instrument.dll, loaded, initialized, instrumentlib options:58197:C:\Program Files\JetBrains\IntelliJ IDEA 2024.2.3\bin

dbghelp: loaded successfully - version: 4.0.5 - missing functions: none
symbol engine: initialized successfully - sym options: 0x614 - pdb path: .;C:\Program Files\Java\jdk-21.0.8+9\bin;C:\Windows\SYSTEM32;C:\Windows\WinSxS\amd64_microsoft.windows.common-controls_6595b64144ccf1df_6.0.19041.6456_none_60b8a6cb71f64256;C:\Program Files\Java\jdk-21.0.8+9\bin\server;C:\Program Files\JetBrains\IntelliJ IDEA 2024.2.3\bin;C:\Users\Makar\.openjfx\cache\22.0.1+7\amd64;C:\Windows\System32\DriverStore\FileRepository\iigd_dch.inf_amd64_68fe65fbc646d3a4;C:\Program Files\Common Files\Microsoft Shared\Ink;C:\Users\Makar\AppData\Local\Temp\onnxruntime-java4422790003525771695;C:\Users\Makar\.djl.ai\pytorch\2.7.1-cpu-win-x86_64;C:\Users\Makar\AppData\Local\Temp\jna-74106792;C:\Users\Makar\AppData\Local\Temp\tess4j\win32-x86-64

VM Arguments:
jvm_args: -javaagent:C:\Program Files\JetBrains\IntelliJ IDEA 2024.2.3\lib\idea_rt.jar=58197:C:\Program Files\JetBrains\IntelliJ IDEA 2024.2.3\bin -Dfile.encoding=UTF-8 -Dsun.stdout.encoding=UTF-8 -Dsun.stderr.encoding=UTF-8 --module-path=C:\Users\Makar\.m2\repository\org\controlsfx\controlsfx\11.2.1\controlsfx-11.2.1.jar;C:\Users\Makar\.m2\repository\org\xerial\sqlite-jdbc\3.45.1.0\sqlite-jdbc-3.45.1.0.jar;C:\Users\Makar\.m2\repository\eu\hansolo\tilesfx\21.0.3\tilesfx-21.0.3.jar;C:\Users\Makar\.m2\repository\eu\hansolo\toolbox\21.0.5\toolbox-21.0.5.jar;C:\Users\Makar\.m2\repository\eu\hansolo\fx\heatmap\21.0.3\heatmap-21.0.3.jar;C:\Users\Makar\.m2\repository\org\openjfx\javafx-web\22.0.1\javafx-web-22.0.1-win.jar;C:\Users\Makar\.m2\repository\org\kordamp\ikonli\ikonli-core\12.3.1\ikonli-core-12.3.1.jar;C:\Users\Makar\.m2\repository\eu\hansolo\fx\countries\21.0.3\countries-21.0.3.jar;C:\Users\Makar\.m2\repository\org\openjfx\javafx-base\22.0.1\javafx-base-22.0.1-win.jar;C:\Users\Makar\.m2\repository\net\synedra\validatorfx\0.5.0\validatorfx-0.5.0.jar;C:\Users\Makar\.m2\repository\org\openjfx\javafx-swing\22.0.1\javafx-swing-22.0.1-win.jar;C:\Users\Makar\.m2\repository\org\slf4j\slf4j-api\2.0.17\slf4j-api-2.0.17.jar;C:\Users\Makar\.m2\repository\net\sourceforge\tess4j\tess4j\5.11.0\tess4j-5.11.0.jar;C:\Users\Makar\IdeaProjects\java-project\ScreenObjectsExtractor\target\classes;C:\Users\Makar\.m2\repository\com\dlsc\formsfx\formsfx-core\11.6.0\formsfx-core-11.6.0.jar;C:\Users\Makar\.m2\repository\org\openjfx\javafx-graphics\22.0.1\javafx-graphics-22.0.1-win.jar;C:\Users\Makar\.m2\repository\eu\hansolo\toolboxfx\21.0.3\toolboxfx-21.0.3.jar;C:\Users\Makar\.m2\repository\org\slf4j\slf4j-simple\2.0.7\slf4j-simple-2.0.7.jar;C:\Users\Makar\.m2\repository\org\openjfx\javafx-controls\22.0.1\javafx-controls-22.0.1-win.jar;C:\Users\Makar\.m2\repository\org\openjfx\javafx-media\22.0.1\javafx-media-22.0.1-win.jar;C:\Users\Makar\.m2\repository\org\kordamp\ikonli\ikonli-javafx\12.3.1\ikonli-javafx-12.3.1.jar;C:\Users\Makar\.m2\repository\org\openjfx\javafx-fxml\22.0.1\javafx-fxml-22.0.1-win.jar;C:\Users\Makar\.m2\repository\com\microsoft\onnxruntime\onnxruntime\1.23.2\onnxruntime-1.23.2.jar;C:\Users\-Djdk.module.main=org.makar.ocrapp.screenobjectsextractor 
java_command: org.makar.ocrapp.screenobjectsextractor/org.makar.ocrapp.screenobjectsextractor.MainApplication
java_class_path (initial): C:\Users\Makar\.m2\repository\org\openjfx\javafx-controls\22.0.1\javafx-controls-22.0.1.jar;C:\Users\Makar\.m2\repository\org\openjfx\javafx-graphics\22.0.1\javafx-graphics-22.0.1.jar;C:\Users\Makar\.m2\repository\org\openjfx\javafx-base\22.0.1\javafx-base-22.0.1.jar;C:\Users\Makar\.m2\repository\org\openjfx\javafx-fxml\22.0.1\javafx-fxml-22.0.1.jar;C:\Users\Makar\.m2\repository\org\openjfx\javafx-web\22.0.1\javafx-web-22.0.1.jar;C:\Users\Makar\.m2\repository\org\openjfx\javafx-media\22.0.1\javafx-media-22.0.1.jar;C:\Users\Makar\.m2\repository\org\openjfx\javafx-swing\22.0.1\javafx-swing-22.0.1.jar;C:\Users\Makar\.m2\repository\com\google\code\gson\gson\2.13.1\gson-2.13.1.jar;C:\Users\Makar\.m2\repository\com\google\errorprone\error_prone_annotations\2.38.0\error_prone_annotations-2.38.0.jar;C:\Users\Makar\.m2\repository\net\java\dev\jna\jna\5.17.0\jna-5.17.0.jar;C:\Users\Makar\.m2\repository\org\apache\commons\commons-compress\1.27.1\commons-compress-1.27.1.jar;C:\Users\Makar\.m2\repository\commons-codec\commons-codec\1.17.1\commons-codec-1.17.1.jar;C:\Users\Makar\.m2\repository\ai\djl\pytorch\pytorch-engine\0.35.0\pytorch-engine-0.35.0.jar;C:\Users\Makar\.m2\repository\ai\djl\pytorch\pytorch-native-cpu\2.7.1\pytorch-native-cpu-2.7.1.jar;C:\Users\Makar\.m2\repository\ai\djl\pytorch\pytorch-jni\2.7.1-0.35.0\pytorch-jni-2.7.1-0.35.0.jar;C:\Users\Makar\.m2\repository\org\apiguardian\apiguardian-api\1.1.2\apiguardian-api-1.1.2.jar;C:\Users\Makar\.m2\repository\com\github\jai-imageio\jai-imageio-core\1.4.0\jai-imageio-core-1.4.0.jar;C:\Users\Makar\.m2\repository\org\apache\pdfbox\pdfbox\3.0.1\pdfbox-3.0.1.jar;C:\Users\Makar\.m2\repository\org\apache\pdfbox\pdfbox-io\3.0.1\pdfbox-io-3.0.1.jar;C:\Users\Makar\.m2\repository\org\apache\pdfbox\fontbox\3.0.1\fontbox-3.0.1.jar;C:\Users\Makar\.m2\repository\commons-logging\commons-logging\1.2\commons-logging-1.2.jar;C:\Users\Makar\.m2\repository\org\junit\jupiter\junit-jupiter\5.10.1\junit-jupiter-5.10.1.jar;C:\Users\Makar\.m2\repository\org\junit\jupiter\junit-jupiter-params\5.10.1\junit-jupiter-params-5.10.1.jar;C:\Users\Makar\.m2\repository\org\apache\pdfbox\pdfbox-tools\3.0.1\pdfbox-tools-3.0.1.jar;C:\Users\Makar\.m2\repository\org\apache\pdfbox\pdfbox-debugger\3.0.1\pdfbox-debugger-3.0.1.jar;C:\Users\Makar\.m2\repository\info\picocli\picocli\4.7.5\picocli-4.7.5.jar;C:\Users\Makar\.m2\repository\org\apache\pdfbox\jbig2-imageio\3.0.4\jbig2-imageio-3.0.4.jar;C:\Users\Makar\.m2\repository\commons-io\commons-io\2.15.1\commons-io-2.15.1.jar;C:\Users\Makar\.m2\repository\net\sourceforge\lept4j\lept4j\1.19.1\lept4j-1.19.1.jar;C:\Users\Makar\.m2\repository\org\jboss\jboss-vfs\3.2.17.Final\jboss-vfs-3.2.17.Final.jar;C:\Users\Makar\.m2\repository\org\jboss\logging\jboss-logging\3.1.4.GA\jboss-logging-3.1.4.GA.jar
Launcher Type: SUN_STANDARD

[Global flags]
     intx CICompilerCount                          = 4                                         {product} {ergonomic}
     uint ConcGCThreads                            = 3                                         {product} {ergonomic}
     uint G1ConcRefinementThreads                  = 10                                        {product} {ergonomic}
   size_t G1HeapRegionSize                         = 2097152                                   {product} {ergonomic}
    uintx GCDrainStackTargetSize                   = 64                                        {product} {ergonomic}
   size_t InitialHeapSize                          = 264241152                                 {product} {ergonomic}
   size_t MarkStackSize                            = 4194304                                   {product} {ergonomic}
   size_t MaxHeapSize                              = 4223664128                                {product} {ergonomic}
   size_t MaxNewSize                               = 2533359616                                {product} {ergonomic}
   size_t MinHeapDeltaBytes                        = 2097152                                   {product} {ergonomic}
   size_t MinHeapSize                              = 8388608                                   {product} {ergonomic}
    uintx NonNMethodCodeHeapSize                   = 5839372                                {pd product} {ergonomic}
    uintx NonProfiledCodeHeapSize                  = 122909434                              {pd product} {ergonomic}
    uintx ProfiledCodeHeapSize                     = 122909434                              {pd product} {ergonomic}
    uintx ReservedCodeCacheSize                    = 251658240                              {pd product} {ergonomic}
     bool SegmentedCodeCache                       = true                                      {product} {ergonomic}
   size_t SoftMaxHeapSize                          = 4223664128                             {manageable} {ergonomic}
     bool UseCompressedOops                        = true                           {product lp64_product} {ergonomic}
     bool UseG1GC                                  = true                                      {product} {ergonomic}
     bool UseLargePagesIndividualAllocation        = false                                  {pd product} {ergonomic}

Logging:
Log output configuration:
 #0: stdout all=warning uptime,level,tags foldmultilines=false
 #1: stderr all=off uptime,level,tags foldmultilines=false

Environment Variables:
JAVA_HOME=C:\Java\jdk-22.0.2
PATH=C:\Program Files (x86)\VMware\VMware Workstation\bin\;C:\Program Files\Python310\Scripts\;C:\Program Files\Python310\;C:\Program Files\Common Files\Oracle\Java\javapath;C:\Program Files (x86)\Common Files\Oracle\Java\javapath;C:\Windows\system32;C:\Windows;C:\Windows\System32\Wbem;C:\Windows\System32\WindowsPowerShell\v1.0\;C:\Windows\System32\OpenSSH\;C:\Python;C:\Program Files\swipl\bin;C:\Program Files\Apache\Maven\apache-maven-3.9.9\bin;C:\Program Files\Ampps\php;C:\Program Files\PostgreSQL\17\bin;C:\msys64\mingw64\bin;C:\Program Files\Git\cmd;C:\Program Files\nodejs\;C:\Program Files\MATLAB\R2023a\runtime\win64;C:\Program Files\MATLAB\R2023a\bin;C:\Program Files\dotnet\;C:\Program Files\Microsoft SQL Server\110\Tools\Binn\;C:\Program Files\AmneziaWG\;C:\Program Files\Pieces for Developers;C:\Program Files\PostgreSQL\18\bin;C:\Users\Makar\AppData\Roaming\local\bin;C:\Program Files\MySQL\MySQL Shell 8.0\bin\;C:\Python\Scripts\;C:\Python\;C:\Users\Makar\AppData\Local\Programs\Python\Launcher\;C:\Users\Makar\AppData\Local\Microsoft\WindowsApps;C:\Program Files\JetBrains\PyCharm Community Edition 2024.1.3\bin;;C:\Program Files\JetBrains\IntelliJ IDEA Community Edition 2024.2.3\bin;;C:\ghcup\bin;C:\Program Files\JetBrains\IntelliJ IDEA 2024.2.3\bin;;C:\Users\Makar\AppData\Roaming\npm;C:\Users\Makar\AppData\Local\Programs\Microsoft VS Code\bin
USERNAME=Makar
OS=Windows_NT
PROCESSOR_IDENTIFIER=Intel64 Family 6 Model 154 Stepping 3, GenuineIntel
TMP=C:\Users\Makar\AppData\Local\Temp
TEMP=C:\Users\Makar\AppData\Local\Temp




Periodic native trim disabled

---------------  S Y S T E M  ---------------

OS:
 Windows 10 , 64 bit Build 19041 (10.0.19041.5915)
OS uptime: 2 days 2:24 hours
Hyper-V role detected

CPU: total 12 (initial active 12) (6 cores per cpu, 2 threads per core) family 6 model 154 stepping 3 microcode 0x42c, cx8, cmov, fxsr, ht, mmx, 3dnowpref, sse, sse2, sse3, ssse3, sse4.1, sse4.2, popcnt, lzcnt, tsc, tscinvbit, avx, avx2, aes, erms, clmul, bmi1, bmi2, adx, sha, fma, vzeroupper, clflush, clflushopt, clwb, hv, rdtscp, rdpid, fsrm, f16c, cet_ibt, cet_ss
Processor Information for processor 0
  Max Mhz: 2000, Current Mhz: 2000, Mhz Limit: 2000
Processor Information for processor 1
  Max Mhz: 2000, Current Mhz: 2000, Mhz Limit: 2000
Processor Information for processor 2
  Max Mhz: 2000, Current Mhz: 2000, Mhz Limit: 2000
Processor Information for processor 3
  Max Mhz: 2000, Current Mhz: 2000, Mhz Limit: 2000
Processor Information for processor 4
  Max Mhz: 2000, Current Mhz: 2000, Mhz Limit: 2000
Processor Information for processor 5
  Max Mhz: 2000, Current Mhz: 2000, Mhz Limit: 2000
Processor Information for processor 6
  Max Mhz: 2000, Current Mhz: 2000, Mhz Limit: 2000
Processor Information for processor 7
  Max Mhz: 2000, Current Mhz: 2000, Mhz Limit: 2000
Processor Information for processor 8
  Max Mhz: 2000, Current Mhz: 1500, Mhz Limit: 1500
Processor Information for processor 9
  Max Mhz: 2000, Current Mhz: 1500, Mhz Limit: 1500
Processor Information for processor 10
  Max Mhz: 2000, Current Mhz: 1500, Mhz Limit: 1500
Processor Information for processor 11
  Max Mhz: 2000, Current Mhz: 1500, Mhz Limit: 1500

Memory: 4k page, system-wide physical 16108M (2569M free)
TotalPageFile size 30281M (AvailPageFile size 4778M)
current process WorkingSet (physical memory assigned to process): 990M, peak: 991M
current process commit charge ("private bytes"): 1176M, peak: 1176M

vm_info: OpenJDK 64-Bit Server VM (21.0.8+9-LTS) for windows-amd64 JRE (21.0.8+9-LTS), built on 2025-07-10T20:22:44Z by "MicrosoftCorporation" with unknown MS VC++:1944

END.
